    0.014 D MultiMC 5, (c) 2013-2015 MultiMC Contributors
    0.015 D Version                    :  "0.4.11-751"
    0.015 D Git commit                 :  "a3cd3d5ff18215a475ed6b5f231f3f02ccd668f7"
    0.015 D Git refspec                :  "refs/heads/stable"
    0.015 D Work dir before adjustment :  "C:/Users/Matt Hermes/Desktop/Ozone-Modified"
    0.015 D Work dir after adjustment  :  "C:/Users/Matt Hermes/Desktop/Ozone-Modified"
    0.015 D Adjusted by                :  "Command line C:/Users/Matt Hermes/Desktop/Ozone-Modified"
    0.015 D Binary path                :  "C:/Users/Matt Hermes/Desktop/Ozone-Modified"
    0.024 D Application root path      :  "C:/Users/Matt Hermes/Desktop/Ozone-Modified"
    0.026 D Detected default console font: "Courier" , substitutions: ""
    0.026 D FTB Launcher paths: "C:/Users/Matt Hermes/AppData/Roaming/ftblauncher" and "C:/Users/Matt Hermes/AppData/Local/ftblauncher"
    0.026 D Your language is "en"
    0.293 W libpng warning: iCCP: known incorrect sRGB profile
    0.301 D Started watching  "C:/Users/Matt Hermes/Desktop/Ozone-Modified/icons"
    0.301 D Instance path              :  "instances"
    0.301 D Loading Instances...
    0.304 D Loading MultiMC instance from  "instances/1.7.10"
    0.307 D Loaded instance  "Project Ozone 2"  from  "C:/Users/Matt Hermes/Desktop/Ozone-Modified/instances/1.7.10"
    0.307 D Loading accounts...
    0.313 D Detecting proxy settings...
    0.313 D Using no proxy is an option!
    0.313 D Downloading Translations Index...
    0.313 D "Translations Index"  started.
    0.360 D "Status JSON"  started.
    0.367 D "Startup player skins download"  started.
    0.367 D Loading builtin version list.
    0.368 W Blacklisted legacy version ignored:  "rd-160052"
    0.370 D Loading local version list.
    0.370 D Loaded version "1.7.10" from local version list.
    0.914 D Reloading news.
    0.914 D "News RSS Feed"  started.
    0.914 D Checking for updates.
    0.914 D Channel list isn't loaded yet. Loading channel list and deferring update check.
    0.914 D Loading the channel list.
    0.915 D "Update System Channel List"  started.
    0.915 D "Checking for notifications"  started.
    0.986 D Downloading  "http://files.multimc.org/translations/index"
    0.987 D Downloading  "http://status.mojang.com/check"
    0.988 D Downloading  "https://crafatar.com/skins/83d3619aa3dd4813a289a1dc0645a160.png"
    0.989 D Downloading  "https://crafatar.com/skins/7455223fb79e483e926a6985498fb29a.png"
    0.989 D Downloading  "http://multimc.org/rss.xml"
    0.989 D Downloading  "http://files.multimc.org/update/win32/channels.json"
    0.990 D Downloading  "http://files.multimc.org/notifications.json"
    1.143 D Following redirect to  "https://multimc.org/rss.xml"
    1.143 D Downloading  "https://multimc.org/rss.xml"
    1.232 C "Failed to load LWJGL list. XML error: error occurred while parsing element at line 2"
    1.244 D "Status JSON" succeeded.
    1.244 D Task succeeded
    1.244 D Finished loading status JSON.
    1.244 D Status loading succeeded.
    1.304 D Loading remote version list.
    1.305 D Loaded version "16w38a" from remote version list.
    1.305 D Loaded version "16w36a" from remote version list.
    1.305 D Loaded version "16w35a" from remote version list.
    1.305 D Loaded version "16w33a" from remote version list.
    1.305 D Loaded version "16w32b" from remote version list.
    1.305 D Loaded version "1.10.2" from remote version list.
    1.305 D Loaded version "1.10.1" from remote version list.
    1.305 D Loaded version "1.10" from remote version list.
    1.305 D Loaded version "16w21b" from remote version list.
    1.305 D Loaded version "16w20a" from remote version list.
    1.305 D Loaded version "1.9.4" from remote version list.
    1.305 D Loaded version "1.9.3" from remote version list.
    1.305 D Loaded version "16w15b" from remote version list.
    1.305 D Loaded version "16w14a" from remote version list.
    1.305 D Loaded version "1.9.2" from remote version list.
    1.305 D Loaded version "1.9.1" from remote version list.
    1.306 D Loaded version "1.9" from remote version list.
    1.306 D Loaded version "1.8.9" from remote version list.
    1.306 D Loaded version "1.8.8" from remote version list.
    1.306 D Loaded version "1.8.7" from remote version list.
    1.306 D Loaded version "1.8.6" from remote version list.
    1.306 D Loaded version "1.8.5" from remote version list.
    1.306 D Loaded version "1.8.4" from remote version list.
    1.306 D Loaded version "1.8.3" from remote version list.
    1.306 D Loaded version "1.8.2" from remote version list.
    1.306 D Loaded version "1.8.1" from remote version list.
    1.306 D Loaded version "1.8" from remote version list.
    1.306 D Loaded version "1.7.10" from remote version list.
    1.306 D Loaded version "1.7.9" from remote version list.
    1.306 D Loaded version "1.7.8" from remote version list.
    1.306 D Loaded version "1.7.7" from remote version list.
    1.306 D Loaded version "1.7.6" from remote version list.
    1.306 D Loaded version "1.7.5" from remote version list.
    1.306 D Loaded version "1.7.4" from remote version list.
    1.306 D Loaded version "1.7.3" from remote version list.
    1.306 D Loaded version "1.7.2" from remote version list.
    1.306 D Loaded version "1.6.4" from remote version list.
    1.306 D Loaded version "1.6.2" from remote version list.
    1.306 D Loaded version "1.6.1" from remote version list.
    1.306 W Blacklisted legacy version ignored:  "rd-160052"
    1.307 D Task succeeded
    1.414 D "Update System Channel List" succeeded.
    1.415 D Task succeeded
    1.415 D Successfully loaded UpdateChecker channel list.
    1.415 D Checking for updates.
    1.415 D m_repoUrl =  "http://files.multimc.org/update/win32/stable/"
    1.415 D "GoUpdate Repository Index"  started.
    1.450 D "Checking for notifications" succeeded.
    1.450 D Task succeeded
    1.450 D Downloading  "http://files.multimc.org/update/win32/stable/index.json"
    1.450 D "Translations Index" succeeded.
    1.450 D Task succeeded
    1.450 D Got translations index!
    1.452 D "Translations"  started.
    1.453 D Downloading  "http://files.multimc.org/translations/bg.qm"
    1.454 D Downloading  "http://files.multimc.org/translations/cs.qm"
    1.454 D Downloading  "http://files.multimc.org/translations/de.qm"
    1.455 D Downloading  "http://files.multimc.org/translations/es.qm"
    1.456 D Downloading  "http://files.multimc.org/translations/fi.qm"
    1.458 D Downloading  "http://files.multimc.org/translations/fr.qm"
    1.462 D "Startup player skins download" succeeded.
    1.463 D Task succeeded
    1.489 D Downloading  "http://files.multimc.org/translations/it.qm"
    1.490 D Downloading  "http://files.multimc.org/translations/ja.qm"
    1.521 D Downloading  "http://files.multimc.org/translations/ko.qm"
    1.527 D Downloading  "http://files.multimc.org/translations/nb.qm"
    1.533 D Downloading  "http://files.multimc.org/translations/nl.qm"
    1.534 D Downloading  "http://files.multimc.org/translations/pl.qm"
    1.537 D Downloading  "http://files.multimc.org/translations/pt_BR.qm"
    1.554 D Downloading  "http://files.multimc.org/translations/pt_PT.qm"
    1.560 D Downloading  "http://files.multimc.org/translations/ru.qm"
    1.565 D Downloading  "http://files.multimc.org/translations/sv.qm"
    1.573 D Downloading  "http://files.multimc.org/translations/tr.qm"
    1.576 D Downloading  "http://files.multimc.org/translations/zh.qm"
    1.585 D Downloading  "http://files.multimc.org/translations/zh_TW.qm"
    1.612 D "GoUpdate Repository Index" succeeded.
    1.612 D Task succeeded
    1.612 D Finished downloading repo index. Checking for new versions.
    1.612 D Processing repository version list.
    1.623 D "Translations" succeeded.
    1.623 D Task succeeded
    1.623 D Got translations!
    1.702 D "News RSS Feed" succeeded.
    1.702 D Task succeeded
    1.702 D Finished loading RSS feed.
    1.702 D Loaded news entry "Update to 0.4.11 - OSX 10.7 fix and workaround for Minecraft 1.9 compatibility"
    1.702 D Loaded news entry "Update to 0.4.10 - Another wifi fix"
    1.702 D Loaded news entry "Update to 0.4.9 - the Windows wifi fix"
    1.703 D Loaded news entry "Update to 0.4.8"
    1.703 D Loaded news entry "Update to 0.4.7, what 0.4.6 should have been."
    1.703 D Loaded news entry "Update to 0.4.6, Bug fixes and improvements!"
    1.703 D Loaded news entry "Update to 0.4.5, Translations, Themes, and Technic"
    1.703 D Loaded news entry "Version 0.4 out - Jar mods, UI changes, and more!"
    1.703 D Loaded news entry "Introducing QuickMods - A better way to install mods"
    1.703 D Loaded news entry "Support us on Patreon!"
    1.703 D News loading succeeded.
   42.174 D Processing authentication response.
   42.174 D Getting new access token.
   42.174 D Finished reading refresh response.
   42.174 D Task succeeded
   42.174 D Writing account list to "accounts.json"
   42.174 D Building JSON data structure.
   42.174 D Building account array.
   42.174 D Writing account list to file.
   42.176 D Saved account list to "accounts.json"
   43.249 W Order file doesn't exist. Ignoring.
   43.250 D Reading "net.minecraftforge.json"
   43.261 W Order file doesn't exist. Ignoring.
   43.261 D Reading "net.minecraftforge.json"
   43.467 C BAD stuff happened to mod json:
   43.467 C "{
  "modListVersion": 5,
  "modList": [{
    "modid": "aether",
    "name": "Aether II",
    "description": "In development by Gilded Games, the Aether II is an extensive mod for Minecraft which implements a remarkable world in the skies. Adventure, danger, and mystery awaits in the depths of the Aether.",
    "version": "1.7.10-1.6",
    "mcversion": "1.7.10",
    "url": "http://www.AetherII.com",
    "updateUrl": "",
    "authorList": [ "Brandon Pearce", "Emile van Krieken", "Oscar Payn", "Hugo Payn", "Brandon Potts", "Brendan Freeman", "Collin Soares", "Kino", "Jon Lachney" ],
    "credits": "Gilded Games, The Aether Team",
    "logoFile": "/assets/aether/logo.png",
    "requiredMods": [ "Forge", "gilded-games-util" ],
    "dependencies": [ "gilded-games-util" ],
    "useDependencyInformation": true
  }]
}
"
   45.703 W QWidget::setLayout: Attempting to set QLayout "" on ConsoleWindow "", which already has a layout
   45.734 D Task succeeded
   45.734 D Task succeeded
   45.735 D Task succeeded
   45.736 D "Version index"  started.
   45.756 D Downloading  "https://launchermeta.mojang.com/mc/game/016674e6940d040efe6df3a459a4fe10faaa6a40/1.7.10.json"
   46.255 D "Version index" succeeded.
   46.255 D Task succeeded
   46.368 D Task succeeded
   46.369 D "Project Ozone 2" : downloading libraries
   46.369 W Order file doesn't exist. Ignoring.
   46.369 D Reading "net.minecraftforge.json"
   46.373 D "Libraries for instance Project Ozone 2"  started.
   46.374 D "Libraries for instance Project Ozone 2" succeeded.
   46.374 D Task succeeded
   46.374 D "Project Ozone 2" : Starting asset index download
   46.374 D "Asset index for Project Ozone 2"  started.
   46.375 D Downloading  "http://s3.amazonaws.com/Minecraft.Download/indexes/1.7.10.json"
   46.595 D "Asset index for Project Ozone 2" succeeded.
   46.595 D Task succeeded
   46.595 D "Project Ozone 2" : Finished asset index download
   46.631 D Task succeeded
   46.631 D Task succeeded
   46.654 C BAD stuff happened to mod json:
   46.654 C "{
  "modListVersion": 5,
  "modList": [{
    "modid": "aether",
    "name": "Aether II",
    "description": "In development by Gilded Games, the Aether II is an extensive mod for Minecraft which implements a remarkable world in the skies. Adventure, danger, and mystery awaits in the depths of the Aether.",
    "version": "1.7.10-1.6",
    "mcversion": "1.7.10",
    "url": "http://www.AetherII.com",
    "updateUrl": "",
    "authorList": [ "Brandon Pearce", "Emile van Krieken", "Oscar Payn", "Hugo Payn", "Brandon Potts", "Brendan Freeman", "Collin Soares", "Kino", "Jon Lachney" ],
    "credits": "Gilded Games, The Aether Team",
    "logoFile": "/assets/aether/logo.png",
    "requiredMods": [ "Forge", "gilded-games-util" ],
    "dependencies": [ "gilded-games-util" ],
    "useDependencyInformation": true
  }]
}
"
   47.035 D reconstructAssets "assets" "assets/indexes" "assets/objects" "assets/virtual" "assets/virtual/1.7.10"
   47.040 D Env:  "FPS_BROWSER_APP_PROFILE_STRING" "Internet Explorer"
   47.040 D Env:  "HOMEDRIVE" "C:"
   47.040 D Env:  "FPS_BROWSER_USER_PROFILE_STRING" "Default"
   47.040 D Env:  "CommonProgramFiles" "C:\Program Files (x86)\Common Files"
   47.040 D Env:  "ProgramFiles(x86)" "C:\Program Files (x86)"
   47.040 D Env:  "LOCALAPPDATA" "C:\Users\Matt Hermes\AppData\Local"
   47.040 D Env:  "TEMP" "C:\Users\MATTHE~1\AppData\Local\Temp"
   47.040 D Env:  "ComSpec" "C:\Windows\system32\cmd.exe"
   47.040 D Env:  "USERDOMAIN" "DESKTOP-E0HRGE1"
   47.040 D Env:  "NUMBER_OF_PROCESSORS" "4"
   47.040 D Env:  "PATHEXT" ".COM;.EXE;.BAT;.CMD;.VBS;.VBE;.JS;.JSE;.WSF;.WSH;.MSC"
   47.040 D Env:  "ProgramW6432" "C:\Program Files"
   47.040 D Env:  "LOGONSERVER" "\\DESKTOP-E0HRGE1"
   47.040 D Env:  "USERPROFILE" "C:\Users\Matt Hermes"
   47.040 D Env:  "HOMEPATH" "\Users\Matt Hermes"
   47.040 D Env:  "windir" "C:\Windows"
   47.040 D Env:  "ALLUSERSPROFILE" "C:\ProgramData"
   47.040 D Env:  "PROCESSOR_ARCHITEW6432" "AMD64"
   47.040 D Env:  "ProgramFiles" "C:\Program Files (x86)"
   47.040 D Env:  "TMP" "C:\Users\MATTHE~1\AppData\Local\Temp"
   47.040 D Env:  "USERNAME" "Matt Hermes"
   47.040 D Env:  "SESSIONNAME" "Console"
   47.041 D Env:  "CommonProgramW6432" "C:\Program Files\Common Files"
   47.041 D Env:  "=::" "::\"
   47.041 D Env:  "Path" "C:\ProgramData\Oracle\Java\javapath;C:\Windows\system32;C:\Windows;C:\Windows\System32\Wbem;C:\Windows\System32\WindowsPowerShell\v1.0\;C:\Program Files (x86)\PuTTY\;C:\Program Files (x86)\NVIDIA Corporation\PhysX\Common;C:\Program Files (x86)\Skype\Phone\;C:\MinGW\bin;C:\Program Files\Git\cmd;C:\Program Files (x86)\Nmap"
   47.041 D Env:  "PROCESSOR_LEVEL" "6"
   47.041 D Env:  "PROCESSOR_IDENTIFIER" "Intel64 Family 6 Model 94 Stepping 3, GenuineIntel"
   47.041 D Env:  "PSModulePath" "C:\Program Files\WindowsPowerShell\Modules;C:\Windows\system32\WindowsPowerShell\v1.0\Modules;C:\Program Files\Intel\"
   47.041 D Env:  "SystemDrive" "C:"
   47.041 D Env:  "APPDATA" "C:\Users\Matt Hermes\AppData\Roaming"
   47.041 D Env:  "PUBLIC" "C:\Users\Public"
   47.041 D Env:  "PROCESSOR_REVISION" "5e03"
   47.041 D Env:  "PROCESSOR_ARCHITECTURE" "x86"
   47.041 D Env:  "OS" "Windows_NT"
   47.041 D Env:  "SystemRoot" "C:\Windows"
   47.041 D Env:  "USERDOMAIN_ROAMINGPROFILE" "DESKTOP-E0HRGE1"
   47.041 D Env:  "CommonProgramFiles(x86)" "C:\Program Files (x86)\Common Files"
   47.041 D Env:  "COMPUTERNAME" "DESKTOP-E0HRGE1"
   47.041 D Env:  "ProgramData" "C:\ProgramData"
   60.357 D "Status JSON"  started.
   60.357 D Downloading  "http://status.mojang.com/check"
   60.441 D "Status JSON" succeeded.
   60.441 D Task succeeded
   60.441 D Finished loading status JSON.
   60.441 D Status loading succeeded.
  120.354 D "Status JSON"  started.
  120.354 D Downloading  "http://status.mojang.com/check"
  120.441 D "Status JSON" succeeded.
  120.441 D Task succeeded
  120.441 D Finished loading status JSON.
  120.441 D Status loading succeeded.
  180.361 D "Status JSON"  started.
  180.361 D Downloading  "http://status.mojang.com/check"
  180.445 D "Status JSON" succeeded.
  180.445 D Task succeeded
  180.445 D Finished loading status JSON.
  180.445 D Status loading succeeded.
  240.367 D "Status JSON"  started.
  240.367 D Downloading  "http://status.mojang.com/check"
  240.451 D "Status JSON" succeeded.
  240.451 D Task succeeded
  240.451 D Finished loading status JSON.
  240.451 D Status loading succeeded.
  300.358 D "Status JSON"  started.
  300.358 D Downloading  "http://status.mojang.com/check"
  300.440 D "Status JSON" succeeded.
  300.440 D Task succeeded
  300.440 D Finished loading status JSON.
  300.441 D Status loading succeeded.
  360.356 D "Status JSON"  started.
  360.356 D Downloading  "http://status.mojang.com/check"
  360.440 D "Status JSON" succeeded.
  360.440 D Task succeeded
  360.440 D Finished loading status JSON.
  360.440 D Status loading succeeded.
  420.354 D "Status JSON"  started.
  420.354 D Downloading  "http://status.mojang.com/check"
  420.439 D "Status JSON" succeeded.
  420.439 D Task succeeded
  420.439 D Finished loading status JSON.
  420.439 D Status loading succeeded.
  480.352 D "Status JSON"  started.
  480.352 D Downloading  "http://status.mojang.com/check"
  480.440 D "Status JSON" succeeded.
  480.440 D Task succeeded
  480.440 D Finished loading status JSON.
  480.440 D Status loading succeeded.
  540.355 D "Status JSON"  started.
  540.355 D Downloading  "http://status.mojang.com/check"
  540.437 D "Status JSON" succeeded.
  540.437 D Task succeeded
  540.437 D Finished loading status JSON.
  540.437 D Status loading succeeded.
  600.356 D "Status JSON"  started.
  600.356 D Downloading  "http://status.mojang.com/check"
  600.440 D "Status JSON" succeeded.
  600.440 D Task succeeded
  600.440 D Finished loading status JSON.
  600.440 D Status loading succeeded.
  660.353 D "Status JSON"  started.
  660.353 D Downloading  "http://status.mojang.com/check"
  660.433 D "Status JSON" succeeded.
  660.433 D Task succeeded
  660.433 D Finished loading status JSON.
  660.433 D Status loading succeeded.
  720.354 D "Status JSON"  started.
  720.354 D Downloading  "http://status.mojang.com/check"
  720.440 D "Status JSON" succeeded.
  720.440 D Task succeeded
  720.440 D Finished loading status JSON.
  720.440 D Status loading succeeded.
  780.356 D "Status JSON"  started.
  780.356 D Downloading  "http://status.mojang.com/check"
  780.444 D "Status JSON" succeeded.
  780.445 D Task succeeded
  780.445 D Finished loading status JSON.
  780.445 D Status loading succeeded.
  840.357 D "Status JSON"  started.
  840.357 D Downloading  "http://status.mojang.com/check"
  840.439 D "Status JSON" succeeded.
  840.439 D Task succeeded
  840.439 D Finished loading status JSON.
  840.439 D Status loading succeeded.
  900.356 D "Status JSON"  started.
  900.356 D Downloading  "http://status.mojang.com/check"
  900.438 D "Status JSON" succeeded.
  900.438 D Task succeeded
  900.438 D Finished loading status JSON.
  900.438 D Status loading succeeded.
  960.358 D "Status JSON"  started.
  960.358 D Downloading  "http://status.mojang.com/check"
  960.442 D "Status JSON" succeeded.
  960.442 D Task succeeded
  960.442 D Finished loading status JSON.
  960.443 D Status loading succeeded.
 1020.354 D "Status JSON"  started.
 1020.354 D Downloading  "http://status.mojang.com/check"
 1020.442 D "Status JSON" succeeded.
 1020.442 D Task succeeded
 1020.442 D Finished loading status JSON.
 1020.442 D Status loading succeeded.
 1080.354 D "Status JSON"  started.
 1080.354 D Downloading  "http://status.mojang.com/check"
 1080.439 D "Status JSON" succeeded.
 1080.439 D Task succeeded
 1080.439 D Finished loading status JSON.
 1080.439 D Status loading succeeded.
 1140.352 D "Status JSON"  started.
 1140.352 D Downloading  "http://status.mojang.com/check"
 1140.437 D "Status JSON" succeeded.
 1140.437 D Task succeeded
 1140.437 D Finished loading status JSON.
 1140.437 D Status loading succeeded.
 1200.363 D "Status JSON"  started.
 1200.363 D Downloading  "http://status.mojang.com/check"
 1200.446 D "Status JSON" succeeded.
 1200.446 D Task succeeded
 1200.446 D Finished loading status JSON.
 1200.446 D Status loading succeeded.
 1260.356 D "Status JSON"  started.
 1260.356 D Downloading  "http://status.mojang.com/check"
 1260.442 D "Status JSON" succeeded.
 1260.442 D Task succeeded
 1260.442 D Finished loading status JSON.
 1260.442 D Status loading succeeded.
 1320.356 D "Status JSON"  started.
 1320.356 D Downloading  "http://status.mojang.com/check"
 1320.437 D "Status JSON" succeeded.
 1320.437 D Task succeeded
 1320.437 D Finished loading status JSON.
 1320.437 D Status loading succeeded.
 1380.353 D "Status JSON"  started.
 1380.353 D Downloading  "http://status.mojang.com/check"
 1380.437 D "Status JSON" succeeded.
 1380.437 D Task succeeded
 1380.437 D Finished loading status JSON.
 1380.437 D Status loading succeeded.
 1440.356 D "Status JSON"  started.
 1440.356 D Downloading  "http://status.mojang.com/check"
 1440.438 D "Status JSON" succeeded.
 1440.438 D Task succeeded
 1440.438 D Finished loading status JSON.
 1440.438 D Status loading succeeded.
 1500.354 D "Status JSON"  started.
 1500.354 D Downloading  "http://status.mojang.com/check"
 1500.437 D "Status JSON" succeeded.
 1500.437 D Task succeeded
 1500.437 D Finished loading status JSON.
 1500.437 D Status loading succeeded.
 1560.353 D "Status JSON"  started.
 1560.353 D Downloading  "http://status.mojang.com/check"
 1560.435 D "Status JSON" succeeded.
 1560.435 D Task succeeded
 1560.435 D Finished loading status JSON.
 1560.435 D Status loading succeeded.
 1620.357 D "Status JSON"  started.
 1620.357 D Downloading  "http://status.mojang.com/check"
 1620.439 D "Status JSON" succeeded.
 1620.439 D Task succeeded
 1620.439 D Finished loading status JSON.
 1620.439 D Status loading succeeded.
 1680.353 D "Status JSON"  started.
 1680.353 D Downloading  "http://status.mojang.com/check"
 1680.436 D "Status JSON" succeeded.
 1680.436 D Task succeeded
 1680.436 D Finished loading status JSON.
 1680.436 D Status loading succeeded.
 1740.354 D "Status JSON"  started.
 1740.354 D Downloading  "http://status.mojang.com/check"
 1740.435 D "Status JSON" succeeded.
 1740.435 D Task succeeded
 1740.435 D Finished loading status JSON.
 1740.435 D Status loading succeeded.
 1800.356 D "Status JSON"  started.
 1800.356 D Downloading  "http://status.mojang.com/check"
 1800.442 D "Status JSON" succeeded.
 1800.442 D Task succeeded
 1800.442 D Finished loading status JSON.
 1800.442 D Status loading succeeded.
 1860.357 D "Status JSON"  started.
 1860.357 D Downloading  "http://status.mojang.com/check"
 1860.441 D "Status JSON" succeeded.
 1860.441 D Task succeeded
 1860.441 D Finished loading status JSON.
 1860.441 D Status loading succeeded.
 1920.356 D "Status JSON"  started.
 1920.356 D Downloading  "http://status.mojang.com/check"
 1920.441 D "Status JSON" succeeded.
 1920.441 D Task succeeded
 1920.441 D Finished loading status JSON.
 1920.441 D Status loading succeeded.
 1980.356 D "Status JSON"  started.
 1980.356 D Downloading  "http://status.mojang.com/check"
 1980.438 D "Status JSON" succeeded.
 1980.438 D Task succeeded
 1980.438 D Finished loading status JSON.
 1980.438 D Status loading succeeded.
 2040.353 D "Status JSON"  started.
 2040.353 D Downloading  "http://status.mojang.com/check"
 2040.437 D "Status JSON" succeeded.
 2040.437 D Task succeeded
 2040.437 D Finished loading status JSON.
 2040.438 D Status loading succeeded.
 2100.354 D "Status JSON"  started.
 2100.354 D Downloading  "http://status.mojang.com/check"
 2100.436 D "Status JSON" succeeded.
 2100.436 D Task succeeded
 2100.436 D Finished loading status JSON.
 2100.436 D Status loading succeeded.
 2160.358 D "Status JSON"  started.
 2160.358 D Downloading  "http://status.mojang.com/check"
 2160.439 D "Status JSON" succeeded.
 2160.439 D Task succeeded
 2160.439 D Finished loading status JSON.
 2160.439 D Status loading succeeded.
 2220.355 D "Status JSON"  started.
 2220.355 D Downloading  "http://status.mojang.com/check"
 2220.437 D "Status JSON" succeeded.
 2220.437 D Task succeeded
 2220.437 D Finished loading status JSON.
 2220.437 D Status loading succeeded.
 2280.355 D "Status JSON"  started.
 2280.355 D Downloading  "http://status.mojang.com/check"
 2280.436 D "Status JSON" succeeded.
 2280.436 D Task succeeded
 2280.436 D Finished loading status JSON.
 2280.436 D Status loading succeeded.
 2340.356 D "Status JSON"  started.
 2340.356 D Downloading  "http://status.mojang.com/check"
 2340.440 D "Status JSON" succeeded.
 2340.440 D Task succeeded
 2340.440 D Finished loading status JSON.
 2340.440 D Status loading succeeded.
 2400.358 D "Status JSON"  started.
 2400.358 D Downloading  "http://status.mojang.com/check"
 2400.439 D "Status JSON" succeeded.
 2400.439 D Task succeeded
 2400.439 D Finished loading status JSON.
 2400.439 D Status loading succeeded.
 2460.355 D "Status JSON"  started.
 2460.355 D Downloading  "http://status.mojang.com/check"
 2460.439 D "Status JSON" succeeded.
 2460.440 D Task succeeded
 2460.440 D Finished loading status JSON.
 2460.440 D Status loading succeeded.
 2520.356 D "Status JSON"  started.
 2520.356 D Downloading  "http://status.mojang.com/check"
 2520.447 D "Status JSON" succeeded.
 2520.447 D Task succeeded
 2520.447 D Finished loading status JSON.
 2520.447 D Status loading succeeded.
 2580.353 D "Status JSON"  started.
 2580.354 D Downloading  "http://status.mojang.com/check"
 2580.437 D "Status JSON" succeeded.
 2580.437 D Task succeeded
 2580.437 D Finished loading status JSON.
 2580.437 D Status loading succeeded.
 2640.355 D "Status JSON"  started.
 2640.355 D Downloading  "http://status.mojang.com/check"
 2640.436 D "Status JSON" succeeded.
 2640.436 D Task succeeded
 2640.437 D Finished loading status JSON.
 2640.437 D Status loading succeeded.
 2700.353 D "Status JSON"  started.
 2700.353 D Downloading  "http://status.mojang.com/check"
 2700.449 D "Status JSON" succeeded.
 2700.449 D Task succeeded
 2700.449 D Finished loading status JSON.
 2700.449 D Status loading succeeded.
 2760.356 D "Status JSON"  started.
 2760.356 D Downloading  "http://status.mojang.com/check"
 2760.441 D "Status JSON" succeeded.
 2760.441 D Task succeeded
 2760.441 D Finished loading status JSON.
 2760.441 D Status loading succeeded.
 2820.355 D "Status JSON"  started.
 2820.355 D Downloading  "http://status.mojang.com/check"
 2820.437 D "Status JSON" succeeded.
 2820.437 D Task succeeded
 2820.437 D Finished loading status JSON.
 2820.437 D Status loading succeeded.
 2880.355 D "Status JSON"  started.
 2880.355 D Downloading  "http://status.mojang.com/check"
 2880.436 D "Status JSON" succeeded.
 2880.436 D Task succeeded
 2880.436 D Finished loading status JSON.
 2880.436 D Status loading succeeded.
 2940.359 D "Status JSON"  started.
 2940.359 D Downloading  "http://status.mojang.com/check"
 2940.441 D "Status JSON" succeeded.
 2940.441 D Task succeeded
 2940.441 D Finished loading status JSON.
 2940.441 D Status loading succeeded.
 3000.355 D "Status JSON"  started.
 3000.355 D Downloading  "http://status.mojang.com/check"
 3000.446 D "Status JSON" succeeded.
 3000.446 D Task succeeded
 3000.446 D Finished loading status JSON.
 3000.446 D Status loading succeeded.
 3060.356 D "Status JSON"  started.
 3060.356 D Downloading  "http://status.mojang.com/check"
 3060.437 D "Status JSON" succeeded.
 3060.438 D Task succeeded
 3060.438 D Finished loading status JSON.
 3060.438 D Status loading succeeded.
 3120.354 D "Status JSON"  started.
 3120.354 D Downloading  "http://status.mojang.com/check"
 3120.434 D "Status JSON" succeeded.
 3120.434 D Task succeeded
 3120.434 D Finished loading status JSON.
 3120.434 D Status loading succeeded.
 3180.355 D "Status JSON"  started.
 3180.355 D Downloading  "http://status.mojang.com/check"
 3180.448 D "Status JSON" succeeded.
 3180.448 D Task succeeded
 3180.448 D Finished loading status JSON.
 3180.448 D Status loading succeeded.
 3240.354 D "Status JSON"  started.
 3240.354 D Downloading  "http://status.mojang.com/check"
 3240.436 D "Status JSON" succeeded.
 3240.436 D Task succeeded
 3240.436 D Finished loading status JSON.
 3240.436 D Status loading succeeded.
 3300.354 D "Status JSON"  started.
 3300.354 D Downloading  "http://status.mojang.com/check"
 3300.438 D "Status JSON" succeeded.
 3300.438 D Task succeeded
 3300.438 D Finished loading status JSON.
 3300.438 D Status loading succeeded.
 3360.354 D "Status JSON"  started.
 3360.354 D Downloading  "http://status.mojang.com/check"
 3360.438 D "Status JSON" succeeded.
 3360.438 D Task succeeded
 3360.438 D Finished loading status JSON.
 3360.438 D Status loading succeeded.
 3420.352 D "Status JSON"  started.
 3420.352 D Downloading  "http://status.mojang.com/check"
 3420.437 D "Status JSON" succeeded.
 3420.437 D Task succeeded
 3420.437 D Finished loading status JSON.
 3420.437 D Status loading succeeded.
 3480.354 D "Status JSON"  started.
 3480.354 D Downloading  "http://status.mojang.com/check"
 3480.438 D "Status JSON" succeeded.
 3480.438 D Task succeeded
 3480.438 D Finished loading status JSON.
 3480.438 D Status loading succeeded.
 3540.354 D "Status JSON"  started.
 3540.354 D Downloading  "http://status.mojang.com/check"
 3540.435 D "Status JSON" succeeded.
 3540.435 D Task succeeded
 3540.435 D Finished loading status JSON.
 3540.435 D Status loading succeeded.
 3600.354 D "Status JSON"  started.
 3600.354 D Downloading  "http://status.mojang.com/check"
 3600.439 D "Status JSON" succeeded.
 3600.439 D Task succeeded
 3600.439 D Finished loading status JSON.
 3600.439 D Status loading succeeded.
 3660.354 D "Status JSON"  started.
 3660.354 D Downloading  "http://status.mojang.com/check"
 3660.436 D "Status JSON" succeeded.
 3660.436 D Task succeeded
 3660.436 D Finished loading status JSON.
 3660.436 D Status loading succeeded.
 3720.354 D "Status JSON"  started.
 3720.354 D Downloading  "http://status.mojang.com/check"
 3720.438 D "Status JSON" succeeded.
 3720.438 D Task succeeded
 3720.438 D Finished loading status JSON.
 3720.438 D Status loading succeeded.
 3780.358 D "Status JSON"  started.
 3780.358 D Downloading  "http://status.mojang.com/check"
 3780.440 D "Status JSON" succeeded.
 3780.440 D Task succeeded
 3780.440 D Finished loading status JSON.
 3780.440 D Status loading succeeded.
 3840.355 D "Status JSON"  started.
 3840.355 D Downloading  "http://status.mojang.com/check"
 3840.445 D "Status JSON" succeeded.
 3840.445 D Task succeeded
 3840.445 D Finished loading status JSON.
 3840.445 D Status loading succeeded.
 3900.354 D "Status JSON"  started.
 3900.354 D Downloading  "http://status.mojang.com/check"
 3900.438 D "Status JSON" succeeded.
 3900.438 D Task succeeded
 3900.438 D Finished loading status JSON.
 3900.438 D Status loading succeeded.
 3960.354 D "Status JSON"  started.
 3960.354 D Downloading  "http://status.mojang.com/check"
 3960.438 D "Status JSON" succeeded.
 3960.438 D Task succeeded
 3960.438 D Finished loading status JSON.
 3960.438 D Status loading succeeded.
 4020.353 D "Status JSON"  started.
 4020.353 D Downloading  "http://status.mojang.com/check"
 4020.434 D "Status JSON" succeeded.
 4020.434 D Task succeeded
 4020.434 D Finished loading status JSON.
 4020.434 D Status loading succeeded.
 4080.358 D "Status JSON"  started.
 4080.358 D Downloading  "http://status.mojang.com/check"
 4080.439 D "Status JSON" succeeded.
 4080.439 D Task succeeded
 4080.439 D Finished loading status JSON.
 4080.439 D Status loading succeeded.
 4140.353 D "Status JSON"  started.
 4140.353 D Downloading  "http://status.mojang.com/check"
 4140.434 D "Status JSON" succeeded.
 4140.434 D Task succeeded
 4140.434 D Finished loading status JSON.
 4140.434 D Status loading succeeded.
 4200.354 D "Status JSON"  started.
 4200.354 D Downloading  "http://status.mojang.com/check"
 4200.438 D "Status JSON" succeeded.
 4200.438 D Task succeeded
 4200.438 D Finished loading status JSON.
 4200.438 D Status loading succeeded.
 4260.352 D "Status JSON"  started.
 4260.352 D Downloading  "http://status.mojang.com/check"
 4260.436 D "Status JSON" succeeded.
 4260.436 D Task succeeded
 4260.436 D Finished loading status JSON.
 4260.436 D Status loading succeeded.
 4320.355 D "Status JSON"  started.
 4320.355 D Downloading  "http://status.mojang.com/check"
 4320.438 D "Status JSON" succeeded.
 4320.438 D Task succeeded
 4320.438 D Finished loading status JSON.
 4320.438 D Status loading succeeded.
 4380.355 D "Status JSON"  started.
 4380.355 D Downloading  "http://status.mojang.com/check"
 4380.436 D "Status JSON" succeeded.
 4380.437 D Task succeeded
 4380.437 D Finished loading status JSON.
 4380.437 D Status loading succeeded.
 4440.353 D "Status JSON"  started.
 4440.353 D Downloading  "http://status.mojang.com/check"
 4440.434 D "Status JSON" succeeded.
 4440.434 D Task succeeded
 4440.434 D Finished loading status JSON.
 4440.434 D Status loading succeeded.
 4500.353 D "Status JSON"  started.
 4500.353 D Downloading  "http://status.mojang.com/check"
 4500.440 D "Status JSON" succeeded.
 4500.440 D Task succeeded
 4500.440 D Finished loading status JSON.
 4500.440 D Status loading succeeded.
 4560.353 D "Status JSON"  started.
 4560.353 D Downloading  "http://status.mojang.com/check"
 4560.435 D "Status JSON" succeeded.
 4560.435 D Task succeeded
 4560.435 D Finished loading status JSON.
 4560.436 D Status loading succeeded.
 4620.358 D "Status JSON"  started.
 4620.358 D Downloading  "http://status.mojang.com/check"
 4620.442 D "Status JSON" succeeded.
 4620.442 D Task succeeded
 4620.442 D Finished loading status JSON.
 4620.442 D Status loading succeeded.
 4680.355 D "Status JSON"  started.
 4680.355 D Downloading  "http://status.mojang.com/check"
 4680.441 D "Status JSON" succeeded.
 4680.441 D Task succeeded
 4680.441 D Finished loading status JSON.
 4680.441 D Status loading succeeded.
 4740.352 D "Status JSON"  started.
 4740.352 D Downloading  "http://status.mojang.com/check"
 4740.436 D "Status JSON" succeeded.
 4740.436 D Task succeeded
 4740.436 D Finished loading status JSON.
 4740.437 D Status loading succeeded.
 4800.353 D "Status JSON"  started.
 4800.353 D Downloading  "http://status.mojang.com/check"
 4800.439 D "Status JSON" succeeded.
 4800.439 D Task succeeded
 4800.439 D Finished loading status JSON.
 4800.439 D Status loading succeeded.
 4860.359 D "Status JSON"  started.
 4860.359 D Downloading  "http://status.mojang.com/check"
 4860.442 D "Status JSON" succeeded.
 4860.443 D Task succeeded
 4860.443 D Finished loading status JSON.
 4860.443 D Status loading succeeded.
 4920.359 D "Status JSON"  started.
 4920.359 D Downloading  "http://status.mojang.com/check"
 4920.443 D "Status JSON" succeeded.
 4920.443 D Task succeeded
 4920.443 D Finished loading status JSON.
 4920.443 D Status loading succeeded.
 4980.353 D "Status JSON"  started.
 4980.353 D Downloading  "http://status.mojang.com/check"
 4980.435 D "Status JSON" succeeded.
 4980.436 D Task succeeded
 4980.436 D Finished loading status JSON.
 4980.436 D Status loading succeeded.
 5040.352 D "Status JSON"  started.
 5040.352 D Downloading  "http://status.mojang.com/check"
 5040.437 D "Status JSON" succeeded.
 5040.437 D Task succeeded
 5040.437 D Finished loading status JSON.
 5040.437 D Status loading succeeded.
 5100.353 D "Status JSON"  started.
 5100.353 D Downloading  "http://status.mojang.com/check"
 5100.435 D "Status JSON" succeeded.
 5100.435 D Task succeeded
 5100.435 D Finished loading status JSON.
 5100.435 D Status loading succeeded.
 5160.360 D "Status JSON"  started.
 5160.360 D Downloading  "http://status.mojang.com/check"
 5160.444 D "Status JSON" succeeded.
 5160.444 D Task succeeded
 5160.444 D Finished loading status JSON.
 5160.444 D Status loading succeeded.
 5220.359 D "Status JSON"  started.
 5220.359 D Downloading  "http://status.mojang.com/check"
 5220.443 D "Status JSON" succeeded.
 5220.444 D Task succeeded
 5220.444 D Finished loading status JSON.
 5220.444 D Status loading succeeded.
 5280.357 D "Status JSON"  started.
 5280.357 D Downloading  "http://status.mojang.com/check"
 5280.439 D "Status JSON" succeeded.
 5280.439 D Task succeeded
 5280.439 D Finished loading status JSON.
 5280.439 D Status loading succeeded.
 5340.353 D "Status JSON"  started.
 5340.353 D Downloading  "http://status.mojang.com/check"
 5340.434 D "Status JSON" succeeded.
 5340.434 D Task succeeded
 5340.434 D Finished loading status JSON.
 5340.434 D Status loading succeeded.
 5400.353 D "Status JSON"  started.
 5400.353 D Downloading  "http://status.mojang.com/check"
 5400.437 D "Status JSON" succeeded.
 5400.437 D Task succeeded
 5400.437 D Finished loading status JSON.
 5400.437 D Status loading succeeded.
 5460.357 D "Status JSON"  started.
 5460.357 D Downloading  "http://status.mojang.com/check"
 5460.438 D "Status JSON" succeeded.
 5460.438 D Task succeeded
 5460.438 D Finished loading status JSON.
 5460.438 D Status loading succeeded.
 5520.355 D "Status JSON"  started.
 5520.355 D Downloading  "http://status.mojang.com/check"
 5520.440 D "Status JSON" succeeded.
 5520.440 D Task succeeded
 5520.440 D Finished loading status JSON.
 5520.440 D Status loading succeeded.
 5580.353 D "Status JSON"  started.
 5580.353 D Downloading  "http://status.mojang.com/check"
 5580.440 D "Status JSON" succeeded.
 5580.441 D Task succeeded
 5580.441 D Finished loading status JSON.
 5580.441 D Status loading succeeded.
 5640.352 D "Status JSON"  started.
 5640.352 D Downloading  "http://status.mojang.com/check"
 5640.437 D "Status JSON" succeeded.
 5640.437 D Task succeeded
 5640.437 D Finished loading status JSON.
 5640.437 D Status loading succeeded.
 5700.352 D "Status JSON"  started.
 5700.352 D Downloading  "http://status.mojang.com/check"
 5700.445 D "Status JSON" succeeded.
 5700.445 D Task succeeded
 5700.445 D Finished loading status JSON.
 5700.445 D Status loading succeeded.
 5760.357 D "Status JSON"  started.
 5760.357 D Downloading  "http://status.mojang.com/check"
 5760.447 D "Status JSON" succeeded.
 5760.447 D Task succeeded
 5760.447 D Finished loading status JSON.
 5760.447 D Status loading succeeded.
 5820.354 D "Status JSON"  started.
 5820.354 D Downloading  "http://status.mojang.com/check"
 5820.453 D "Status JSON" succeeded.
 5820.453 D Task succeeded
 5820.453 D Finished loading status JSON.
 5820.453 D Status loading succeeded.
 5880.354 D "Status JSON"  started.
 5880.355 D Downloading  "http://status.mojang.com/check"
 5880.439 D "Status JSON" succeeded.
 5880.439 D Task succeeded
 5880.439 D Finished loading status JSON.
 5880.439 D Status loading succeeded.
 5940.355 D "Status JSON"  started.
 5940.355 D Downloading  "http://status.mojang.com/check"
 5940.439 D "Status JSON" succeeded.
 5940.439 D Task succeeded
 5940.439 D Finished loading status JSON.
 5940.440 D Status loading succeeded.
 6000.356 D "Status JSON"  started.
 6000.356 D Downloading  "http://status.mojang.com/check"
 6000.441 D "Status JSON" succeeded.
 6000.441 D Task succeeded
 6000.441 D Finished loading status JSON.
 6000.441 D Status loading succeeded.
 6060.359 D "Status JSON"  started.
 6060.359 D Downloading  "http://status.mojang.com/check"
 6060.440 D "Status JSON" succeeded.
 6060.440 D Task succeeded
 6060.440 D Finished loading status JSON.
 6060.440 D Status loading succeeded.
 6120.353 D "Status JSON"  started.
 6120.353 D Downloading  "http://status.mojang.com/check"
 6120.438 D "Status JSON" succeeded.
 6120.438 D Task succeeded
 6120.438 D Finished loading status JSON.
 6120.438 D Status loading succeeded.
 6180.353 D "Status JSON"  started.
 6180.353 D Downloading  "http://status.mojang.com/check"
 6180.442 D "Status JSON" succeeded.
 6180.442 D Task succeeded
 6180.442 D Finished loading status JSON.
 6180.442 D Status loading succeeded.
 6240.354 D "Status JSON"  started.
 6240.354 D Downloading  "http://status.mojang.com/check"
 6240.452 D "Status JSON" succeeded.
 6240.452 D Task succeeded
 6240.452 D Finished loading status JSON.
 6240.452 D Status loading succeeded.
 6300.360 D "Status JSON"  started.
 6300.360 D Downloading  "http://status.mojang.com/check"
 6300.446 D "Status JSON" succeeded.
 6300.446 D Task succeeded
 6300.446 D Finished loading status JSON.
 6300.446 D Status loading succeeded.
 6360.353 D "Status JSON"  started.
 6360.353 D Downloading  "http://status.mojang.com/check"
 6360.443 D "Status JSON" succeeded.
 6360.443 D Task succeeded
 6360.443 D Finished loading status JSON.
 6360.443 D Status loading succeeded.
 6420.353 D "Status JSON"  started.
 6420.353 D Downloading  "http://status.mojang.com/check"
 6420.437 D "Status JSON" succeeded.
 6420.437 D Task succeeded
 6420.437 D Finished loading status JSON.
 6420.437 D Status loading succeeded.
 6480.352 D "Status JSON"  started.
 6480.352 D Downloading  "http://status.mojang.com/check"
 6480.438 D "Status JSON" succeeded.
 6480.438 D Task succeeded
 6480.438 D Finished loading status JSON.
 6480.438 D Status loading succeeded.
 6540.353 D "Status JSON"  started.
 6540.353 D Downloading  "http://status.mojang.com/check"
 6540.462 D "Status JSON" succeeded.
 6540.462 D Task succeeded
 6540.462 D Finished loading status JSON.
 6540.462 D Status loading succeeded.
 6600.358 D "Status JSON"  started.
 6600.358 D Downloading  "http://status.mojang.com/check"
 6600.441 D "Status JSON" succeeded.
 6600.441 D Task succeeded
 6600.441 D Finished loading status JSON.
 6600.441 D Status loading succeeded.
 6660.354 D "Status JSON"  started.
 6660.354 D Downloading  "http://status.mojang.com/check"
 6660.435 D "Status JSON" succeeded.
 6660.435 D Task succeeded
 6660.435 D Finished loading status JSON.
 6660.435 D Status loading succeeded.
 6720.354 D "Status JSON"  started.
 6720.354 D Downloading  "http://status.mojang.com/check"
 6720.441 D "Status JSON" succeeded.
 6720.441 D Task succeeded
 6720.441 D Finished loading status JSON.
 6720.441 D Status loading succeeded.
 6780.354 D "Status JSON"  started.
 6780.354 D Downloading  "http://status.mojang.com/check"
 6780.438 D "Status JSON" succeeded.
 6780.438 D Task succeeded
 6780.438 D Finished loading status JSON.
 6780.438 D Status loading succeeded.
 6840.355 D "Status JSON"  started.
 6840.355 D Downloading  "http://status.mojang.com/check"
 6840.439 D "Status JSON" succeeded.
 6840.439 D Task succeeded
 6840.439 D Finished loading status JSON.
 6840.439 D Status loading succeeded.
 6900.355 D "Status JSON"  started.
 6900.355 D Downloading  "http://status.mojang.com/check"
 6900.441 D "Status JSON" succeeded.
 6900.441 D Task succeeded
 6900.441 D Finished loading status JSON.
 6900.441 D Status loading succeeded.
 6960.356 D "Status JSON"  started.
 6960.356 D Downloading  "http://status.mojang.com/check"
 6960.440 D "Status JSON" succeeded.
 6960.440 D Task succeeded
 6960.440 D Finished loading status JSON.
 6960.440 D Status loading succeeded.
 7020.352 D "Status JSON"  started.
 7020.352 D Downloading  "http://status.mojang.com/check"
 7020.436 D "Status JSON" succeeded.
 7020.436 D Task succeeded
 7020.436 D Finished loading status JSON.
 7020.436 D Status loading succeeded.
 7080.355 D "Status JSON"  started.
 7080.355 D Downloading  "http://status.mojang.com/check"
 7080.440 D "Status JSON" succeeded.
 7080.440 D Task succeeded
 7080.440 D Finished loading status JSON.
 7080.440 D Status loading succeeded.
 7140.359 D "Status JSON"  started.
 7140.359 D Downloading  "http://status.mojang.com/check"
 7140.447 D "Status JSON" succeeded.
 7140.447 D Task succeeded
 7140.447 D Finished loading status JSON.
 7140.447 D Status loading succeeded.
 7200.356 D "Status JSON"  started.
 7200.356 D Downloading  "http://status.mojang.com/check"
 7200.444 D "Status JSON" succeeded.
 7200.444 D Task succeeded
 7200.444 D Finished loading status JSON.
 7200.444 D Status loading succeeded.
 7260.360 D "Status JSON"  started.
 7260.360 D Downloading  "http://status.mojang.com/check"
 7260.446 D "Status JSON" succeeded.
 7260.446 D Task succeeded
 7260.446 D Finished loading status JSON.
 7260.446 D Status loading succeeded.
 7320.358 D "Status JSON"  started.
 7320.358 D Downloading  "http://status.mojang.com/check"
 7320.444 D "Status JSON" succeeded.
 7320.444 D Task succeeded
 7320.444 D Finished loading status JSON.
 7320.444 D Status loading succeeded.
 7380.358 D "Status JSON"  started.
 7380.358 D Downloading  "http://status.mojang.com/check"
 7380.441 D "Status JSON" succeeded.
 7380.441 D Task succeeded
 7380.441 D Finished loading status JSON.
 7380.441 D Status loading succeeded.
 7440.356 D "Status JSON"  started.
 7440.356 D Downloading  "http://status.mojang.com/check"
 7440.438 D "Status JSON" succeeded.
 7440.438 D Task succeeded
 7440.438 D Finished loading status JSON.
 7440.438 D Status loading succeeded.
 7500.356 D "Status JSON"  started.
 7500.356 D Downloading  "http://status.mojang.com/check"
 7500.442 D "Status JSON" succeeded.
 7500.442 D Task succeeded
 7500.442 D Finished loading status JSON.
 7500.442 D Status loading succeeded.
 7560.355 D "Status JSON"  started.
 7560.355 D Downloading  "http://status.mojang.com/check"
 7560.440 D "Status JSON" succeeded.
 7560.440 D Task succeeded
 7560.440 D Finished loading status JSON.
 7560.440 D Status loading succeeded.
 7620.353 D "Status JSON"  started.
 7620.353 D Downloading  "http://status.mojang.com/check"
 7620.434 D "Status JSON" succeeded.
 7620.434 D Task succeeded
 7620.434 D Finished loading status JSON.
 7620.434 D Status loading succeeded.
 7680.354 D "Status JSON"  started.
 7680.354 D Downloading  "http://status.mojang.com/check"
 7680.436 D "Status JSON" succeeded.
 7680.436 D Task succeeded
 7680.436 D Finished loading status JSON.
 7680.436 D Status loading succeeded.
 7740.358 D "Status JSON"  started.
 7740.358 D Downloading  "http://status.mojang.com/check"
 7740.440 D "Status JSON" succeeded.
 7740.440 D Task succeeded
 7740.440 D Finished loading status JSON.
 7740.440 D Status loading succeeded.
 7800.353 D "Status JSON"  started.
 7800.353 D Downloading  "http://status.mojang.com/check"
 7800.437 D "Status JSON" succeeded.
 7800.437 D Task succeeded
 7800.437 D Finished loading status JSON.
 7800.437 D Status loading succeeded.
 7860.353 D "Status JSON"  started.
 7860.353 D Downloading  "http://status.mojang.com/check"
 7860.442 D "Status JSON" succeeded.
 7860.442 D Task succeeded
 7860.442 D Finished loading status JSON.
 7860.442 D Status loading succeeded.
 7920.354 D "Status JSON"  started.
 7920.354 D Downloading  "http://status.mojang.com/check"
 7920.438 D "Status JSON" succeeded.
 7920.438 D Task succeeded
 7920.438 D Finished loading status JSON.
 7920.438 D Status loading succeeded.
 7980.355 D "Status JSON"  started.
 7980.355 D Downloading  "http://status.mojang.com/check"
 7980.440 D "Status JSON" succeeded.
 7980.440 D Task succeeded
 7980.440 D Finished loading status JSON.
 7980.440 D Status loading succeeded.
 8040.356 D "Status JSON"  started.
 8040.356 D Downloading  "http://status.mojang.com/check"
 8040.438 D "Status JSON" succeeded.
 8040.439 D Task succeeded
 8040.439 D Finished loading status JSON.
 8040.439 D Status loading succeeded.
 8100.354 D "Status JSON"  started.
 8100.354 D Downloading  "http://status.mojang.com/check"
 8100.436 D "Status JSON" succeeded.
 8100.436 D Task succeeded
 8100.436 D Finished loading status JSON.
 8100.436 D Status loading succeeded.
 8160.354 D "Status JSON"  started.
 8160.354 D Downloading  "http://status.mojang.com/check"
 8160.439 D "Status JSON" succeeded.
 8160.439 D Task succeeded
 8160.439 D Finished loading status JSON.
 8160.439 D Status loading succeeded.
 8220.356 D "Status JSON"  started.
 8220.356 D Downloading  "http://status.mojang.com/check"
 8220.440 D "Status JSON" succeeded.
 8220.440 D Task succeeded
 8220.440 D Finished loading status JSON.
 8220.440 D Status loading succeeded.
 8280.356 D "Status JSON"  started.
 8280.356 D Downloading  "http://status.mojang.com/check"
 8280.440 D "Status JSON" succeeded.
 8280.440 D Task succeeded
 8280.440 D Finished loading status JSON.
 8280.440 D Status loading succeeded.
 8340.353 D "Status JSON"  started.
 8340.353 D Downloading  "http://status.mojang.com/check"
 8340.438 D "Status JSON" succeeded.
 8340.438 D Task succeeded
 8340.438 D Finished loading status JSON.
 8340.438 D Status loading succeeded.
 8400.355 D "Status JSON"  started.
 8400.355 D Downloading  "http://status.mojang.com/check"
 8400.438 D "Status JSON" succeeded.
 8400.438 D Task succeeded
 8400.438 D Finished loading status JSON.
 8400.438 D Status loading succeeded.
 8460.352 D "Status JSON"  started.
 8460.352 D Downloading  "http://status.mojang.com/check"
 8460.441 D "Status JSON" succeeded.
 8460.442 D Task succeeded
 8460.442 D Finished loading status JSON.
 8460.442 D Status loading succeeded.
 8520.357 D "Status JSON"  started.
 8520.357 D Downloading  "http://status.mojang.com/check"
 8520.438 D "Status JSON" succeeded.
 8520.438 D Task succeeded
 8520.438 D Finished loading status JSON.
 8520.438 D Status loading succeeded.
 8580.353 D "Status JSON"  started.
 8580.353 D Downloading  "http://status.mojang.com/check"
 8580.439 D "Status JSON" succeeded.
 8580.439 D Task succeeded
 8580.439 D Finished loading status JSON.
 8580.439 D Status loading succeeded.
 8640.355 D "Status JSON"  started.
 8640.355 D Downloading  "http://status.mojang.com/check"
 8640.440 D "Status JSON" succeeded.
 8640.440 D Task succeeded
 8640.440 D Finished loading status JSON.
 8640.440 D Status loading succeeded.
 8700.352 D "Status JSON"  started.
 8700.353 D Downloading  "http://status.mojang.com/check"
 8700.435 D "Status JSON" succeeded.
 8700.435 D Task succeeded
 8700.435 D Finished loading status JSON.
 8700.435 D Status loading succeeded.
 8760.354 D "Status JSON"  started.
 8760.354 D Downloading  "http://status.mojang.com/check"
 8760.437 D "Status JSON" succeeded.
 8760.437 D Task succeeded
 8760.437 D Finished loading status JSON.
 8760.437 D Status loading succeeded.
 8820.354 D "Status JSON"  started.
 8820.354 D Downloading  "http://status.mojang.com/check"
 8820.436 D "Status JSON" succeeded.
 8820.436 D Task succeeded
 8820.436 D Finished loading status JSON.
 8820.436 D Status loading succeeded.
 8880.355 D "Status JSON"  started.
 8880.355 D Downloading  "http://status.mojang.com/check"
 8880.437 D "Status JSON" succeeded.
 8880.437 D Task succeeded
 8880.437 D Finished loading status JSON.
 8880.437 D Status loading succeeded.
 8940.352 D "Status JSON"  started.
 8940.352 D Downloading  "http://status.mojang.com/check"
 8940.437 D "Status JSON" succeeded.
 8940.437 D Task succeeded
 8940.437 D Finished loading status JSON.
 8940.437 D Status loading succeeded.
 9000.353 D "Status JSON"  started.
 9000.353 D Downloading  "http://status.mojang.com/check"
 9000.436 D "Status JSON" succeeded.
 9000.436 D Task succeeded
 9000.436 D Finished loading status JSON.
 9000.436 D Status loading succeeded.
 9060.360 D "Status JSON"  started.
 9060.360 D Downloading  "http://status.mojang.com/check"
 9060.442 D "Status JSON" succeeded.
 9060.442 D Task succeeded
 9060.442 D Finished loading status JSON.
 9060.442 D Status loading succeeded.
 9120.355 D "Status JSON"  started.
 9120.355 D Downloading  "http://status.mojang.com/check"
 9120.444 D "Status JSON" succeeded.
 9120.444 D Task succeeded
 9120.444 D Finished loading status JSON.
 9120.444 D Status loading succeeded.
 9180.352 D "Status JSON"  started.
 9180.352 D Downloading  "http://status.mojang.com/check"
 9180.443 D "Status JSON" succeeded.
 9180.443 D Task succeeded
 9180.443 D Finished loading status JSON.
 9180.443 D Status loading succeeded.
 9240.361 D "Status JSON"  started.
 9240.361 D Downloading  "http://status.mojang.com/check"
 9240.449 D "Status JSON" succeeded.
 9240.449 D Task succeeded
 9240.449 D Finished loading status JSON.
 9240.449 D Status loading succeeded.
 9300.353 D "Status JSON"  started.
 9300.353 D Downloading  "http://status.mojang.com/check"
 9300.439 D "Status JSON" succeeded.
 9300.439 D Task succeeded
 9300.439 D Finished loading status JSON.
 9300.439 D Status loading succeeded.
 9360.357 D "Status JSON"  started.
 9360.357 D Downloading  "http://status.mojang.com/check"
 9360.440 D "Status JSON" succeeded.
 9360.440 D Task succeeded
 9360.440 D Finished loading status JSON.
 9360.440 D Status loading succeeded.
 9420.354 D "Status JSON"  started.
 9420.354 D Downloading  "http://status.mojang.com/check"
 9420.436 D "Status JSON" succeeded.
 9420.437 D Task succeeded
 9420.437 D Finished loading status JSON.
 9420.437 D Status loading succeeded.
 9480.354 D "Status JSON"  started.
 9480.354 D Downloading  "http://status.mojang.com/check"
 9480.439 D "Status JSON" succeeded.
 9480.439 D Task succeeded
 9480.439 D Finished loading status JSON.
 9480.439 D Status loading succeeded.
 9540.353 D "Status JSON"  started.
 9540.353 D Downloading  "http://status.mojang.com/check"
 9540.436 D "Status JSON" succeeded.
 9540.436 D Task succeeded
 9540.436 D Finished loading status JSON.
 9540.436 D Status loading succeeded.
 9600.355 D "Status JSON"  started.
 9600.355 D Downloading  "http://status.mojang.com/check"
 9600.437 D "Status JSON" succeeded.
 9600.437 D Task succeeded
 9600.437 D Finished loading status JSON.
 9600.437 D Status loading succeeded.
 9660.352 D "Status JSON"  started.
 9660.352 D Downloading  "http://status.mojang.com/check"
 9660.438 D "Status JSON" succeeded.
 9660.438 D Task succeeded
 9660.438 D Finished loading status JSON.
 9660.438 D Status loading succeeded.
 9720.354 D "Status JSON"  started.
 9720.354 D Downloading  "http://status.mojang.com/check"
 9720.438 D "Status JSON" succeeded.
 9720.438 D Task succeeded
 9720.438 D Finished loading status JSON.
 9720.439 D Status loading succeeded.
 9728.390 D Task succeeded
 9728.462 D Task succeeded
 9729.881 D Task succeeded
 9729.903 D Failed to stop watching  "C:/Users/Matt Hermes/Desktop/Ozone-Modified/instances/1.7.10/minecraft/saves"
 9729.903 D Failed to stop watching  "C:/Users/Matt Hermes/Desktop/Ozone-Modified/instances/1.7.10/minecraft/texturepacks"
 9729.903 D Failed to stop watching  "C:/Users/Matt Hermes/Desktop/Ozone-Modified/instances/1.7.10/minecraft/resourcepacks"
 9729.904 D Failed to stop watching  "C:/Users/Matt Hermes/Desktop/Ozone-Modified/instances/1.7.10/minecraft/coremods"
 9729.904 D Failed to stop watching  "C:/Users/Matt Hermes/Desktop/Ozone-Modified/instances/1.7.10/minecraft/mods"
