    0.000 D MultiMC 5, (c) 2013-2015 MultiMC Contributors
    0.000 D Version                    :  "0.4.11-751"
    0.000 D Git commit                 :  "a3cd3d5ff18215a475ed6b5f231f3f02ccd668f7"
    0.000 D Git refspec                :  "refs/heads/stable"
    0.000 D Work dir before adjustment :  "C:/Users/msh160130/Desktop/Project-Ozone-2-Modified"
    0.000 D Work dir after adjustment  :  "C:/Users/msh160130/Desktop/Project-Ozone-2-Modified"
    0.000 D Adjusted by                :  "Command line C:/Users/msh160130/Desktop/Project-Ozone-2-Modified"
    0.000 D Binary path                :  "C:/Users/msh160130/Desktop/Project-Ozone-2-Modified"
    0.000 D Application root path      :  "C:/Users/msh160130/Desktop/Project-Ozone-2-Modified"
    0.016 D Detected default console font: "Courier" , substitutions: ""
    0.016 D FTB Launcher paths: "C:/Users/msh160130/AppData/Roaming/ftblauncher" and "C:/Users/Matt Hermes/AppData/Local/ftblauncher"
    0.016 D Your language is "en"
    0.016 W libpng warning: iCCP: known incorrect sRGB profile
    0.016 D Started watching  "C:/Users/msh160130/Desktop/Project-Ozone-2-Modified/icons"
    0.016 D Instance path              :  "instances"
    0.016 D Loading Instances...
    0.016 D Loading MultiMC instance from  "instances/1.7.10"
    0.016 D Loaded instance  "Project Ozone 2"  from  "C:/Users/msh160130/Desktop/Project-Ozone-2-Modified/instances/1.7.10"
    0.016 D Loading accounts...
    0.016 D Detecting proxy settings...
    0.016 D Using no proxy is an option!
    0.016 D Downloading Translations Index...
    0.016 D "Translations Index"  started.
    0.110 D "Status JSON"  started.
    0.126 D "Startup player skins download"  started.
    0.126 D Loading builtin version list.
    0.126 W Blacklisted legacy version ignored:  "rd-160052"
    0.126 D Loading local version list.
    0.126 D Loaded version "1.7.10" from local version list.
    0.330 D Reloading news.
    0.330 D "News RSS Feed"  started.
    0.330 D Checking for updates.
    0.330 D Channel list isn't loaded yet. Loading channel list and deferring update check.
    0.330 D Loading the channel list.
    0.330 D "Update System Channel List"  started.
    0.330 D "Checking for notifications"  started.
    0.362 D Java path needs resetting, showing Java selection dialog...
    0.362 D Probing the following Java paths: 
    0.362 D   "C:/Program Files/Java/jre1.8.0_91/bin/javaw.exe"
    0.362 D   "C:/Program Files/Java/jre7/bin/javaw.exe"
    0.362 D   "C:/Program Files/Java/jre6/bin/javaw.exe"
    0.362 D   "C:/Program Files/Java/jdk1.8.0_91/bin/javaw.exe"
    0.362 D   "C:/Program Files (x86)/Java/jre7/bin/javaw.exe"
    0.362 D   "C:/Program Files (x86)/Java/jre6/bin/javaw.exe"
    0.362 D   "java"
    0.362 D "Java detection"  started.
    0.362 D "Running java checker: C:/Program Files/Java/jre1.8.0_91/bin/javaw.exe-jar C:/Users/msh160130/Desktop/Project-Ozone-2-Modified/jars/JavaCheck.jar"
    0.377 D "Running java checker: C:/Program Files/Java/jre7/bin/javaw.exe-jar C:/Users/msh160130/Desktop/Project-Ozone-2-Modified/jars/JavaCheck.jar"
    0.377 D Java checker has failed to start.
    0.377 D "Java detection" progress: 1 / 7
    0.377 D "Running java checker: C:/Program Files/Java/jre6/bin/javaw.exe-jar C:/Users/msh160130/Desktop/Project-Ozone-2-Modified/jars/JavaCheck.jar"
    0.377 D Java checker has failed to start.
    0.377 D "Java detection" progress: 2 / 7
    0.377 D "Running java checker: C:/Program Files/Java/jdk1.8.0_91/bin/javaw.exe-jar C:/Users/msh160130/Desktop/Project-Ozone-2-Modified/jars/JavaCheck.jar"
    0.377 D "Running java checker: C:/Program Files (x86)/Java/jre7/bin/javaw.exe-jar C:/Users/msh160130/Desktop/Project-Ozone-2-Modified/jars/JavaCheck.jar"
    0.377 D Java checker has failed to start.
    0.377 D "Java detection" progress: 3 / 7
    0.377 D "Running java checker: C:/Program Files (x86)/Java/jre6/bin/javaw.exe-jar C:/Users/msh160130/Desktop/Project-Ozone-2-Modified/jars/JavaCheck.jar"
    0.377 D Java checker has failed to start.
    0.377 D "Java detection" progress: 4 / 7
    0.377 D "Running java checker: java-jar C:/Users/msh160130/Desktop/Project-Ozone-2-Modified/jars/JavaCheck.jar"
    0.393 D Downloading  "http://files.multimc.org/translations/index"
    0.393 D Downloading  "http://status.mojang.com/check"
    0.393 D Downloading  "https://crafatar.com/skins/83d3619aa3dd4813a289a1dc0645a160.png"
    0.393 D Downloading  "https://crafatar.com/skins/7455223fb79e483e926a6985498fb29a.png"
    0.393 D Downloading  "http://multimc.org/rss.xml"
    0.393 D Downloading  "http://files.multimc.org/update/win32/channels.json"
    0.393 D Downloading  "http://files.multimc.org/notifications.json"
    0.414 D Loaded LWJGL list.
    0.463 D Following redirect to  "https://multimc.org/rss.xml"
    0.463 D Downloading  "https://multimc.org/rss.xml"
    0.496 D "Status JSON" succeeded.
    0.496 D Task succeeded
    0.496 D Finished loading status JSON.
    0.496 D Status loading succeeded.
    0.595 D Loading remote version list.
    0.595 D Loaded version "16w36a" from remote version list.
    0.595 D Loaded version "16w35a" from remote version list.
    0.595 D Loaded version "16w33a" from remote version list.
    0.595 D Loaded version "16w32b" from remote version list.
    0.595 D Loaded version "1.10.2" from remote version list.
    0.595 D Loaded version "1.10.1" from remote version list.
    0.595 D Loaded version "1.10" from remote version list.
    0.595 D Loaded version "16w21b" from remote version list.
    0.595 D Loaded version "16w20a" from remote version list.
    0.595 D Loaded version "1.9.4" from remote version list.
    0.595 D Loaded version "1.9.3" from remote version list.
    0.595 D Loaded version "16w15b" from remote version list.
    0.595 D Loaded version "16w14a" from remote version list.
    0.595 D Loaded version "1.9.2" from remote version list.
    0.595 D Loaded version "1.9.1" from remote version list.
    0.595 D Loaded version "1.9" from remote version list.
    0.595 D Loaded version "1.8.9" from remote version list.
    0.595 D Loaded version "1.8.8" from remote version list.
    0.595 D Loaded version "1.8.7" from remote version list.
    0.595 D Loaded version "1.8.6" from remote version list.
    0.595 D Loaded version "1.8.5" from remote version list.
    0.595 D Loaded version "1.8.4" from remote version list.
    0.595 D Loaded version "1.8.3" from remote version list.
    0.595 D Loaded version "1.8.2" from remote version list.
    0.595 D Loaded version "1.8.1" from remote version list.
    0.595 D Loaded version "1.8" from remote version list.
    0.596 D Loaded version "1.7.10" from remote version list.
    0.596 D Loaded version "1.7.9" from remote version list.
    0.596 D Loaded version "1.7.8" from remote version list.
    0.596 D Loaded version "1.7.7" from remote version list.
    0.596 D Loaded version "1.7.6" from remote version list.
    0.596 D Loaded version "1.7.5" from remote version list.
    0.596 D Loaded version "1.7.4" from remote version list.
    0.596 D Loaded version "1.7.3" from remote version list.
    0.596 D Loaded version "1.7.2" from remote version list.
    0.596 D Loaded version "1.6.4" from remote version list.
    0.596 D Loaded version "1.6.2" from remote version list.
    0.596 D Loaded version "1.6.1" from remote version list.
    0.596 W Blacklisted legacy version ignored:  "rd-160052"
    0.597 D Task succeeded
    0.651 D "Startup player skins download" succeeded.
    0.651 D Task succeeded
    0.676 D STDOUT "os.arch=amd64
java.version=1.8.0_91
"
    0.676 W STDERR ""
    0.676 D Java checker finished with status  0  exit code  0
    0.676 D Java checker succeeded.
    0.676 D "Java detection" progress: 5 / 7
    0.677 D STDOUT "os.arch=amd64
java.version=1.8.0_91
"
    0.677 W STDERR ""
    0.677 D Java checker finished with status  0  exit code  0
    0.677 D Java checker succeeded.
    0.677 D "Java detection" progress: 6 / 7
    0.684 D STDOUT "os.arch=amd64
java.version=1.8.0_91
"
    0.684 W STDERR ""
    0.684 D Java checker finished with status  0  exit code  0
    0.684 D Java checker succeeded.
    0.684 D "Java detection" progress: 7 / 7
    0.684 D Found the following valid Java installations:
    0.684 D   "1.8.0_91" "64" "C:/Program Files/Java/jre1.8.0_91/bin/javaw.exe"
    0.684 D   "1.8.0_91" "64" "C:/Program Files/Java/jdk1.8.0_91/bin/javaw.exe"
    0.684 D   "1.8.0_91" "64" "java"
    0.684 D Task succeeded
    0.703 D "Translations Index" succeeded.
    0.703 D Task succeeded
    0.703 D Got translations index!
    0.708 D "Translations"  started.
    0.709 D Downloading  "http://files.multimc.org/translations/bg.qm"
    0.709 D Downloading  "http://files.multimc.org/translations/cs.qm"
    0.710 D Downloading  "http://files.multimc.org/translations/de.qm"
    0.711 D Downloading  "http://files.multimc.org/translations/es.qm"
    0.711 D Downloading  "http://files.multimc.org/translations/fi.qm"
    0.712 D Downloading  "http://files.multimc.org/translations/fr.qm"
    0.721 D "Checking for notifications" succeeded.
    0.721 D Task succeeded
    0.721 D Downloading  "http://files.multimc.org/translations/it.qm"
    0.724 D Downloading  "http://files.multimc.org/translations/ja.qm"
    0.730 D Downloading  "http://files.multimc.org/translations/ko.qm"
    0.731 D Downloading  "http://files.multimc.org/translations/nb.qm"
    0.731 D Downloading  "http://files.multimc.org/translations/nl.qm"
    0.733 D Downloading  "http://files.multimc.org/translations/pl.qm"
    0.737 D Downloading  "http://files.multimc.org/translations/pt_BR.qm"
    0.739 D Downloading  "http://files.multimc.org/translations/pt_PT.qm"
    0.744 D Downloading  "http://files.multimc.org/translations/ru.qm"
    0.746 D Downloading  "http://files.multimc.org/translations/sv.qm"
    0.749 D Downloading  "http://files.multimc.org/translations/tr.qm"
    0.753 D Downloading  "http://files.multimc.org/translations/zh.qm"
    0.755 D Downloading  "http://files.multimc.org/translations/zh_TW.qm"
    1.034 D "News RSS Feed" succeeded.
    1.034 D Task succeeded
    1.034 D Finished loading RSS feed.
    1.035 D Loaded news entry "Update to 0.4.11 - OSX 10.7 fix and workaround for Minecraft 1.9 compatibility"
    1.035 D Loaded news entry "Update to 0.4.10 - Another wifi fix"
    1.035 D Loaded news entry "Update to 0.4.9 - the Windows wifi fix"
    1.035 D Loaded news entry "Update to 0.4.8"
    1.035 D Loaded news entry "Update to 0.4.7, what 0.4.6 should have been."
    1.035 D Loaded news entry "Update to 0.4.6, Bug fixes and improvements!"
    1.035 D Loaded news entry "Update to 0.4.5, Translations, Themes, and Technic"
    1.035 D Loaded news entry "Version 0.4 out - Jar mods, UI changes, and more!"
    1.035 D Loaded news entry "Introducing QuickMods - A better way to install mods"
    1.035 D Loaded news entry "Support us on Patreon!"
    1.035 D News loading succeeded.
    1.745 D "Translations" succeeded.
    1.745 D Task succeeded
    1.745 D Got translations!
    3.746 D "Update System Channel List" succeeded.
    3.746 D Task succeeded
    3.746 D Successfully loaded UpdateChecker channel list.
    3.746 D Checking for updates.
    3.746 D m_repoUrl =  "http://files.multimc.org/update/win32/stable/"
    3.746 D "GoUpdate Repository Index"  started.
    3.746 D Downloading  "http://files.multimc.org/update/win32/stable/index.json"
    3.966 D "GoUpdate Repository Index" succeeded.
    3.966 D Task succeeded
    3.966 D Finished downloading repo index. Checking for new versions.
    3.966 D Processing repository version list.
    6.135 D Processing authentication response.
    6.136 D Getting new access token.
    6.136 D Finished reading refresh response.
    6.136 D Task succeeded
    6.136 D Writing account list to "accounts.json"
    6.137 D Building JSON data structure.
    6.137 D Building account array.
    6.137 D Writing account list to file.
    6.137 D Saved account list to "accounts.json"
    6.281 W Order file doesn't exist. Ignoring.
    6.281 D Reading "net.minecraftforge.json"
    6.291 W Order file doesn't exist. Ignoring.
    6.291 D Reading "net.minecraftforge.json"
    6.321 C BAD stuff happened to mod json:
    6.321 C "{
  "modListVersion": 5,
  "modList": [{
    "modid": "aether",
    "name": "Aether II",
    "description": "In development by Gilded Games, the Aether II is an extensive mod for Minecraft which implements a remarkable world in the skies. Adventure, danger, and mystery awaits in the depths of the Aether.",
    "version": "1.7.10-1.6",
    "mcversion": "1.7.10",
    "url": "http://www.AetherII.com",
    "updateUrl": "",
    "authorList": [ "Brandon Pearce", "Emile van Krieken", "Oscar Payn", "Hugo Payn", "Brandon Potts", "Brendan Freeman", "Collin Soares", "Kino", "Jon Lachney" ],
    "credits": "Gilded Games, The Aether Team",
    "logoFile": "/assets/aether/logo.png",
    "requiredMods": [ "Forge", "gilded-games-util" ],
    "dependencies": [ "gilded-games-util" ],
    "useDependencyInformation": true
  }]
}
"
    6.684 W QWidget::setLayout: Attempting to set QLayout "" on ConsoleWindow "", which already has a layout
    6.707 D Task succeeded
    6.708 D Task succeeded
    6.741 D Task succeeded
    6.742 D "Version index"  started.
    6.755 D Downloading  "https://launchermeta.mojang.com/mc/game/016674e6940d040efe6df3a459a4fe10faaa6a40/1.7.10.json"
    6.882 D "Version index" succeeded.
    6.882 D Task succeeded
    6.882 D Task succeeded
    6.882 D "Project Ozone 2" : downloading libraries
    6.882 W Order file doesn't exist. Ignoring.
    6.882 D Reading "net.minecraftforge.json"
    7.007 D "Libraries for instance Project Ozone 2"  started.
    7.007 D "Libraries for instance Project Ozone 2" succeeded.
    7.007 D Task succeeded
    7.007 D "Project Ozone 2" : Starting asset index download
    7.007 D "Asset index for Project Ozone 2"  started.
    7.007 D Downloading  "http://s3.amazonaws.com/Minecraft.Download/indexes/1.7.10.json"
    7.341 D "Asset index for Project Ozone 2" succeeded.
    7.341 D Task succeeded
    7.341 D "Project Ozone 2" : Finished asset index download
    7.379 D "Assets for Project Ozone 2"  started.
    7.380 D Downloading  "http://resources.download.minecraft.net/91/913dac82b2c852eb1b6f371fe14456901386cd13"  local MD5:  "d6c0cf49e79878f2b34b049e86982ef8"
    7.380 D Downloading  "http://resources.download.minecraft.net/2e/2e51504c234ea51b194ddf26871d20ed457483ec"  local MD5:  "7bfcfc078c325a0a5782b700b3b8699d"
    7.381 D Downloading  "http://resources.download.minecraft.net/fc/fc2139572f55c973aedc694b8d633f2a4eb0907a"  local MD5:  "bb4a5e8a315c74046336300f5768c202"
    7.382 D Downloading  "http://resources.download.minecraft.net/7d/7dbc8bd8dc11c8011b38a682f8a127340634f02c"  local MD5:  "dfaa14b8b12b102d0a4afe9d7ca43f21"
    7.382 D Downloading  "http://resources.download.minecraft.net/1f/1f8e5f3b70b781bbf6c2ebca61f6647f06b67603"  local MD5:  "3d0a17d55e2fa20c5713724a2a9107a7"
    7.383 D Downloading  "http://resources.download.minecraft.net/33/3386789f844a747d348a42386ee941daffdf34d4"  local MD5:  "59de4a59de8883107334a52d581efa33"
    7.542 D Finished  "http://resources.download.minecraft.net/fc/fc2139572f55c973aedc694b8d633f2a4eb0907a"  got  "42a9dc8ae2bffd066575c9e1f4178f9c"
    7.543 D Downloading  "http://resources.download.minecraft.net/22/22bb966ab55ae53b7d5960e13f7bc11920f380a3"  local MD5:  "407723fa9b75289cbec6841273aa6441"
    7.544 D Finished  "http://resources.download.minecraft.net/7d/7dbc8bd8dc11c8011b38a682f8a127340634f02c"  got  "7ce52cac6da8efae852a2b1a0b9e1652"
    7.545 D Downloading  "http://resources.download.minecraft.net/99/999257ac419cf90ec067b750bfc074e57015aa75"  local MD5:  "975338cb26651c54bba145ba868d14c0"
    7.546 D Finished  "http://resources.download.minecraft.net/91/913dac82b2c852eb1b6f371fe14456901386cd13"  got  "df38aa7527e6782bf1c3b4a2090c0d5c"
    7.546 D Downloading  "http://resources.download.minecraft.net/a2/a2fbcec6e56101db42bdcbbf93461917e3ff9a9b"  local MD5:  "32a48e1b6f2bb8c8879ba1440cb8ea27"
    7.551 D Finished  "http://resources.download.minecraft.net/33/3386789f844a747d348a42386ee941daffdf34d4"  got  "49cdddd2c3b6d701a3bc56c3a87c01f7"
    7.551 D Downloading  "http://resources.download.minecraft.net/a5/a5b9750a30629916c454b879246231ebd1cc9a2c"  local MD5:  "4e726b6eab00e4d50ee167cbeb055fd1"
    7.557 D Finished  "http://resources.download.minecraft.net/1f/1f8e5f3b70b781bbf6c2ebca61f6647f06b67603"  got  "525f72c17afc0adf014ca86a48d615ec"
    7.558 D Downloading  "http://resources.download.minecraft.net/17/17567e7dc53a5e939b5bd0197fbf95d93c002c2a"  local MD5:  "915b13a17eb819f889cd82268af641de"
    7.559 D Finished  "http://resources.download.minecraft.net/2e/2e51504c234ea51b194ddf26871d20ed457483ec"  got  "6f97749d5837246474e75b9ffbc6e07a"
    7.559 D Downloading  "http://resources.download.minecraft.net/4b/4b0fb97083de71e8b23e144c7cd426fb3eb09e49"  local MD5:  "2937732b3b4b81373582f4e441a94911"
    7.626 D Finished  "http://resources.download.minecraft.net/22/22bb966ab55ae53b7d5960e13f7bc11920f380a3"  got  "d53d85078314dab8db50287323db633a"
    7.626 D Downloading  "http://resources.download.minecraft.net/71/7197269073c558f5ae376f40eeae0ad29b05c5f5"  local MD5:  "1ce7d9c404db616e19f8357da34a2b7b"
    7.630 D Finished  "http://resources.download.minecraft.net/a2/a2fbcec6e56101db42bdcbbf93461917e3ff9a9b"  got  "2a529da9309d5d9991475ce14c506afa"
    7.631 D Downloading  "http://resources.download.minecraft.net/81/81187dd7f36516de3a88d19c2f3903f74df1def0"  local MD5:  "96df4b33b3c069e06c7145009333866b"
    7.635 D Finished  "http://resources.download.minecraft.net/a5/a5b9750a30629916c454b879246231ebd1cc9a2c"  got  "260be6b1951021df037a6335b5647bb2"
    7.636 D Downloading  "http://resources.download.minecraft.net/0e/0ee5c0e080e6f34e291a604e2485aa2c710cc81f"  local MD5:  "c3ca463f1661aa160ae10853a8986bd1"
    7.638 D Finished  "http://resources.download.minecraft.net/99/999257ac419cf90ec067b750bfc074e57015aa75"  got  "2ed41a3e64141a5777e3263501987467"
    7.639 D Downloading  "http://resources.download.minecraft.net/c4/c4daa64350971a7714218efc517de25e2a79ccc2"  local MD5:  "898d9ffbbc161c24a1b4bdc0234d3709"
    7.643 D Finished  "http://resources.download.minecraft.net/4b/4b0fb97083de71e8b23e144c7cd426fb3eb09e49"  got  "29ea4b64055bfeda9b90d2d76d1a9e0f"
    7.644 D Downloading  "http://resources.download.minecraft.net/e5/e55edae0011215873faeba154c7d89f590ddb748"  local MD5:  "5850c3e0a6833a363ad573125d11d4f4"
    7.646 D Finished  "http://resources.download.minecraft.net/17/17567e7dc53a5e939b5bd0197fbf95d93c002c2a"  got  "91a7d373c8eafde3c4e70f9e161a3751"
    7.647 D Downloading  "http://resources.download.minecraft.net/42/428263c79973ad44876048f421511aed401cf2e6"  local MD5:  "6befa9fa75f3459dd2c18277d3cc4de9"
    7.697 D Finished  "http://resources.download.minecraft.net/e5/e55edae0011215873faeba154c7d89f590ddb748"  got  "f9822dbec5e0c83fd0d020b520a53dfd"
    7.698 D Downloading  "http://resources.download.minecraft.net/33/33747279d2752138df2d80cc70771e042457017f"  local MD5:  "9b2820c68535e371f5c903e411222e7f"
    7.699 D Finished  "http://resources.download.minecraft.net/42/428263c79973ad44876048f421511aed401cf2e6"  got  "c64fa0070da29238c8c4b3f7a21f1752"
    7.700 D Downloading  "http://resources.download.minecraft.net/4e/4e5de18b13004b53cf8e5d46f36ab07b165e7362"  local MD5:  "2018bb5a1c95efb63db8a9e574bcbd1e"
    7.711 D Finished  "http://resources.download.minecraft.net/71/7197269073c558f5ae376f40eeae0ad29b05c5f5"  got  "220ef67f757e9774698eda8af6321851"
    7.712 D Downloading  "http://resources.download.minecraft.net/a2/a224f70ea345fdb44f89a7c1b7c200b4239e6577"  local MD5:  "5715942d3df99ba1003534e4b19e8625"
    7.715 D Finished  "http://resources.download.minecraft.net/81/81187dd7f36516de3a88d19c2f3903f74df1def0"  got  "17932b50954296814c353beb18b49d0c"
    7.716 D Downloading  "http://resources.download.minecraft.net/6c/6c7a6c4bae01c22e67bed10b69d46e67d5d67895"  local MD5:  "fbac77077cb3cf0ab608e5da4c3d5363"
    7.720 D Finished  "http://resources.download.minecraft.net/0e/0ee5c0e080e6f34e291a604e2485aa2c710cc81f"  got  "c024f013aad17cee79219dab247fda62"
    7.721 D Downloading  "http://resources.download.minecraft.net/34/34090e3d3a908122ff2734784575b5a35c51d911"  local MD5:  "e076b81dcdc00335093ba117606b5ef3"
    7.723 D Finished  "http://resources.download.minecraft.net/c4/c4daa64350971a7714218efc517de25e2a79ccc2"  got  "4e98615b0cf53d8c7ecc8f42de462296"
    7.724 D Downloading  "http://resources.download.minecraft.net/20/20369b200cab4b4fb4975d8468395eafb62c50a1"  local MD5:  "8b3bf29e96952723f4e91ca2abb86f36"
    7.749 D Finished  "http://resources.download.minecraft.net/33/33747279d2752138df2d80cc70771e042457017f"  got  "d47252851994ce5c45c0f6c94c8895f0"
    7.750 D Downloading  "http://resources.download.minecraft.net/ff/ff77255b582c0bac2fb722d74b168d51345ab730"  local MD5:  "59179211b31f358bc2efcafe838fc094"
    7.754 D Finished  "http://resources.download.minecraft.net/4e/4e5de18b13004b53cf8e5d46f36ab07b165e7362"  got  "8de5d7770f738749fc3b2b43edb06c49"
    7.755 D Downloading  "http://resources.download.minecraft.net/d8/d8fc393426b1c67fcc0a867233874670b5755687"  local MD5:  "9309cdd6c6064a6101ef6e0f9dee0a53"
    7.764 D Finished  "http://resources.download.minecraft.net/a2/a224f70ea345fdb44f89a7c1b7c200b4239e6577"  got  "d38cd06deb643178fda84cc1ceac27db"
    7.764 D Downloading  "http://resources.download.minecraft.net/b9/b968a786fb5ddd46e28e4bf5c9ecb9c6db13bb95"  local MD5:  "7400c99aac2e8fb517c3e05f176a2248"
    7.773 D Finished  "http://resources.download.minecraft.net/6c/6c7a6c4bae01c22e67bed10b69d46e67d5d67895"  got  "9b57d3314f1f5986c8dd65cb76dca0d2"
    7.774 D Downloading  "http://resources.download.minecraft.net/ea/ea1403be012b32d2239796a3617de19b6774fe06"  local MD5:  "273cc5eda7599d3f0c4981ac5c2bf8f1"
    7.775 D Finished  "http://resources.download.minecraft.net/34/34090e3d3a908122ff2734784575b5a35c51d911"  got  "2884f44620889e93d50c5d50474c122d"
    7.776 D Downloading  "http://resources.download.minecraft.net/0e/0e2933d361b38fc2aff7e7d09c6b723893e4dd5c"  local MD5:  "cfb245b05b3901aada0b0ec67881b7f0"
    7.777 D Finished  "http://resources.download.minecraft.net/20/20369b200cab4b4fb4975d8468395eafb62c50a1"  got  "8ffaa5e1ec1d4e2e50b4889c10066c1a"
    7.777 D Downloading  "http://resources.download.minecraft.net/32/323d7f116b2187c51ff76ae7dd1ac15c5d4d007d"  local MD5:  "3ef4d9d6e9f6781dfe54993eb3fa8896"
    7.810 D Finished  "http://resources.download.minecraft.net/d8/d8fc393426b1c67fcc0a867233874670b5755687"  got  "439efd7bb3f584a15a86c85533816430"
    7.811 D Downloading  "http://resources.download.minecraft.net/00/00c71b8f15ddfaf958c0c31da003031b8789b3a6"  local MD5:  "dd1c763126d362815647a219c288271d"
    7.819 D Finished  "http://resources.download.minecraft.net/ff/ff77255b582c0bac2fb722d74b168d51345ab730"  got  "094408861da6aae68b78b2b39840c738"
    7.820 D Downloading  "http://resources.download.minecraft.net/f9/f92ff2e7e9baf2de036c780dab96dc0d018fd3f3"  local MD5:  "78e0da4d78e2a4e8d38af6cd951acdb1"
    7.832 D Finished  "http://resources.download.minecraft.net/ea/ea1403be012b32d2239796a3617de19b6774fe06"  got  "2c35864d959d32bba2c130ecb9c6573e"
    7.833 D Downloading  "http://resources.download.minecraft.net/08/081d21bad358ef6922c43cecf5e0b8f30aa52e6c"  local MD5:  "d7bd164dfad7e67ff20f652f401d48a9"
    7.834 D Finished  "http://resources.download.minecraft.net/32/323d7f116b2187c51ff76ae7dd1ac15c5d4d007d"  got  "8ca0482b856637df1029651da8941ace"
    7.834 D Downloading  "http://resources.download.minecraft.net/51/51ffb69a87c411dcde1f3f93f9b799458e66ee81"  local MD5:  "72b89a251d402bc99786afc966ef8d8f"
    7.837 D Finished  "http://resources.download.minecraft.net/b9/b968a786fb5ddd46e28e4bf5c9ecb9c6db13bb95"  got  "89e8e5d13ee98f68b2434bd653698811"
    7.837 D Downloading  "http://resources.download.minecraft.net/6a/6ae665534a98ef5a051792a98ade7bf555407d7a"  local MD5:  "779625a033da954c98628709240501da"
    7.838 D Finished  "http://resources.download.minecraft.net/0e/0e2933d361b38fc2aff7e7d09c6b723893e4dd5c"  got  "579bbe308a31b5a52823b0eb673b9db6"
    7.839 D Downloading  "http://resources.download.minecraft.net/fd/fd0b95f772a7714597740f625cfd5cc29c9d3560"  local MD5:  "8e84b87372fb0c0eb6d2b10b89e0e717"
    7.867 D Finished  "http://resources.download.minecraft.net/00/00c71b8f15ddfaf958c0c31da003031b8789b3a6"  got  "aefb977e8d4676354e31593da6bf78d2"
    7.868 D Downloading  "http://resources.download.minecraft.net/10/10c8a862c62bac263807bf39ae191d39f8e54e35"  local MD5:  "b9b8f8c0bdcd475fb8ca8e51b410bc7e"
    7.882 D Finished  "http://resources.download.minecraft.net/f9/f92ff2e7e9baf2de036c780dab96dc0d018fd3f3"  got  "5392bb82718a1ab28a33dbad758e3f1e"
    7.883 D Downloading  "http://resources.download.minecraft.net/b8/b89e2223e2c867ed3077bbe4f233a84c63729c30"  local MD5:  "91e2d70636f3547eb5e89036cee6e8bb"
    7.885 D Finished  "http://resources.download.minecraft.net/51/51ffb69a87c411dcde1f3f93f9b799458e66ee81"  got  "47fb4bb720dc2eb361e97e18dff46cda"
    7.886 D Downloading  "http://resources.download.minecraft.net/e2/e257258766f1430cd6e5a97def8ecac0207ae83b"  local MD5:  "9359499f6bbd56f2fe1a2728c22775fc"
    7.888 D Finished  "http://resources.download.minecraft.net/6a/6ae665534a98ef5a051792a98ade7bf555407d7a"  got  "5faac921b10be36809e2cc933570d7ad"
    7.889 D Downloading  "http://resources.download.minecraft.net/c4/c4e61eec725b91b5aa638b4e9155caecef57e56b"  local MD5:  "92e33174fb169df363cdbcbfb0018264"
    7.889 D Finished  "http://resources.download.minecraft.net/08/081d21bad358ef6922c43cecf5e0b8f30aa52e6c"  got  "f9308283478ebe0a8a8e031b80a703e3"
    7.890 D Downloading  "http://resources.download.minecraft.net/34/34b4b3f6f4ea91b7d631395f00ce43219d025000"  local MD5:  "0a55fa0715914d430d1b51cd94960419"
    7.890 D Finished  "http://resources.download.minecraft.net/fd/fd0b95f772a7714597740f625cfd5cc29c9d3560"  got  "e81d4f404268fabecc919caf6cd8e4dc"
    7.891 D Downloading  "http://resources.download.minecraft.net/f7/f797f0bb31e043750ccaa7be27f60acd04b5c05f"  local MD5:  "477c304088d5132a5d1ad5b8cec9cc16"
    7.917 D Finished  "http://resources.download.minecraft.net/10/10c8a862c62bac263807bf39ae191d39f8e54e35"  got  "191af4ab6f5c214fa1af7035ae148d9e"
    7.918 D Downloading  "http://resources.download.minecraft.net/be/bef3b6a408db019403d8d756d0cf85b2c8ab61d9"  local MD5:  "e6a4e20fc8328255714e3e7702b4564a"
    7.940 D Finished  "http://resources.download.minecraft.net/34/34b4b3f6f4ea91b7d631395f00ce43219d025000"  got  "0ddda9dbc5939ba60fc4af9eeb0be57d"
    7.941 D Downloading  "http://resources.download.minecraft.net/5d/5dbf29b5f54015d771873e9bb02665c1128a56ff"  local MD5:  "91e5dc03bd928a9dd22c3bc840554ac5"
    7.957 D Finished  "http://resources.download.minecraft.net/b8/b89e2223e2c867ed3077bbe4f233a84c63729c30"  got  "d67393ba9b917f2cb1121d9797d9d3fe"
    7.957 D Downloading  "http://resources.download.minecraft.net/1a/1a498de545784868b5cb34705b4663c16292f837"  local MD5:  "a13e380409aef534de26ac1247567809"
    7.958 D Finished  "http://resources.download.minecraft.net/e2/e257258766f1430cd6e5a97def8ecac0207ae83b"  got  "06f55cdaca2ceea43bf202d9243b180d"
    7.959 D Downloading  "http://resources.download.minecraft.net/78/78f839189133203e8d22d93ef8c9f4d02cda3023"  local MD5:  "72ac620b4fbbb77a2632c0ace0118069"
    7.959 D Finished  "http://resources.download.minecraft.net/c4/c4e61eec725b91b5aa638b4e9155caecef57e56b"  got  "9677114ced137c8dc7692b8377f0bb6e"
    7.960 D Downloading  "http://resources.download.minecraft.net/8b/8b39739932fda786e72567c68ac28ff7efe99e80"  local MD5:  "550cc46d9faee43f0701a6d83f1207d3"
    7.961 D Finished  "http://resources.download.minecraft.net/f7/f797f0bb31e043750ccaa7be27f60acd04b5c05f"  got  "a7657b5c52ebd87696844a7454cd983c"
    7.961 D Downloading  "http://resources.download.minecraft.net/f1/f149ea34fdfe2ffdbde2f7faa11eb2aa282fa6e2"  local MD5:  "53377290b46e9c88042352753f8ce266"
    7.967 D Finished  "http://resources.download.minecraft.net/be/bef3b6a408db019403d8d756d0cf85b2c8ab61d9"  got  "451fc7e9967aca4c7b6306ebba328e5f"
    7.968 D Downloading  "http://resources.download.minecraft.net/33/33aea58cbd8d0a8ad7b1b88432de02709342e333"  local MD5:  "d958156397c96ea745284ea3ab4c3323"
    8.004 D Finished  "http://resources.download.minecraft.net/8b/8b39739932fda786e72567c68ac28ff7efe99e80"  got  "a0f79ea6e3d5932e333e5dac3c6dfe9b"
    8.005 D Downloading  "http://resources.download.minecraft.net/68/68a7eab92d03a6b1e432b8783b415271f31771a7"  local MD5:  "4f7a81ffc1c9f681c748cb7568e8bedc"
    8.007 D Finished  "http://resources.download.minecraft.net/f1/f149ea34fdfe2ffdbde2f7faa11eb2aa282fa6e2"  got  "cdb60a8ad4009200ac6d89dc0f093334"
    8.008 D Downloading  "http://resources.download.minecraft.net/0c/0c423a8686c43541591a8283ce711f476d0d4074"  local MD5:  "8b395c1954aa3e2637db7b20aa9e9863"
    8.009 D Finished  "http://resources.download.minecraft.net/5d/5dbf29b5f54015d771873e9bb02665c1128a56ff"  got  "ce49b2490ed72e06ddfb241b61cd8646"
    8.010 D Downloading  "http://resources.download.minecraft.net/d1/d17c0896a1ecd39c49cf9870d29597bac3a42217"  local MD5:  "05df89175198d780c057c1423063921f"
    8.011 D Finished  "http://resources.download.minecraft.net/78/78f839189133203e8d22d93ef8c9f4d02cda3023"  got  "985b6ab8b93cd8d4176f79047bf04673"
    8.012 D Downloading  "http://resources.download.minecraft.net/63/63fd5d8c33370939afe79299bb3891fe17acb444"  local MD5:  "4812f41d879a7a0b05a5dcaf03db5937"
    8.015 D Finished  "http://resources.download.minecraft.net/1a/1a498de545784868b5cb34705b4663c16292f837"  got  "a37c8d45f977580e152e5ea4f9733328"
    8.016 D Downloading  "http://resources.download.minecraft.net/47/47aee6e1766ea8127c5b17a9c0416583a836244f"  local MD5:  "36eb4e9f9ceaabae1733769b61afa547"
    8.024 D Finished  "http://resources.download.minecraft.net/33/33aea58cbd8d0a8ad7b1b88432de02709342e333"  got  "4e04898866d2245e908f6ff388e6f373"
    8.024 D Downloading  "http://resources.download.minecraft.net/cf/cfe9155cc562c3e805903ea67c32a62ac1bfe372"  local MD5:  "b79558884aed88fe6b9f8996e0967a66"
    8.054 D Finished  "http://resources.download.minecraft.net/68/68a7eab92d03a6b1e432b8783b415271f31771a7"  got  "aabf51e7dab288cf37c5d941892f82fb"
    8.054 D Downloading  "http://resources.download.minecraft.net/6d/6da5429aafecf40a160496adb1b3f4537a3a9c67"  local MD5:  "c2a7a4d213b73c401eea20ebee974fb3"
    8.067 D Finished  "http://resources.download.minecraft.net/63/63fd5d8c33370939afe79299bb3891fe17acb444"  got  "ae6e859c54ff1fadf8ffc8d2b43e3323"
    8.067 D Downloading  "http://resources.download.minecraft.net/4e/4eedcb87b68eb6c17cc6ad8bb32b381341da08ee"  local MD5:  "facc07c8401b3bad4ad125f8981ce1ad"
    8.068 D Finished  "http://resources.download.minecraft.net/0c/0c423a8686c43541591a8283ce711f476d0d4074"  got  "ca3e41d4da049f318f8c04b0d11f0669"
    8.069 D Downloading  "http://resources.download.minecraft.net/88/88077f1e3a47d62cc77fd6e81f04ff3d55644ae1"  local MD5:  "d31d750dade6f375fa972240dc76c1e3"
    8.070 D Finished  "http://resources.download.minecraft.net/d1/d17c0896a1ecd39c49cf9870d29597bac3a42217"  got  "4053ec48e9424897454a2169b40a6be4"
    8.070 D Downloading  "http://resources.download.minecraft.net/08/08c19cb92fc7bb6c2445dd9743364960dcf9987b"  local MD5:  "cd776388ee0815fd2f91c970ff0e1a77"
    8.071 D Finished  "http://resources.download.minecraft.net/47/47aee6e1766ea8127c5b17a9c0416583a836244f"  got  "04d75efae40577546c0fbb925a75dcdf"
    8.072 D Downloading  "http://resources.download.minecraft.net/6e/6e3c6a4b10e1446b7b7ce5d7342361fcf9b8da0d"  local MD5:  "08d483984deaff9dcd446d255d0232b8"
    8.093 D Finished  "http://resources.download.minecraft.net/cf/cfe9155cc562c3e805903ea67c32a62ac1bfe372"  got  "286073946f964bf084ee8af99fb27a92"
    8.094 D Downloading  "http://resources.download.minecraft.net/17/17d6e34837dfa86757bed29c47820914745639d5"  local MD5:  "db2798bc52fdfa19ef18566eff38a29a"
    8.104 D Finished  "http://resources.download.minecraft.net/6d/6da5429aafecf40a160496adb1b3f4537a3a9c67"  got  "a0b0065eed81d79b112b61ea667f3e42"
    8.104 D Downloading  "http://resources.download.minecraft.net/97/977391fc150aed15bee60af375359f495a7f2521"  local MD5:  "87744b22d3bf3bce88aa0c12a78289f5"
    8.124 D Finished  "http://resources.download.minecraft.net/08/08c19cb92fc7bb6c2445dd9743364960dcf9987b"  got  "364f7df2646638107f026826144732be"
    8.124 D Downloading  "http://resources.download.minecraft.net/49/49f8946e2a41e2290bd1a73654550b1413b98fb6"  local MD5:  "2f2d573a363df535cad7e3c6d05bc5f8"
    8.126 D Finished  "http://resources.download.minecraft.net/4e/4eedcb87b68eb6c17cc6ad8bb32b381341da08ee"  got  "4e2b4aef927e2b08d0fcb6450b5c7fd3"
    8.127 D Downloading  "http://resources.download.minecraft.net/55/5513fc89fd788c31ecea7d9a3e8a3ec165f0cb4d"  local MD5:  "8b639bee071c6a88a7905860897ee30b"
    8.130 D Finished  "http://resources.download.minecraft.net/88/88077f1e3a47d62cc77fd6e81f04ff3d55644ae1"  got  "d683b37179905bf5cda9c8c1d715bcfb"
    8.130 D Downloading  "http://resources.download.minecraft.net/c2/c246c98daf08c0652972b7143fc3126ff9117703"  local MD5:  "6e0672e5caa070be6b04749a5dbbc1b4"
    8.134 D Finished  "http://resources.download.minecraft.net/6e/6e3c6a4b10e1446b7b7ce5d7342361fcf9b8da0d"  got  "402ade25b97ff855d7965fdcb0e090d3"
    8.134 D Downloading  "http://resources.download.minecraft.net/7f/7fafdc20468e5104493072c6708b3f8f9326c3fb"  local MD5:  "018480e33be2cc2626fe0f28ca9bb125"
    8.139 D Finished  "http://resources.download.minecraft.net/17/17d6e34837dfa86757bed29c47820914745639d5"  got  "61a5506c0d2fde20eb2271bad2b2f9c1"
    8.139 D Downloading  "http://resources.download.minecraft.net/cc/cc38d596bbd7a6f37e3edd0a533adc32d4f89215"  local MD5:  "9d371f87efab69582a4f1d7193f22d08"
    8.146 D Finished  "http://resources.download.minecraft.net/97/977391fc150aed15bee60af375359f495a7f2521"  got  "3e8f6294e42633789008e53f2c7d65cb"
    8.146 D Downloading  "http://resources.download.minecraft.net/2c/2c38cb9ef9216a83da46136fde1128c43562aa89"  local MD5:  "70bbb2dcb5eb245a70c04256974f46dd"
    8.172 D Finished  "http://resources.download.minecraft.net/55/5513fc89fd788c31ecea7d9a3e8a3ec165f0cb4d"  got  "6cd6013036a9d9bc95a9d1e8e9929dbe"
    8.173 D Downloading  "http://resources.download.minecraft.net/02/02ca127554fb1294b473bac256469a0d908ecd86"  local MD5:  "5ef3f19d46c791a4bdcf95c06b054f3a"
    8.181 D Finished  "http://resources.download.minecraft.net/49/49f8946e2a41e2290bd1a73654550b1413b98fb6"  got  "17dfb52d4b1ddfc67bcd2bacee5bf302"
    8.181 D Downloading  "http://resources.download.minecraft.net/d6/d6fab429585e927cc6ad7bc4363fe27580ea1a97"  local MD5:  "30f3d5106cb70bb0d45a6a2f6ef68e25"
    8.187 D Finished  "http://resources.download.minecraft.net/7f/7fafdc20468e5104493072c6708b3f8f9326c3fb"  got  "926274e9e1e960ec4664ec183ad7b534"
    8.187 D Downloading  "http://resources.download.minecraft.net/a1/a15b70c81e47f1c9dc8623e838dacddf001fa3c4"  local MD5:  "71fadc053ac1bfde638e70e7e83636bf"
    8.188 D Finished  "http://resources.download.minecraft.net/cc/cc38d596bbd7a6f37e3edd0a533adc32d4f89215"  got  "e582b25b57673f89564810fd064508a8"
    8.189 D Downloading  "http://resources.download.minecraft.net/eb/eb206c38395f02f84e1062af3fab9e05cb15611f"  local MD5:  "1f92f44495a0c3800f17f63b264c2506"
    8.189 D Finished  "http://resources.download.minecraft.net/c2/c246c98daf08c0652972b7143fc3126ff9117703"  got  "9c5ecc99a701a6fb2455867f7725fbff"
    8.190 D Downloading  "http://resources.download.minecraft.net/d2/d2f3c9c340a5cfe30fb7e333c81a4d853d9bbddd"  local MD5:  "f3972b38ab14e90804b50395a6f77f33"
    8.192 D Finished  "http://resources.download.minecraft.net/2c/2c38cb9ef9216a83da46136fde1128c43562aa89"  got  "0600452496ff8b6ef87a07c9a073eca5"
    8.192 D Downloading  "http://resources.download.minecraft.net/fc/fce0bb3e14ade7b292a7c1d5fa785533d8106d82"  local MD5:  "a485fcea1e7e1783ba2cbc1209bcad7f"
    8.221 D Finished  "http://resources.download.minecraft.net/02/02ca127554fb1294b473bac256469a0d908ecd86"  got  "1396cbb8385f774054930a9f4710495c"
    8.222 D Downloading  "http://resources.download.minecraft.net/4f/4fd07421acc4fb19088908f0c40b38cd4ad26f48"  local MD5:  "f561a530cb6e9bdd80e17c56dac99ae3"
    8.233 D Finished  "http://resources.download.minecraft.net/a1/a15b70c81e47f1c9dc8623e838dacddf001fa3c4"  got  "6e4edf01cfc81b80c343007512df77e0"
    8.233 D Downloading  "http://resources.download.minecraft.net/b8/b81c9d77126abec7d7cc2ebb7491e25b6b861670"  local MD5:  "1e8281b8e3220953af3fa95c23caa9f6"
    8.238 D Finished  "http://resources.download.minecraft.net/d2/d2f3c9c340a5cfe30fb7e333c81a4d853d9bbddd"  got  "60ed2775b76604a7e80705aabd1ab3f2"
    8.239 D Downloading  "http://resources.download.minecraft.net/4b/4b3ecb81a2136dd4dc6a32120224dace03ea465c"  local MD5:  "8d59be7071704526a49a4aa6cc7f3560"
    8.240 D Finished  "http://resources.download.minecraft.net/d6/d6fab429585e927cc6ad7bc4363fe27580ea1a97"  got  "7975aabcafed8d8db15c9b523052b051"
    8.240 D Downloading  "http://resources.download.minecraft.net/3f/3f0a1aea8af9451493927ecb8a18997881ad0e2f"  local MD5:  "ae33341f3c98f6e5aaf1fd2d87ca6753"
    8.242 D Finished  "http://resources.download.minecraft.net/eb/eb206c38395f02f84e1062af3fab9e05cb15611f"  got  "ba78531af2f1babf33d898faa8b21f33"
    8.242 D Downloading  "http://resources.download.minecraft.net/8a/8a0664c68ad24590ad5836fe237f41275df25b5d"  local MD5:  "a0f0bd3e526b0dc92f89c07c6c31f2e9"
    8.243 D Finished  "http://resources.download.minecraft.net/fc/fce0bb3e14ade7b292a7c1d5fa785533d8106d82"  got  "4b1c38ad7b2c6a14bdc6a9aae3e9139d"
    8.243 D Downloading  "http://resources.download.minecraft.net/b0/b09ad1252f8d849367a1a7455cd97493287aefa7"  local MD5:  "05d94fdd13457367e07f53f9ec218525"
    8.264 D Finished  "http://resources.download.minecraft.net/4f/4fd07421acc4fb19088908f0c40b38cd4ad26f48"  got  "5cf1549e3019a81d5de212ee1846cdfb"
    8.264 D Downloading  "http://resources.download.minecraft.net/cc/cc96acd7c25af238059cbab1107648f8964648b6"  local MD5:  "d583aace906e92511ff558e7d0215fec"
    8.280 D Finished  "http://resources.download.minecraft.net/b8/b81c9d77126abec7d7cc2ebb7491e25b6b861670"  got  "b5e115ecb70da343554f8b4aa1c51525"
    8.280 D Downloading  "http://resources.download.minecraft.net/33/332edac716a96977e2bb5a7995b7139dac08edda"  local MD5:  "567874d3cd95f5013319929e6bb8d2cd"
    8.284 D Finished  "http://resources.download.minecraft.net/8a/8a0664c68ad24590ad5836fe237f41275df25b5d"  got  "fbf2aaa7980ebff72918915ad74085d5"
    8.285 D Downloading  "http://resources.download.minecraft.net/7b/7b52463b2df4685d2d82c5d257fd5ec79843d618"  local MD5:  "2a63f6698600a640663e9da1f9223070"
    8.292 D Finished  "http://resources.download.minecraft.net/b0/b09ad1252f8d849367a1a7455cd97493287aefa7"  got  "290b8577bcdd4fac7e619a921362a282"
    8.292 D Downloading  "http://resources.download.minecraft.net/97/9795a729f333a3bbb269959fc21bde2731c474fc"  local MD5:  "a098b620b73966e77f36bd6fbcd009ab"
    8.293 D Finished  "http://resources.download.minecraft.net/3f/3f0a1aea8af9451493927ecb8a18997881ad0e2f"  got  "113926e039d400451b2c9d8986e9c232"
    8.293 D Downloading  "http://resources.download.minecraft.net/72/729b2c09d5c588787b23127eeda2730f9c039194"  local MD5:  "b1951db4655b92d4ef0c1beb140bb178"
    8.293 D Finished  "http://resources.download.minecraft.net/4b/4b3ecb81a2136dd4dc6a32120224dace03ea465c"  got  "0b7a115319cefd3b9ecf5d361f5c4e7c"
    8.294 D Downloading  "http://resources.download.minecraft.net/f2/f2e1dc557bcea55b34430723dfb4e33120a2dda0"  local MD5:  "fe13e6a45ce603667bcf61dc79e6ee8a"
    8.312 D Finished  "http://resources.download.minecraft.net/cc/cc96acd7c25af238059cbab1107648f8964648b6"  got  "eceaf0651430cc530cd781c19aa92a6e"
    8.313 D Downloading  "http://resources.download.minecraft.net/37/37fb8e6e0b534c33bdaabb8d083c48a323858e8c"  local MD5:  "3731b50e04c1ba7d61b78c5eac6097b8"
    8.329 D Finished  "http://resources.download.minecraft.net/33/332edac716a96977e2bb5a7995b7139dac08edda"  got  "3412465ba2378bf86afb6489159c9831"
    8.329 D Downloading  "http://resources.download.minecraft.net/cb/cb94fec6672af40f5418fec044d32990ee96d7b9"  local MD5:  "1aeb495e80e2384228409b07139f4095"
    8.333 D Finished  "http://resources.download.minecraft.net/72/729b2c09d5c588787b23127eeda2730f9c039194"  got  "edb4925a2c90dcc505f02ad07041ed46"
    8.334 D Downloading  "http://resources.download.minecraft.net/c2/c2d8994702c664a9bedd4f1961c585507752c7d2"  local MD5:  "6c10c699215346b523b9ff4b5ec61015"
    8.340 D Finished  "http://resources.download.minecraft.net/f2/f2e1dc557bcea55b34430723dfb4e33120a2dda0"  got  "34e9a05c72b8fa752c1d6aac2cf9d8bd"
    8.340 D Downloading  "http://resources.download.minecraft.net/f3/f300aa5e8f7b943f9b8e2a901e2d4fb8f7b83295"  local MD5:  "5b642dfa0687862828d622592127f30c"
    8.341 D Finished  "http://resources.download.minecraft.net/7b/7b52463b2df4685d2d82c5d257fd5ec79843d618"  got  "9a2297cabb116b22c87239a37a85267b"
    8.341 D Downloading  "http://resources.download.minecraft.net/71/710afa6f2c33e1b7de74c260f1258337c19e6779"  local MD5:  "d34e6432ed5eb84fa16ae0c443bf223f"
    8.342 D Finished  "http://resources.download.minecraft.net/97/9795a729f333a3bbb269959fc21bde2731c474fc"  got  "fc56c43224e46a7eab5e8e961f0e111d"
    8.342 D Downloading  "http://resources.download.minecraft.net/ac/acfe947c1219eb7493130442ef184dc8025e8191"  local MD5:  "4ff62cd62b5516f3e733cf391482a4b3"
    8.352 D Finished  "http://resources.download.minecraft.net/37/37fb8e6e0b534c33bdaabb8d083c48a323858e8c"  got  "35bed765897c56433765d513971a786a"
    8.353 D Downloading  "http://resources.download.minecraft.net/f3/f3f2bc5d9de49c43f1d65ddcfc4619ea43095d13"  local MD5:  "7e7493f29f716bc5a061f227069a49c3"
    8.373 D Finished  "http://resources.download.minecraft.net/cb/cb94fec6672af40f5418fec044d32990ee96d7b9"  got  "5d3398840191d78b27195b51427576ff"
    8.373 D Downloading  "http://resources.download.minecraft.net/de/de6c2b919476b9ba40a81fa54cc149cfcc1e25ac"  local MD5:  "777451d75a94d6c562dc4cf7b6b3bcf4"
    8.383 D Finished  "http://resources.download.minecraft.net/71/710afa6f2c33e1b7de74c260f1258337c19e6779"  got  "795917962861c0240c587743fc9b19b9"
    8.383 D Downloading  "http://resources.download.minecraft.net/2d/2dcc88a24fcc775602cb622006b02862d865def8"  local MD5:  "e56622feaa0299549a3a872f33e26e80"
    8.386 D Finished  "http://resources.download.minecraft.net/c2/c2d8994702c664a9bedd4f1961c585507752c7d2"  got  "32d5c269fbe3051b6402e527f8d1ea25"
    8.386 D Downloading  "http://resources.download.minecraft.net/8a/8a1963013018a8f53d6a72376a5b265c0d2e5ec7"  local MD5:  "accc8bac313ea2555f58562927b1a0f6"
    8.391 D Finished  "http://resources.download.minecraft.net/ac/acfe947c1219eb7493130442ef184dc8025e8191"  got  "949ce9731d2dec14dc52039e2f91d4c6"
    8.391 D Downloading  "http://resources.download.minecraft.net/72/720c15d04d7be115daf19b024a37b498b6f7730e"  local MD5:  "56e45a20ee4e3cd28db3d79e3b58ffc8"
    8.394 D Finished  "http://resources.download.minecraft.net/f3/f300aa5e8f7b943f9b8e2a901e2d4fb8f7b83295"  got  "44642386c7c4474285ff85f6af7e96ee"
    8.395 D Downloading  "http://resources.download.minecraft.net/a4/a448ca104c51d6934dd669ddac2ef03c0d35695f"  local MD5:  "dd88c801f2bf3225003afe7424d21a5d"
    8.398 D Finished  "http://resources.download.minecraft.net/f3/f3f2bc5d9de49c43f1d65ddcfc4619ea43095d13"  got  "c3ff08f1646f0001451cb45f256f221c"
    8.398 D Downloading  "http://resources.download.minecraft.net/01/017c25f046e93918d0591bdd9628eb767494c8fd"  local MD5:  "af6eab56ee122c1dcf6e4a9481df697f"
    8.424 D Finished  "http://resources.download.minecraft.net/de/de6c2b919476b9ba40a81fa54cc149cfcc1e25ac"  got  "2d27aad1196fed5d02db2eea8952ef33"
    8.424 D Downloading  "http://resources.download.minecraft.net/13/131da513b18868576c3eed5c3921a36c6fa15e45"  local MD5:  "cf632599f17f77ff91e868d4aa31f857"
    8.427 D Finished  "http://resources.download.minecraft.net/8a/8a1963013018a8f53d6a72376a5b265c0d2e5ec7"  got  "1c9f862f78b816ed03c3b31b01b922ff"
    8.427 D Downloading  "http://resources.download.minecraft.net/fd/fde655cdabb7140e657ed69315579c210c43031e"  local MD5:  "e4bcd42e405b6eda7b8916573b454c43"
    8.431 D Finished  "http://resources.download.minecraft.net/2d/2dcc88a24fcc775602cb622006b02862d865def8"  got  "82e6c99573cf84df3d660fcfaa294f4e"
    8.431 D Downloading  "http://resources.download.minecraft.net/ed/edf3b3dd02931f1630c3663c6d5082a71da4fe9c"  local MD5:  "14348c20e0da4f56b97db6f8d43ffaa4"
    8.437 D Finished  "http://resources.download.minecraft.net/72/720c15d04d7be115daf19b024a37b498b6f7730e"  got  "2b25a9413367ba98c485952f10a04841"
    8.437 D Downloading  "http://resources.download.minecraft.net/56/5633f7496870e805b35ca06777de782f49160347"  local MD5:  "56de2a58beddc98242a7e6933834f27b"
    8.441 D Finished  "http://resources.download.minecraft.net/a4/a448ca104c51d6934dd669ddac2ef03c0d35695f"  got  "51d84c6ebd1090b8a71a8ecebebf4821"
    8.441 D Downloading  "http://resources.download.minecraft.net/f5/f57f766c0266d36d7fa8efb006aaa95fcd645a36"  local MD5:  "e365d9ca267be1f4a5c85f4211d1ab93"
    8.443 D Finished  "http://resources.download.minecraft.net/01/017c25f046e93918d0591bdd9628eb767494c8fd"  got  "93e19fd5ddf4d337055433510054ec13"
    8.444 D Downloading  "http://resources.download.minecraft.net/e6/e6cbbdefe6ce1fa4d5eb3387b097e1c24b3258ab"  local MD5:  "feb9fc5c7786af0e7e4c5d16063d03b6"
    8.469 D Finished  "http://resources.download.minecraft.net/13/131da513b18868576c3eed5c3921a36c6fa15e45"  got  "bda1cdd1b000e084e34ac44778c2f165"
    8.469 D Downloading  "http://resources.download.minecraft.net/8a/8a0e1c7158c4c610eda89658128fe6cc7d6d8110"  local MD5:  "bf6f2cfd917a69b10a2d9d95d165b833"
    8.472 D Finished  "http://resources.download.minecraft.net/ed/edf3b3dd02931f1630c3663c6d5082a71da4fe9c"  got  "7eb7bde3e0bfaf292b679a920a34e09a"
    8.473 D Downloading  "http://resources.download.minecraft.net/2b/2bc6dcd491a02649614e5ffee81958b1e8bdf813"  local MD5:  "b0cc0079b2000ad07d6844358db6d111"
    8.476 D Finished  "http://resources.download.minecraft.net/fd/fde655cdabb7140e657ed69315579c210c43031e"  got  "d6bc94a11283235ee0a4b944f30c1e05"
    8.476 D Downloading  "http://resources.download.minecraft.net/8c/8c791963f3d67ee14e3f084da3d7a14c2b99fc6c"  local MD5:  "3c8c76deba8abbe75e4e7fd654a543f5"
    8.481 D Finished  "http://resources.download.minecraft.net/56/5633f7496870e805b35ca06777de782f49160347"  got  "014773316c9532ce8d5d06a6f86b7f9e"
    8.481 D Downloading  "http://resources.download.minecraft.net/dd/ddd313e9466974aff2b0e39edd819954edaa63f1"  local MD5:  "8077da7eb613cee8551ac2d14098eefe"
    8.487 D Finished  "http://resources.download.minecraft.net/f5/f57f766c0266d36d7fa8efb006aaa95fcd645a36"  got  "d1cb11efbd9888237182901b5368088e"
    8.488 D Downloading  "http://resources.download.minecraft.net/02/022b14caa9cdc6d43bec35792b9be19e3ad7c909"  local MD5:  "b018317f0aef3dcfef9706f5a201f1ec"
    8.490 D Finished  "http://resources.download.minecraft.net/e6/e6cbbdefe6ce1fa4d5eb3387b097e1c24b3258ab"  got  "dfacec646c0e58ba58ba98de8f8055bf"
    8.490 D Downloading  "http://resources.download.minecraft.net/68/685f29bcdcc62c0c58f4d137d30fcc40123411f4"  local MD5:  "544d8ed71a8919f97e3b253eee456e9c"
    8.518 D Finished  "http://resources.download.minecraft.net/8c/8c791963f3d67ee14e3f084da3d7a14c2b99fc6c"  got  "2758c3fd388c8660a7cca9ffe62bf367"
    8.519 D Downloading  "http://resources.download.minecraft.net/8a/8a6901092669cae60fa67c2a62c5e9c4548fd056"  local MD5:  "3108d95ad380bb2e1587c78bd7426b93"
    8.522 D Finished  "http://resources.download.minecraft.net/8a/8a0e1c7158c4c610eda89658128fe6cc7d6d8110"  got  "0623e313103f1d2d9c91077e9eea919b"
    8.522 D Downloading  "http://resources.download.minecraft.net/c7/c75f27495baf4b0374fcece255d665d1cbbbebbd"  local MD5:  "8b438bc431633501b3082b304a2d8bcf"
    8.524 D Finished  "http://resources.download.minecraft.net/dd/ddd313e9466974aff2b0e39edd819954edaa63f1"  got  "9688606195c45377d59356b67db1a092"
    8.525 D Downloading  "http://resources.download.minecraft.net/74/74d3924ddd105231713694303a9c7ce070b58f9a"  local MD5:  "2742afb0eb8e075c69dabf40fe618f6c"
    8.529 D Finished  "http://resources.download.minecraft.net/2b/2bc6dcd491a02649614e5ffee81958b1e8bdf813"  got  "4c52b3445d7dcbcc9bd46ff96fd5d6b1"
    8.529 D Downloading  "http://resources.download.minecraft.net/c5/c5cc8bd843d90b8ab4fec12a1ab023c1c1ce7afb"  local MD5:  "92a192ae20f348d352745a1f343569d2"
    8.532 D Finished  "http://resources.download.minecraft.net/68/685f29bcdcc62c0c58f4d137d30fcc40123411f4"  got  "a35277fbbb3f4475a1e03e78e26e0acb"
    8.532 D Downloading  "http://resources.download.minecraft.net/84/84fa71ecc0af0dba3f20afa2d59e428c304367c6"  local MD5:  "563c94134b2ab16c7647e86dce596605"
    8.538 D Finished  "http://resources.download.minecraft.net/02/022b14caa9cdc6d43bec35792b9be19e3ad7c909"  got  "c2781cff6bda59987c1c1e91b3b941b3"
    8.538 D Downloading  "http://resources.download.minecraft.net/66/66464e3f372f6abd434a27fbff7c03a729ebe9ac"  local MD5:  "908d01347b8f55905b8766f017746cf7"
    8.567 D Finished  "http://resources.download.minecraft.net/8a/8a6901092669cae60fa67c2a62c5e9c4548fd056"  got  "953f7ad8f2bcebc6c8e3100e80d5e18f"
    8.567 D Downloading  "http://resources.download.minecraft.net/ac/ac61acec46bb72c4e11b3fbe8317bd593d3c2120"  local MD5:  "9175a2a0e60b3f97488f70281a16d32f"
    8.571 D Finished  "http://resources.download.minecraft.net/c7/c75f27495baf4b0374fcece255d665d1cbbbebbd"  got  "86ee30a41f0bad30aa0fc0e398df40e8"
    8.571 D Downloading  "http://resources.download.minecraft.net/4c/4ccb3009e24e1cc0bffe18f544e6fc7ae3cd3b64"  local MD5:  "c91416b975a5550a86d7f5d4e4c8e70e"
    8.573 D Finished  "http://resources.download.minecraft.net/74/74d3924ddd105231713694303a9c7ce070b58f9a"  got  "d3577d3241e2b063e8764204e25bfe15"
    8.573 D Downloading  "http://resources.download.minecraft.net/a7/a7602156ac3a8a41e42b833fefafbe80f9914fd5"  local MD5:  "1cd4cbf9a4480e4855d5a16e72cad82f"
    8.575 D Finished  "http://resources.download.minecraft.net/c5/c5cc8bd843d90b8ab4fec12a1ab023c1c1ce7afb"  got  "9a1fe85d863d519417339fdf54127bb4"
    8.575 D Downloading  "http://resources.download.minecraft.net/3f/3f41ed39706e90a4babec03798387b38028be639"  local MD5:  "df2ebc4533d6a629fd5199c83acd0bcf"
    8.578 D Finished  "http://resources.download.minecraft.net/84/84fa71ecc0af0dba3f20afa2d59e428c304367c6"  got  "fb085eee0ac08a582f163c366f71c4a7"
    8.578 D Downloading  "http://resources.download.minecraft.net/14/147c0bfa040f23f8ffa6a0fe649d7d8f8c8aa303"  local MD5:  "1e537949f869dea3972dda864d968605"
    8.595 D Finished  "http://resources.download.minecraft.net/66/66464e3f372f6abd434a27fbff7c03a729ebe9ac"  got  "b71718718912e2add04748cee21c6eee"
    8.595 D Downloading  "http://resources.download.minecraft.net/16/16f20c44b1662917db565be399caf1d68e020430"  local MD5:  "2284ac1323144cb7a1edcece39a69682"
    8.614 D Finished  "http://resources.download.minecraft.net/ac/ac61acec46bb72c4e11b3fbe8317bd593d3c2120"  got  "9c45c35064b22afca11964b17cf74e20"
    8.615 D Downloading  "http://resources.download.minecraft.net/15/158ecc0a1b876b4f3c020288e492b2b7cddbd343"  local MD5:  "32881d614cf1df0884aeffbebc850f83"
    8.617 D Finished  "http://resources.download.minecraft.net/a7/a7602156ac3a8a41e42b833fefafbe80f9914fd5"  got  "71cfe0e8d5c37c4c10cfb7e57522f426"
    8.618 D Downloading  "http://resources.download.minecraft.net/5f/5f839c343f353936498507a4f3da78ebf69182d0"  local MD5:  "c6f3578904ca636da0c0f428927d45c4"
    8.624 D Finished  "http://resources.download.minecraft.net/4c/4ccb3009e24e1cc0bffe18f544e6fc7ae3cd3b64"  got  "61e57c11a5c862355bdbad92b2f2a751"
    8.624 D Downloading  "http://resources.download.minecraft.net/84/84e6480d18c99ad57099ae117a2f028c412bbb2b"  local MD5:  "594b2a5856b85ed529f7c9c014f531ef"
    8.624 D Finished  "http://resources.download.minecraft.net/14/147c0bfa040f23f8ffa6a0fe649d7d8f8c8aa303"  got  "eae7459fd5dacb218bb634e4e4d14cce"
    8.625 D Downloading  "http://resources.download.minecraft.net/5c/5c2894bb6941070ff3a014004326cc05dda28901"  local MD5:  "642494122b0f93b913df492544cb468b"
    8.626 D Finished  "http://resources.download.minecraft.net/3f/3f41ed39706e90a4babec03798387b38028be639"  got  "abca33133f0acd84d72dd3af232f5f23"
    8.626 D Downloading  "http://resources.download.minecraft.net/83/8349f016bd3d5b42f45dc12d7e0adfb300e245c3"  local MD5:  "956a28b03077161c0c741fc3d444e56b"
    8.640 D Finished  "http://resources.download.minecraft.net/16/16f20c44b1662917db565be399caf1d68e020430"  got  "b70e83159c1f2df23d9c7d6b7636c225"
    8.640 D Downloading  "http://resources.download.minecraft.net/bc/bc4277498220c42b9b6266310c3616793aa17ae3"  local MD5:  "657261a9ef5c8af008f2278453f21d05"
    8.667 D Finished  "http://resources.download.minecraft.net/5c/5c2894bb6941070ff3a014004326cc05dda28901"  got  "9c49caeeb58c92fb3983eb821ff392a5"
    8.667 D Downloading  "http://resources.download.minecraft.net/43/431d3ec2c3a969d30f982dda71ff3e9cec17d399"  local MD5:  "602dd5f53a16ff863d80df13b0f83584"
    8.676 D Finished  "http://resources.download.minecraft.net/15/158ecc0a1b876b4f3c020288e492b2b7cddbd343"  got  "e1a410a1c4882133e79d8cba2e491708"
    8.676 D Downloading  "http://resources.download.minecraft.net/d9/d914f93e28eea9d7ccc225064c74147d993142b8"  local MD5:  "b3a487ab147677772c55a0527cb36cb3"
    8.677 D Finished  "http://resources.download.minecraft.net/84/84e6480d18c99ad57099ae117a2f028c412bbb2b"  got  "db3f0f50980e73273f6c0a0e31c8d657"
    8.677 D Downloading  "http://resources.download.minecraft.net/a5/a568ea57eeca8e9494837d7eda1ea2ed362186cc"  local MD5:  "8c1490dafc310d3b4d9700382e6d6984"
    8.677 D Finished  "http://resources.download.minecraft.net/83/8349f016bd3d5b42f45dc12d7e0adfb300e245c3"  got  "914ad19aa38fd9dc8644cf68bf12ee74"
    8.678 D Downloading  "http://resources.download.minecraft.net/1c/1c5095ce89d18162efa0cb42a5a91f8b4d970449"  local MD5:  "468ce2d11d19184ca984973bbcdd9f5f"
    8.678 D Finished  "http://resources.download.minecraft.net/5f/5f839c343f353936498507a4f3da78ebf69182d0"  got  "96f06895e473174400d4f1ee66635e6b"
    8.679 D Downloading  "http://resources.download.minecraft.net/89/89e887e58fb533f7dcbbbcafabbe1e8051a4c6ca"  local MD5:  "b43b89ebbe5eff4ed33588a597bee4e6"
    8.685 D Finished  "http://resources.download.minecraft.net/bc/bc4277498220c42b9b6266310c3616793aa17ae3"  got  "19ab92dd949ccd8642bba7e5ad1ffa49"
    8.686 D Downloading  "http://resources.download.minecraft.net/9e/9e17737e7bc35766f674bf4b56be14a119fd09f5"  local MD5:  "80eabf3d0231126b581c9dbd55abba18"
    8.722 D Finished  "http://resources.download.minecraft.net/a5/a568ea57eeca8e9494837d7eda1ea2ed362186cc"  got  "6563fff77eb53c2abf8e05935cddc81d"
    8.723 D Downloading  "http://resources.download.minecraft.net/23/23e46a6151e9ef8cf970df137f914ecfedef97f7"  local MD5:  "0c644842b7e200e2f9c0071aa3aafcd4"
    8.742 D Finished  "http://resources.download.minecraft.net/1c/1c5095ce89d18162efa0cb42a5a91f8b4d970449"  got  "94609c4a2e20891606c43d6b7f856b60"
    8.742 D Downloading  "http://resources.download.minecraft.net/6a/6a69ee43b781f9b05d9965da7a7dd1adb9d3d4b4"  local MD5:  "dc220403289a5228384a9fbc9ff7cc3a"
    8.743 D Finished  "http://resources.download.minecraft.net/43/431d3ec2c3a969d30f982dda71ff3e9cec17d399"  got  "87cc3cddbaf74db79c1b4d791930a37f"
    8.743 D Downloading  "http://resources.download.minecraft.net/78/78ffefc12f41ac971ee33ba5f30bc1a12788bb9e"  local MD5:  "e235eff3facc8dfe93d3cca27d52fe3e"
    8.744 D Finished  "http://resources.download.minecraft.net/89/89e887e58fb533f7dcbbbcafabbe1e8051a4c6ca"  got  "32b833e445f873b027b185a870fae15c"
    8.744 D Downloading  "http://resources.download.minecraft.net/9b/9b84cea77437d7af38d50695543791cc5d9908ae"  local MD5:  "93a40ad6b45866a210bea3d93369905c"
    8.745 D Finished  "http://resources.download.minecraft.net/d9/d914f93e28eea9d7ccc225064c74147d993142b8"  got  "d91f654bc9bcf075bf31d91565045186"
    8.745 D Downloading  "http://resources.download.minecraft.net/b7/b7312c5ef37ea6e0f7b51c18c9a53d53da0c9468"  local MD5:  "6d0ec25a5f6f66438a2dbd6d7d3d3b1f"
    8.746 D Finished  "http://resources.download.minecraft.net/9e/9e17737e7bc35766f674bf4b56be14a119fd09f5"  got  "95a9ea18b636313120cb55b8ead737df"
    8.747 D Downloading  "http://resources.download.minecraft.net/90/908cb8d352d2456ba427530dc242ff6dfa319780"  local MD5:  "ccabcf9a9140d359c6c24bd76487a099"
    8.787 D Finished  "http://resources.download.minecraft.net/78/78ffefc12f41ac971ee33ba5f30bc1a12788bb9e"  got  "9fb87490fe2a96bd4ccd112c6f425bb3"
    8.787 D Downloading  "http://resources.download.minecraft.net/d3/d304de107112235ae44caf7f856f8bc668909146"  local MD5:  "d68905b2a2155dcd5986e22f831c63ec"
    8.796 D Finished  "http://resources.download.minecraft.net/23/23e46a6151e9ef8cf970df137f914ecfedef97f7"  got  "733c582bfd37fc488949c0810e248a65"
    8.797 D Downloading  "http://resources.download.minecraft.net/6d/6d2d486beeecb68f3f1d0d884a11f47097e59457"  local MD5:  "7a3011eb83756a8b8e2531941bad0919"
    8.797 D Finished  "http://resources.download.minecraft.net/b7/b7312c5ef37ea6e0f7b51c18c9a53d53da0c9468"  got  "5cc1e09e0415a3d883582aa1dee22903"
    8.798 D Downloading  "http://resources.download.minecraft.net/ee/eeb9546344f37e2b8b48d0c7a173d677443aba4e"  local MD5:  "cf40fd4a7ae909aeece5236bbcb6c736"
    8.799 D Finished  "http://resources.download.minecraft.net/90/908cb8d352d2456ba427530dc242ff6dfa319780"  got  "6be6b010f12f322a60213936c520c313"
    8.799 D Downloading  "http://resources.download.minecraft.net/bd/bd27bbd59ddc25ae24e1e5102b43ec7abe66fc3d"  local MD5:  "8dc9083dd22038c42a8caa3528932376"
    8.802 D Finished  "http://resources.download.minecraft.net/9b/9b84cea77437d7af38d50695543791cc5d9908ae"  got  "509fe4196b2310fd1e35fef60221a1a6"
    8.802 D Downloading  "http://resources.download.minecraft.net/c7/c73ea4893d2b64c11036209e7782e7fb005934ef"  local MD5:  "a59a41d9e3c85f1914094e0dd4d16031"
    8.826 D Finished  "http://resources.download.minecraft.net/6a/6a69ee43b781f9b05d9965da7a7dd1adb9d3d4b4"  got  "dc7d7b6705c277926c7e33acdc3f2f9c"
    8.827 D Downloading  "http://resources.download.minecraft.net/ce/ceae6cbd84813981937687c00b911ba385416fd6"  local MD5:  "27b2c4ce562be6c23decf09b5683cd51"
    8.839 D Finished  "http://resources.download.minecraft.net/ee/eeb9546344f37e2b8b48d0c7a173d677443aba4e"  got  "0b7f9e7a7f17f75e0f4f026018856705"
    8.840 D Downloading  "http://resources.download.minecraft.net/07/07711734555b8c1c1e0f1555f9090309a69a3a1b"  local MD5:  "d06bb604336917b2c220fa42cf83f888"
    8.843 D Finished  "http://resources.download.minecraft.net/d3/d304de107112235ae44caf7f856f8bc668909146"  got  "258668afded89832ffac0d0ee456a671"
    8.850 D Finished  "http://resources.download.minecraft.net/bd/bd27bbd59ddc25ae24e1e5102b43ec7abe66fc3d"  got  "8b5f6227e4f782720e6355c6c6237f32"
    8.855 D Finished  "http://resources.download.minecraft.net/6d/6d2d486beeecb68f3f1d0d884a11f47097e59457"  got  "7f6b455bf5dc835caa16d51ac4bfa0c0"
    8.855 D Finished  "http://resources.download.minecraft.net/c7/c73ea4893d2b64c11036209e7782e7fb005934ef"  got  "08cd723f4e48db1e06c118e6446b94b5"
    8.875 D Finished  "http://resources.download.minecraft.net/ce/ceae6cbd84813981937687c00b911ba385416fd6"  got  "efb675a93cc6e1a3dd6a4e366094cbe6"
    8.894 D Finished  "http://resources.download.minecraft.net/07/07711734555b8c1c1e0f1555f9090309a69a3a1b"  got  "7eef4d12e7b9b866dcfc393acfdae1df"
    8.894 D "Assets for Project Ozone 2" succeeded.
    8.894 D Task succeeded
    8.894 D Task succeeded
    8.894 D Task succeeded
    8.924 C BAD stuff happened to mod json:
    8.924 C "{
  "modListVersion": 5,
  "modList": [{
    "modid": "aether",
    "name": "Aether II",
    "description": "In development by Gilded Games, the Aether II is an extensive mod for Minecraft which implements a remarkable world in the skies. Adventure, danger, and mystery awaits in the depths of the Aether.",
    "version": "1.7.10-1.6",
    "mcversion": "1.7.10",
    "url": "http://www.AetherII.com",
    "updateUrl": "",
    "authorList": [ "Brandon Pearce", "Emile van Krieken", "Oscar Payn", "Hugo Payn", "Brandon Potts", "Brendan Freeman", "Collin Soares", "Kino", "Jon Lachney" ],
    "credits": "Gilded Games, The Aether Team",
    "logoFile": "/assets/aether/logo.png",
    "requiredMods": [ "Forge", "gilded-games-util" ],
    "dependencies": [ "gilded-games-util" ],
    "useDependencyInformation": true
  }]
}
"
    9.210 D reconstructAssets "assets" "assets/indexes" "assets/objects" "assets/virtual" "assets/virtual/1.7.10"
    9.216 D Env:  "USERDNSDOMAIN" "CAMPUS.AD.UTDALLAS.EDU"
    9.216 D Env:  "PROCESSOR_ARCHITEW6432" "AMD64"
    9.216 D Env:  "MpConfig_ProductAppDataPath" "C:\ProgramData\Microsoft\Windows Defender"
    9.216 D Env:  "PROCESSOR_IDENTIFIER" "Intel64 Family 6 Model 94 Stepping 3, GenuineIntel"
    9.216 D Env:  "PLINK_PROTOCOL" "ssh"
    9.216 D Env:  "CHROME_CRASHPAD_PIPE_NAME" "\\.\pipe\crashpad_3540_UVPONGPMOPECOAXB"
    9.216 D Env:  "ALLUSERSPROFILE" "C:\ProgramData"
    9.216 D Env:  "SSH_ASKPASS" "C:/Program Files/Git/mingw64/libexec/git-core/git-gui--askpass"
    9.216 D Env:  "PS1" "{\h:\w} "
    9.216 D Env:  "EXEPATH" "C:\Program Files\Git"
    9.216 D Env:  "PROGRAMFILES" "C:\Program Files (x86)"
    9.216 D Env:  "PKG_CONFIG_PATH" "C:\Program Files\Git\mingw64\lib\pkgconfig;C:\Program Files\Git\mingw64\share\pkgconfig"
    9.216 D Env:  "SMLNJ_HOME" "C:\Program Files (x86)\SMLNJ\"
    9.216 D Env:  "HOMEPATH" "\"
    9.216 D Env:  "HOMESHARE" "\\mars.utdallas.edu\msh160130"
    9.216 D Env:  "TMP" "C:\Users\MSH160~1\AppData\Local\Temp"
    9.216 D Env:  "MpConfig_ReportingGUID" "ADC62812-CFD5-4B21-B923-7A348C4E88B8"
    9.216 D Env:  "MSYSTEM" "MINGW64"
    9.216 D Env:  "HISTSIZE" "40"
    9.216 D Env:  "USERPROFILE" "C:\Users\msh160130"
    9.216 D Env:  "NUMBER_OF_PROCESSORS" "4"
    9.216 D Env:  "CHROME_MAIN_TICKS" "43069696"
    9.216 D Env:  "VS140COMNTOOLS" "C:\Program Files (x86)\Microsoft Visual Studio 14.0\Common7\Tools\"
    9.216 D Env:  "TMPDIR" "C:\Users\MSH160~1\AppData\Local\Temp"
    9.216 D Env:  "SHLVL" "1"
    9.216 D Env:  "CommonProgramW6432" "C:\Program Files\Common Files"
    9.216 D Env:  "HOST" "CSLAB254062"
    9.216 D Env:  "APPDATA" "C:\Users\msh160130\AppData\Roaming"
    9.216 D Env:  "windows_tracing_logfile" "C:\BVTBin\Tests\installpackage\csilogfile.log"
    9.216 D Env:  "MANPATH" "C:\Program Files\Git\mingw64\share\man;C:\Program Files\Git\usr\local\man;C:\Program Files\Git\usr\share\man;C:\Program Files\Git\usr\man;C:\Program Files\Git\share\man"
    9.216 D Env:  "HISTFILESIZE" "40"
    9.216 D Env:  "TEMP" "C:\Users\MSH160~1\AppData\Local\Temp"
    9.217 D Env:  "LOGONSERVER" "\\CAMPUSDC10"
    9.217 D Env:  "INFOPATH" "C:\Program Files\Git\usr\local\info;C:\Program Files\Git\usr\share\info;C:\Program Files\Git\usr\info;C:\Program Files\Git\share\info"
    9.217 D Env:  "HOMEDRIVE" "H:"
    9.217 D Env:  "USERDOMAIN" "CAMPUS"
    9.217 D Env:  "FP_NO_HOST_CHECK" "NO"
    9.217 D Env:  "WINDIR" "C:\Windows"
    9.217 D Env:  "OLDPWD" "C:/Users/msh160130/Desktop"
    9.217 D Env:  "KINECT_TOOLKIT_DIR" "C:\Program Files\Microsoft SDKs\Kinect\Developer Toolkit v1.8.0\"
    9.217 D Env:  "PRINTER" "\\csprint\cslab2103"
    9.217 D Env:  "windows_tracing_flags" "3"
    9.217 D Env:  "ProgramData" "C:\ProgramData"
    9.217 D Env:  "ProgramW6432" "C:\Program Files"
    9.217 D Env:  "PATHEXT" ".COM;.EXE;.BAT;.CMD;.VBS;.VBE;.JS;.JSE;.WSF;.WSH;.MSC;.PY;.PYW"
    9.217 D Env:  "USERDOMAIN_ROAMINGPROFILE" "CAMPUS"
    9.217 D Env:  "PSModulePath" "C:\Windows\system32\WindowsPowerShell\v1.0\Modules\;C:\Program Files (x86)\Microsoft SQL Server\120\Tools\PowerShell\Modules\"
    9.217 D Env:  "HOME" "H:\"
    9.217 D Env:  "HISTCONTROL" "ignoredups"
    9.217 D Env:  "MpConfig_ProductUserAppDataPath" "C:\Users\msh160130\AppData\Local\Microsoft\Windows Defender"
    9.217 D Env:  "ProgramFiles(x86)" "C:\Program Files (x86)"
    9.217 D Env:  "SHELL" "C:\Program Files\Git\usr\bin\bash"
    9.217 D Env:  "OS" "Windows_NT"
    9.217 D Env:  "PATH" "H:\bin;C:\Program Files\Git\mingw64\bin;C:\Program Files\Git\usr\local\bin;C:\Program Files\Git\usr\bin;C:\Program Files\Git\usr\bin;C:\Program Files\Git\mingw64\bin;C:\Program Files\Git\usr\bin;H:\bin;C:\Program Files (x86)\Google\Chrome\Application;C:\Windows\system32;C:\Windows;C:\Windows\System32\Wbem;C:\Windows\System32\WindowsPowerShell\v1.0;C:\Program Files\CMake\bin;C:\Python35\Scripts;C:\Python35;C:\ProgramData\Oracle\Java\javapath;C:\MinGW\bin;C:\Program Files\Microsoft DNX\Dnvm;C:\Program Files (x86)\SMLNJ\bin;ANDROID_HOME;C:\Android\sdk\tools;C:\Android\sdk\platform-tools;C:\Windows\system32\config\systemprofile\.dnx\bin;C:\Program Files\Git\usr\bin\vendor_perl;C:\Program Files\Git\usr\bin\core_perl"
    9.217 D Env:  "SYSTEMDRIVE" "C:"
    9.217 D Env:  "MpConfig_ProductPath" "C:\Program Files\Windows Defender"
    9.217 D Env:  "TERM" "xterm"
    9.217 D Env:  "COMSPEC" "C:\Windows\system32\cmd.exe"
    9.217 D Env:  "PROCESSOR_LEVEL" "6"
    9.217 D Env:  "USERNAME" "msh160130"
    9.217 D Env: ignoring "JAVA_HOME" "C:\Program Files\Java\jdk1.8.0_91"
    9.217 D Env:  "PROCESSOR_ARCHITECTURE" "x86"
    9.217 D Env:  "SYSTEMROOT" "C:\Windows"
    9.217 D Env:  "HOSTNAME" "CSLAB254062"
    9.217 D Env:  "ACLOCAL_PATH" "C:\Program Files\Git\mingw64\share\aclocal;C:\Program Files\Git\usr\share\aclocal"
    9.217 D Env:  "PWD" "C:/Users/msh160130/Desktop/Project-Ozone-2-Modified"
    9.217 D Env:  "PROCESSOR_REVISION" "5e03"
    9.217 D Env:  "MpConfig_ProductCodeName" "AntiSpyware"
    9.217 D Env:  "FTSDK_DIR" "C:\Program Files\Microsoft SDKs\Kinect\Developer Toolkit v1.8.0\"
    9.217 D Env:  "DISPLAY" "needs-to-be-defined"
    9.217 D Env:  "COMPUTERNAME" "CSLAB254062"
    9.217 D Env:  "_" "./MultiMC.exe"
    9.217 D Env:  "=::" "::\"
    9.217 D Env:  "COMMONPROGRAMFILES" "C:\Program Files (x86)\Common Files"
    9.217 D Env:  "LOCALAPPDATA" "C:\Users\msh160130\AppData\Local"
    9.217 D Env:  "ANDROID_HOME" "C:\Android\sdk"
    9.217 D Env:  "CHROME_RESTART" "Google Chrome|Whoa! Google Chrome has crashed. Relaunch now?|LEFT_TO_RIGHT"
    9.217 D Env:  "CommonProgramFiles(x86)" "C:\Program Files (x86)\Common Files"
    9.217 D Env:  "SESSIONNAME" "Console"
    9.217 D Env:  "PUBLIC" "C:\Users\Public"
    9.217 D Env:  "LANG" "en_US.UTF-8"
    9.217 D Env:  "KINECTSDK10_DIR" "C:\Program Files\Microsoft SDKs\Kinect\v1.8\"
    9.217 D Env:  "CHROME_PROBED_PROGRAM_FILES_PATH" "C:\Program Files (x86)"
   60.524 D "Status JSON"  started.
   60.524 D Downloading  "http://status.mojang.com/check"
   60.573 D "Status JSON" succeeded.
   60.573 D Task succeeded
   60.573 D Finished loading status JSON.
   60.573 D Status loading succeeded.
  120.976 D "Status JSON"  started.
  120.976 D Downloading  "http://status.mojang.com/check"
  121.024 D "Status JSON" succeeded.
  121.024 D Task succeeded
  121.024 D Finished loading status JSON.
  121.024 D Status loading succeeded.
  181.325 D "Status JSON"  started.
  181.325 D Downloading  "http://status.mojang.com/check"
  181.373 D "Status JSON" succeeded.
  181.374 D Task succeeded
  181.374 D Finished loading status JSON.
  181.374 D Status loading succeeded.
  241.501 D "Status JSON"  started.
  241.501 D Downloading  "http://status.mojang.com/check"
  241.551 D "Status JSON" succeeded.
  241.551 D Task succeeded
  241.551 D Finished loading status JSON.
  241.551 D Status loading succeeded.
  301.676 D "Status JSON"  started.
  301.676 D Downloading  "http://status.mojang.com/check"
  301.727 D "Status JSON" succeeded.
  301.727 D Task succeeded
  301.727 D Finished loading status JSON.
  301.727 D Status loading succeeded.
  361.852 D "Status JSON"  started.
  361.852 D Downloading  "http://status.mojang.com/check"
  361.900 D "Status JSON" succeeded.
  361.900 D Task succeeded
  361.900 D Finished loading status JSON.
  361.900 D Status loading succeeded.
  422.027 D "Status JSON"  started.
  422.027 D Downloading  "http://status.mojang.com/check"
  422.077 D "Status JSON" succeeded.
  422.077 D Task succeeded
  422.077 D Finished loading status JSON.
  422.077 D Status loading succeeded.
  482.166 D "Status JSON"  started.
  482.166 D Downloading  "http://status.mojang.com/check"
  482.216 D "Status JSON" succeeded.
  482.216 D Task succeeded
  482.216 D Finished loading status JSON.
  482.216 D Status loading succeeded.
  542.241 D "Status JSON"  started.
  542.241 D Downloading  "http://status.mojang.com/check"
  542.296 D "Status JSON" succeeded.
  542.296 D Task succeeded
  542.296 D Finished loading status JSON.
  542.296 D Status loading succeeded.
  602.312 D "Status JSON"  started.
  602.312 D Downloading  "http://status.mojang.com/check"
  602.361 D "Status JSON" succeeded.
  602.361 D Task succeeded
  602.361 D Finished loading status JSON.
  602.361 D Status loading succeeded.
  662.387 D "Status JSON"  started.
  662.387 D Downloading  "http://status.mojang.com/check"
  662.437 D "Status JSON" succeeded.
  662.437 D Task succeeded
  662.437 D Finished loading status JSON.
  662.437 D Status loading succeeded.
  722.460 D "Status JSON"  started.
  722.460 D Downloading  "http://status.mojang.com/check"
  722.510 D "Status JSON" succeeded.
  722.510 D Task succeeded
  722.510 D Finished loading status JSON.
  722.510 D Status loading succeeded.
  782.521 D "Status JSON"  started.
  782.521 D Downloading  "http://status.mojang.com/check"
  782.570 D "Status JSON" succeeded.
  782.570 D Task succeeded
  782.570 D Finished loading status JSON.
  782.570 D Status loading succeeded.
  842.558 D "Status JSON"  started.
  842.558 D Downloading  "http://status.mojang.com/check"
  842.609 D "Status JSON" succeeded.
  842.609 D Task succeeded
  842.609 D Finished loading status JSON.
  842.609 D Status loading succeeded.
  902.589 D "Status JSON"  started.
  902.589 D Downloading  "http://status.mojang.com/check"
  902.642 D "Status JSON" succeeded.
  902.642 D Task succeeded
  902.642 D Finished loading status JSON.
  902.642 D Status loading succeeded.
  962.609 D "Status JSON"  started.
  962.609 D Downloading  "http://status.mojang.com/check"
  962.662 D "Status JSON" succeeded.
  962.662 D Task succeeded
  962.662 D Finished loading status JSON.
  962.663 D Status loading succeeded.
 1022.627 D "Status JSON"  started.
 1022.627 D Downloading  "http://status.mojang.com/check"
 1022.675 D "Status JSON" succeeded.
 1022.675 D Task succeeded
 1022.675 D Finished loading status JSON.
 1022.676 D Status loading succeeded.
 1082.648 D "Status JSON"  started.
 1082.648 D Downloading  "http://status.mojang.com/check"
 1082.697 D "Status JSON" succeeded.
 1082.697 D Task succeeded
 1082.697 D Finished loading status JSON.
 1082.697 D Status loading succeeded.
 1142.667 D "Status JSON"  started.
 1142.667 D Downloading  "http://status.mojang.com/check"
 1142.715 D "Status JSON" succeeded.
 1142.715 D Task succeeded
 1142.715 D Finished loading status JSON.
 1142.715 D Status loading succeeded.
 1202.687 D "Status JSON"  started.
 1202.687 D Downloading  "http://status.mojang.com/check"
 1202.740 D "Status JSON" succeeded.
 1202.741 D Task succeeded
 1202.741 D Finished loading status JSON.
 1202.741 D Status loading succeeded.
 1262.707 D "Status JSON"  started.
 1262.707 D Downloading  "http://status.mojang.com/check"
 1262.755 D "Status JSON" succeeded.
 1262.756 D Task succeeded
 1262.756 D Finished loading status JSON.
 1262.756 D Status loading succeeded.
 1322.725 D "Status JSON"  started.
 1322.725 D Downloading  "http://status.mojang.com/check"
 1322.776 D "Status JSON" succeeded.
 1322.776 D Task succeeded
 1322.776 D Finished loading status JSON.
 1322.776 D Status loading succeeded.
 1382.746 D "Status JSON"  started.
 1382.746 D Downloading  "http://status.mojang.com/check"
 1382.795 D "Status JSON" succeeded.
 1382.795 D Task succeeded
 1382.795 D Finished loading status JSON.
 1382.795 D Status loading succeeded.
 1442.764 D "Status JSON"  started.
 1442.764 D Downloading  "http://status.mojang.com/check"
 1442.814 D "Status JSON" succeeded.
 1442.814 D Task succeeded
 1442.814 D Finished loading status JSON.
 1442.814 D Status loading succeeded.
 1502.783 D "Status JSON"  started.
 1502.783 D Downloading  "http://status.mojang.com/check"
 1502.834 D "Status JSON" succeeded.
 1502.835 D Task succeeded
 1502.835 D Finished loading status JSON.
 1502.835 D Status loading succeeded.
 1562.797 D "Status JSON"  started.
 1562.797 D Downloading  "http://status.mojang.com/check"
 1562.847 D "Status JSON" succeeded.
 1562.847 D Task succeeded
 1562.847 D Finished loading status JSON.
 1562.847 D Status loading succeeded.
 1619.559 C Task failed:  "Game crashed."
 1619.569 C Task failed:  "Game crashed."
 1622.847 D "Status JSON"  started.
 1622.847 D Downloading  "http://status.mojang.com/check"
 1622.894 D "Status JSON" succeeded.
 1622.894 D Task succeeded
 1622.894 D Finished loading status JSON.
 1622.894 D Status loading succeeded.
 1629.697 D Task succeeded
 1629.727 D Failed to stop watching  "C:/Users/msh160130/Desktop/Project-Ozone-2-Modified/instances/1.7.10/minecraft/saves"
 1629.728 D Failed to stop watching  "C:/Users/msh160130/Desktop/Project-Ozone-2-Modified/instances/1.7.10/minecraft/texturepacks"
 1629.728 D Failed to stop watching  "C:/Users/msh160130/Desktop/Project-Ozone-2-Modified/instances/1.7.10/minecraft/resourcepacks"
 1629.728 D Failed to stop watching  "C:/Users/msh160130/Desktop/Project-Ozone-2-Modified/instances/1.7.10/minecraft/coremods"
 1629.728 D Failed to stop watching  "C:/Users/msh160130/Desktop/Project-Ozone-2-Modified/instances/1.7.10/minecraft/mods"
 1632.002 D Processing authentication response.
 1632.002 D Getting new access token.
 1632.002 D Finished reading refresh response.
 1632.002 D Task succeeded
 1632.003 D Writing account list to "accounts.json"
 1632.003 D Building JSON data structure.
 1632.003 D Building account array.
 1632.003 D Writing account list to file.
 1632.004 D Saved account list to "accounts.json"
 1632.124 W Order file doesn't exist. Ignoring.
 1632.125 D Reading "net.minecraftforge.json"
 1632.130 W Order file doesn't exist. Ignoring.
 1632.130 D Reading "net.minecraftforge.json"
 1632.159 C BAD stuff happened to mod json:
 1632.159 C "{
  "modListVersion": 5,
  "modList": [{
    "modid": "aether",
    "name": "Aether II",
    "description": "In development by Gilded Games, the Aether II is an extensive mod for Minecraft which implements a remarkable world in the skies. Adventure, danger, and mystery awaits in the depths of the Aether.",
    "version": "1.7.10-1.6",
    "mcversion": "1.7.10",
    "url": "http://www.AetherII.com",
    "updateUrl": "",
    "authorList": [ "Brandon Pearce", "Emile van Krieken", "Oscar Payn", "Hugo Payn", "Brandon Potts", "Brendan Freeman", "Collin Soares", "Kino", "Jon Lachney" ],
    "credits": "Gilded Games, The Aether Team",
    "logoFile": "/assets/aether/logo.png",
    "requiredMods": [ "Forge", "gilded-games-util" ],
    "dependencies": [ "gilded-games-util" ],
    "useDependencyInformation": true
  }]
}
"
 1632.594 W QWidget::setLayout: Attempting to set QLayout "" on ConsoleWindow "", which already has a layout
 1632.612 D Task succeeded
 1632.613 D Task succeeded
 1632.647 D Task succeeded
 1632.648 D Instance either provides a version file or doesn't need an update.
 1632.648 D "Project Ozone 2" : downloading libraries
 1632.648 W Order file doesn't exist. Ignoring.
 1632.648 D Reading "net.minecraftforge.json"
 1632.650 D "Libraries for instance Project Ozone 2"  started.
 1632.661 D "Libraries for instance Project Ozone 2" succeeded.
 1632.661 D Task succeeded
 1632.662 D "Project Ozone 2" : Starting asset index download
 1632.662 D "Asset index for Project Ozone 2"  started.
 1632.699 D Downloading  "http://s3.amazonaws.com/Minecraft.Download/indexes/1.7.10.json"
 1632.808 D "Asset index for Project Ozone 2" succeeded.
 1632.808 D Task succeeded
 1632.808 D "Project Ozone 2" : Finished asset index download
 1632.839 D Task succeeded
 1632.839 D Task succeeded
 1632.870 C BAD stuff happened to mod json:
 1632.870 C "{
  "modListVersion": 5,
  "modList": [{
    "modid": "aether",
    "name": "Aether II",
    "description": "In development by Gilded Games, the Aether II is an extensive mod for Minecraft which implements a remarkable world in the skies. Adventure, danger, and mystery awaits in the depths of the Aether.",
    "version": "1.7.10-1.6",
    "mcversion": "1.7.10",
    "url": "http://www.AetherII.com",
    "updateUrl": "",
    "authorList": [ "Brandon Pearce", "Emile van Krieken", "Oscar Payn", "Hugo Payn", "Brandon Potts", "Brendan Freeman", "Collin Soares", "Kino", "Jon Lachney" ],
    "credits": "Gilded Games, The Aether Team",
    "logoFile": "/assets/aether/logo.png",
    "requiredMods": [ "Forge", "gilded-games-util" ],
    "dependencies": [ "gilded-games-util" ],
    "useDependencyInformation": true
  }]
}
"
 1633.229 D reconstructAssets "assets" "assets/indexes" "assets/objects" "assets/virtual" "assets/virtual/1.7.10"
 1633.229 D Env:  "USERDNSDOMAIN" "CAMPUS.AD.UTDALLAS.EDU"
 1633.229 D Env:  "PROCESSOR_ARCHITEW6432" "AMD64"
 1633.229 D Env:  "MpConfig_ProductAppDataPath" "C:\ProgramData\Microsoft\Windows Defender"
 1633.229 D Env:  "PROCESSOR_IDENTIFIER" "Intel64 Family 6 Model 94 Stepping 3, GenuineIntel"
 1633.229 D Env:  "PLINK_PROTOCOL" "ssh"
 1633.229 D Env:  "CHROME_CRASHPAD_PIPE_NAME" "\\.\pipe\crashpad_3540_UVPONGPMOPECOAXB"
 1633.229 D Env:  "ALLUSERSPROFILE" "C:\ProgramData"
 1633.229 D Env:  "SSH_ASKPASS" "C:/Program Files/Git/mingw64/libexec/git-core/git-gui--askpass"
 1633.229 D Env:  "PS1" "{\h:\w} "
 1633.229 D Env:  "EXEPATH" "C:\Program Files\Git"
 1633.229 D Env:  "PROGRAMFILES" "C:\Program Files (x86)"
 1633.229 D Env:  "PKG_CONFIG_PATH" "C:\Program Files\Git\mingw64\lib\pkgconfig;C:\Program Files\Git\mingw64\share\pkgconfig"
 1633.229 D Env:  "SMLNJ_HOME" "C:\Program Files (x86)\SMLNJ\"
 1633.229 D Env:  "HOMEPATH" "\"
 1633.229 D Env:  "HOMESHARE" "\\mars.utdallas.edu\msh160130"
 1633.229 D Env:  "TMP" "C:\Users\MSH160~1\AppData\Local\Temp"
 1633.229 D Env:  "MpConfig_ReportingGUID" "ADC62812-CFD5-4B21-B923-7A348C4E88B8"
 1633.229 D Env:  "MSYSTEM" "MINGW64"
 1633.229 D Env:  "HISTSIZE" "40"
 1633.229 D Env:  "USERPROFILE" "C:\Users\msh160130"
 1633.229 D Env:  "NUMBER_OF_PROCESSORS" "4"
 1633.229 D Env:  "CHROME_MAIN_TICKS" "43069696"
 1633.229 D Env:  "VS140COMNTOOLS" "C:\Program Files (x86)\Microsoft Visual Studio 14.0\Common7\Tools\"
 1633.229 D Env:  "TMPDIR" "C:\Users\MSH160~1\AppData\Local\Temp"
 1633.229 D Env:  "SHLVL" "1"
 1633.229 D Env:  "CommonProgramW6432" "C:\Program Files\Common Files"
 1633.229 D Env:  "HOST" "CSLAB254062"
 1633.229 D Env:  "APPDATA" "C:\Users\msh160130\AppData\Roaming"
 1633.229 D Env:  "windows_tracing_logfile" "C:\BVTBin\Tests\installpackage\csilogfile.log"
 1633.229 D Env:  "MANPATH" "C:\Program Files\Git\mingw64\share\man;C:\Program Files\Git\usr\local\man;C:\Program Files\Git\usr\share\man;C:\Program Files\Git\usr\man;C:\Program Files\Git\share\man"
 1633.229 D Env:  "HISTFILESIZE" "40"
 1633.229 D Env:  "TEMP" "C:\Users\MSH160~1\AppData\Local\Temp"
 1633.229 D Env:  "LOGONSERVER" "\\CAMPUSDC10"
 1633.229 D Env:  "INFOPATH" "C:\Program Files\Git\usr\local\info;C:\Program Files\Git\usr\share\info;C:\Program Files\Git\usr\info;C:\Program Files\Git\share\info"
 1633.229 D Env:  "HOMEDRIVE" "H:"
 1633.229 D Env:  "USERDOMAIN" "CAMPUS"
 1633.229 D Env:  "FP_NO_HOST_CHECK" "NO"
 1633.229 D Env:  "WINDIR" "C:\Windows"
 1633.229 D Env:  "OLDPWD" "C:/Users/msh160130/Desktop"
 1633.229 D Env:  "KINECT_TOOLKIT_DIR" "C:\Program Files\Microsoft SDKs\Kinect\Developer Toolkit v1.8.0\"
 1633.229 D Env:  "PRINTER" "\\csprint\cslab2103"
 1633.229 D Env:  "windows_tracing_flags" "3"
 1633.229 D Env:  "ProgramData" "C:\ProgramData"
 1633.229 D Env:  "ProgramW6432" "C:\Program Files"
 1633.229 D Env:  "PATHEXT" ".COM;.EXE;.BAT;.CMD;.VBS;.VBE;.JS;.JSE;.WSF;.WSH;.MSC;.PY;.PYW"
 1633.229 D Env:  "USERDOMAIN_ROAMINGPROFILE" "CAMPUS"
 1633.229 D Env:  "PSModulePath" "C:\Windows\system32\WindowsPowerShell\v1.0\Modules\;C:\Program Files (x86)\Microsoft SQL Server\120\Tools\PowerShell\Modules\"
 1633.229 D Env:  "HOME" "H:\"
 1633.229 D Env:  "HISTCONTROL" "ignoredups"
 1633.229 D Env:  "MpConfig_ProductUserAppDataPath" "C:\Users\msh160130\AppData\Local\Microsoft\Windows Defender"
 1633.229 D Env:  "ProgramFiles(x86)" "C:\Program Files (x86)"
 1633.229 D Env:  "SHELL" "C:\Program Files\Git\usr\bin\bash"
 1633.229 D Env:  "OS" "Windows_NT"
 1633.229 D Env:  "PATH" "H:\bin;C:\Program Files\Git\mingw64\bin;C:\Program Files\Git\usr\local\bin;C:\Program Files\Git\usr\bin;C:\Program Files\Git\usr\bin;C:\Program Files\Git\mingw64\bin;C:\Program Files\Git\usr\bin;H:\bin;C:\Program Files (x86)\Google\Chrome\Application;C:\Windows\system32;C:\Windows;C:\Windows\System32\Wbem;C:\Windows\System32\WindowsPowerShell\v1.0;C:\Program Files\CMake\bin;C:\Python35\Scripts;C:\Python35;C:\ProgramData\Oracle\Java\javapath;C:\MinGW\bin;C:\Program Files\Microsoft DNX\Dnvm;C:\Program Files (x86)\SMLNJ\bin;ANDROID_HOME;C:\Android\sdk\tools;C:\Android\sdk\platform-tools;C:\Windows\system32\config\systemprofile\.dnx\bin;C:\Program Files\Git\usr\bin\vendor_perl;C:\Program Files\Git\usr\bin\core_perl"
 1633.229 D Env:  "SYSTEMDRIVE" "C:"
 1633.229 D Env:  "MpConfig_ProductPath" "C:\Program Files\Windows Defender"
 1633.229 D Env:  "TERM" "xterm"
 1633.229 D Env:  "COMSPEC" "C:\Windows\system32\cmd.exe"
 1633.229 D Env:  "PROCESSOR_LEVEL" "6"
 1633.229 D Env:  "USERNAME" "msh160130"
 1633.229 D Env: ignoring "JAVA_HOME" "C:\Program Files\Java\jdk1.8.0_91"
 1633.229 D Env:  "PROCESSOR_ARCHITECTURE" "x86"
 1633.229 D Env:  "SYSTEMROOT" "C:\Windows"
 1633.229 D Env:  "HOSTNAME" "CSLAB254062"
 1633.229 D Env:  "ACLOCAL_PATH" "C:\Program Files\Git\mingw64\share\aclocal;C:\Program Files\Git\usr\share\aclocal"
 1633.229 D Env:  "PWD" "C:/Users/msh160130/Desktop/Project-Ozone-2-Modified"
 1633.229 D Env:  "PROCESSOR_REVISION" "5e03"
 1633.229 D Env:  "MpConfig_ProductCodeName" "AntiSpyware"
 1633.229 D Env:  "FTSDK_DIR" "C:\Program Files\Microsoft SDKs\Kinect\Developer Toolkit v1.8.0\"
 1633.229 D Env:  "DISPLAY" "needs-to-be-defined"
 1633.229 D Env:  "COMPUTERNAME" "CSLAB254062"
 1633.229 D Env:  "_" "./MultiMC.exe"
 1633.229 D Env:  "=::" "::\"
 1633.229 D Env:  "COMMONPROGRAMFILES" "C:\Program Files (x86)\Common Files"
 1633.229 D Env:  "LOCALAPPDATA" "C:\Users\msh160130\AppData\Local"
 1633.229 D Env:  "ANDROID_HOME" "C:\Android\sdk"
 1633.229 D Env:  "CHROME_RESTART" "Google Chrome|Whoa! Google Chrome has crashed. Relaunch now?|LEFT_TO_RIGHT"
 1633.229 D Env:  "CommonProgramFiles(x86)" "C:\Program Files (x86)\Common Files"
 1633.229 D Env:  "SESSIONNAME" "Console"
 1633.229 D Env:  "PUBLIC" "C:\Users\Public"
 1633.229 D Env:  "LANG" "en_US.UTF-8"
 1633.229 D Env:  "KINECTSDK10_DIR" "C:\Program Files\Microsoft SDKs\Kinect\v1.8\"
 1633.229 D Env:  "CHROME_PROBED_PROGRAM_FILES_PATH" "C:\Program Files (x86)"
 1682.824 D "Status JSON"  started.
 1682.824 D Downloading  "http://status.mojang.com/check"
 1682.872 D "Status JSON" succeeded.
 1682.872 D Task succeeded
 1682.872 D Finished loading status JSON.
 1682.872 D Status loading succeeded.
 1742.836 D "Status JSON"  started.
 1742.836 D Downloading  "http://status.mojang.com/check"
 1742.888 D "Status JSON" succeeded.
 1742.888 D Task succeeded
 1742.888 D Finished loading status JSON.
 1742.888 D Status loading succeeded.
 1802.850 D "Status JSON"  started.
 1802.850 D Downloading  "http://status.mojang.com/check"
 1802.902 D "Status JSON" succeeded.
 1802.902 D Task succeeded
 1802.902 D Finished loading status JSON.
 1802.902 D Status loading succeeded.
 1862.864 D "Status JSON"  started.
 1862.864 D Downloading  "http://status.mojang.com/check"
 1862.914 D "Status JSON" succeeded.
 1862.914 D Task succeeded
 1862.914 D Finished loading status JSON.
 1862.914 D Status loading succeeded.
 1922.880 D "Status JSON"  started.
 1922.880 D Downloading  "http://status.mojang.com/check"
 1922.929 D "Status JSON" succeeded.
 1922.929 D Task succeeded
 1922.929 D Finished loading status JSON.
 1922.929 D Status loading succeeded.
 1982.900 D "Status JSON"  started.
 1982.900 D Downloading  "http://status.mojang.com/check"
 1982.950 D "Status JSON" succeeded.
 1982.950 D Task succeeded
 1982.950 D Finished loading status JSON.
 1982.950 D Status loading succeeded.
 2042.918 D "Status JSON"  started.
 2042.918 D Downloading  "http://status.mojang.com/check"
 2042.968 D "Status JSON" succeeded.
 2042.968 D Task succeeded
 2042.968 D Finished loading status JSON.
 2042.968 D Status loading succeeded.
 2102.938 D "Status JSON"  started.
 2102.938 D Downloading  "http://status.mojang.com/check"
 2102.987 D "Status JSON" succeeded.
 2102.987 D Task succeeded
 2102.987 D Finished loading status JSON.
 2102.987 D Status loading succeeded.
 2162.959 D "Status JSON"  started.
 2162.959 D Downloading  "http://status.mojang.com/check"
 2163.009 D "Status JSON" succeeded.
 2163.009 D Task succeeded
 2163.009 D Finished loading status JSON.
 2163.009 D Status loading succeeded.
 2222.975 D "Status JSON"  started.
 2222.975 D Downloading  "http://status.mojang.com/check"
 2223.024 D "Status JSON" succeeded.
 2223.024 D Task succeeded
 2223.025 D Finished loading status JSON.
 2223.025 D Status loading succeeded.
 2282.989 D "Status JSON"  started.
 2282.989 D Downloading  "http://status.mojang.com/check"
 2283.039 D "Status JSON" succeeded.
 2283.039 D Task succeeded
 2283.039 D Finished loading status JSON.
 2283.039 D Status loading succeeded.
 2343.002 D "Status JSON"  started.
 2343.002 D Downloading  "http://status.mojang.com/check"
 2343.052 D "Status JSON" succeeded.
 2343.052 D Task succeeded
 2343.053 D Finished loading status JSON.
 2343.053 D Status loading succeeded.
 2403.017 D "Status JSON"  started.
 2403.017 D Downloading  "http://status.mojang.com/check"
 2403.066 D "Status JSON" succeeded.
 2403.067 D Task succeeded
 2403.067 D Finished loading status JSON.
 2403.067 D Status loading succeeded.
 2463.031 D "Status JSON"  started.
 2463.031 D Downloading  "http://status.mojang.com/check"
 2463.080 D "Status JSON" succeeded.
 2463.080 D Task succeeded
 2463.080 D Finished loading status JSON.
 2463.080 D Status loading succeeded.
 2523.044 D "Status JSON"  started.
 2523.044 D Downloading  "http://status.mojang.com/check"
 2523.093 D "Status JSON" succeeded.
 2523.093 D Task succeeded
 2523.093 D Finished loading status JSON.
 2523.093 D Status loading succeeded.
 2583.058 D "Status JSON"  started.
 2583.059 D Downloading  "http://status.mojang.com/check"
 2583.110 D "Status JSON" succeeded.
 2583.110 D Task succeeded
 2583.110 D Finished loading status JSON.
 2583.110 D Status loading succeeded.
 2643.071 D "Status JSON"  started.
 2643.071 D Downloading  "http://status.mojang.com/check"
 2643.121 D "Status JSON" succeeded.
 2643.121 D Task succeeded
 2643.121 D Finished loading status JSON.
 2643.121 D Status loading succeeded.
 2703.085 D "Status JSON"  started.
 2703.085 D Downloading  "http://status.mojang.com/check"
 2703.134 D "Status JSON" succeeded.
 2703.134 D Task succeeded
 2703.134 D Finished loading status JSON.
 2703.135 D Status loading succeeded.
 2763.097 D "Status JSON"  started.
 2763.097 D Downloading  "http://status.mojang.com/check"
 2763.149 D "Status JSON" succeeded.
 2763.150 D Task succeeded
 2763.150 D Finished loading status JSON.
 2763.150 D Status loading succeeded.
 2823.112 D "Status JSON"  started.
 2823.112 D Downloading  "http://status.mojang.com/check"
 2823.161 D "Status JSON" succeeded.
 2823.161 D Task succeeded
 2823.161 D Finished loading status JSON.
 2823.162 D Status loading succeeded.
 2883.125 D "Status JSON"  started.
 2883.125 D Downloading  "http://status.mojang.com/check"
 2883.176 D "Status JSON" succeeded.
 2883.176 D Task succeeded
 2883.176 D Finished loading status JSON.
 2883.176 D Status loading succeeded.
 2943.139 D "Status JSON"  started.
 2943.139 D Downloading  "http://status.mojang.com/check"
 2943.190 D "Status JSON" succeeded.
 2943.190 D Task succeeded
 2943.190 D Finished loading status JSON.
 2943.190 D Status loading succeeded.
 3003.152 D "Status JSON"  started.
 3003.152 D Downloading  "http://status.mojang.com/check"
 3003.201 D "Status JSON" succeeded.
 3003.201 D Task succeeded
 3003.201 D Finished loading status JSON.
 3003.201 D Status loading succeeded.
 3063.165 D "Status JSON"  started.
 3063.165 D Downloading  "http://status.mojang.com/check"
 3063.215 D "Status JSON" succeeded.
 3063.215 D Task succeeded
 3063.215 D Finished loading status JSON.
 3063.215 D Status loading succeeded.
 3123.180 D "Status JSON"  started.
 3123.180 D Downloading  "http://status.mojang.com/check"
 3123.229 D "Status JSON" succeeded.
 3123.229 D Task succeeded
 3123.229 D Finished loading status JSON.
 3123.229 D Status loading succeeded.
 3183.202 D "Status JSON"  started.
 3183.202 D Downloading  "http://status.mojang.com/check"
 3183.270 D "Status JSON" succeeded.
 3183.270 D Task succeeded
 3183.270 D Finished loading status JSON.
 3183.270 D Status loading succeeded.
 3243.207 D "Status JSON"  started.
 3243.207 D Downloading  "http://status.mojang.com/check"
 3243.262 D "Status JSON" succeeded.
 3243.262 D Task succeeded
 3243.262 D Finished loading status JSON.
 3243.262 D Status loading succeeded.
 3303.221 D "Status JSON"  started.
 3303.221 D Downloading  "http://status.mojang.com/check"
 3303.270 D "Status JSON" succeeded.
 3303.270 D Task succeeded
 3303.270 D Finished loading status JSON.
 3303.270 D Status loading succeeded.
 3363.234 D "Status JSON"  started.
 3363.234 D Downloading  "http://status.mojang.com/check"
 3363.292 D "Status JSON" succeeded.
 3363.292 D Task succeeded
 3363.292 D Finished loading status JSON.
 3363.292 D Status loading succeeded.
 3423.248 D "Status JSON"  started.
 3423.248 D Downloading  "http://status.mojang.com/check"
 3423.297 D "Status JSON" succeeded.
 3423.297 D Task succeeded
 3423.297 D Finished loading status JSON.
 3423.297 D Status loading succeeded.
 3483.261 D "Status JSON"  started.
 3483.261 D Downloading  "http://status.mojang.com/check"
 3483.311 D "Status JSON" succeeded.
 3483.311 D Task succeeded
 3483.311 D Finished loading status JSON.
 3483.311 D Status loading succeeded.
 3543.275 D "Status JSON"  started.
 3543.275 D Downloading  "http://status.mojang.com/check"
 3543.325 D "Status JSON" succeeded.
 3543.325 D Task succeeded
 3543.325 D Finished loading status JSON.
 3543.325 D Status loading succeeded.
 3603.289 D "Status JSON"  started.
 3603.289 D Downloading  "http://status.mojang.com/check"
 3603.339 D "Status JSON" succeeded.
 3603.339 D Task succeeded
 3603.339 D Finished loading status JSON.
 3603.340 D Status loading succeeded.
 3663.301 D "Status JSON"  started.
 3663.301 D Downloading  "http://status.mojang.com/check"
 3663.352 D "Status JSON" succeeded.
 3663.352 D Task succeeded
 3663.352 D Finished loading status JSON.
 3663.352 D Status loading succeeded.
 3723.315 D "Status JSON"  started.
 3723.315 D Downloading  "http://status.mojang.com/check"
 3723.364 D "Status JSON" succeeded.
 3723.364 D Task succeeded
 3723.364 D Finished loading status JSON.
 3723.364 D Status loading succeeded.
 3783.328 D "Status JSON"  started.
 3783.328 D Downloading  "http://status.mojang.com/check"
 3783.376 D "Status JSON" succeeded.
 3783.376 D Task succeeded
 3783.376 D Finished loading status JSON.
 3783.376 D Status loading succeeded.
 3843.343 D "Status JSON"  started.
 3843.343 D Downloading  "http://status.mojang.com/check"
 3843.394 D "Status JSON" succeeded.
 3843.394 D Task succeeded
 3843.394 D Finished loading status JSON.
 3843.394 D Status loading succeeded.
 3903.357 D "Status JSON"  started.
 3903.357 D Downloading  "http://status.mojang.com/check"
 3903.408 D "Status JSON" succeeded.
 3903.408 D Task succeeded
 3903.408 D Finished loading status JSON.
 3903.408 D Status loading succeeded.
 3963.369 D "Status JSON"  started.
 3963.369 D Downloading  "http://status.mojang.com/check"
 3963.418 D "Status JSON" succeeded.
 3963.418 D Task succeeded
 3963.418 D Finished loading status JSON.
 3963.418 D Status loading succeeded.
 4023.384 D "Status JSON"  started.
 4023.384 D Downloading  "http://status.mojang.com/check"
 4023.435 D "Status JSON" succeeded.
 4023.435 D Task succeeded
 4023.435 D Finished loading status JSON.
 4023.435 D Status loading succeeded.
 4083.396 D "Status JSON"  started.
 4083.396 D Downloading  "http://status.mojang.com/check"
 4083.445 D "Status JSON" succeeded.
 4083.445 D Task succeeded
 4083.445 D Finished loading status JSON.
 4083.445 D Status loading succeeded.
 4143.410 D "Status JSON"  started.
 4143.410 D Downloading  "http://status.mojang.com/check"
 4143.461 D "Status JSON" succeeded.
 4143.461 D Task succeeded
 4143.461 D Finished loading status JSON.
 4143.461 D Status loading succeeded.
 4203.423 D "Status JSON"  started.
 4203.423 D Downloading  "http://status.mojang.com/check"
 4203.472 D "Status JSON" succeeded.
 4203.472 D Task succeeded
 4203.472 D Finished loading status JSON.
 4203.472 D Status loading succeeded.
 4224.725 D Task succeeded
 4224.740 D Task succeeded
 4233.468 D Task succeeded
 4233.478 D Failed to stop watching  "C:/Users/msh160130/Desktop/Project-Ozone-2-Modified/instances/1.7.10/minecraft/saves"
 4233.479 D Failed to stop watching  "C:/Users/msh160130/Desktop/Project-Ozone-2-Modified/instances/1.7.10/minecraft/texturepacks"
 4233.479 D Failed to stop watching  "C:/Users/msh160130/Desktop/Project-Ozone-2-Modified/instances/1.7.10/minecraft/resourcepacks"
 4233.479 D Failed to stop watching  "C:/Users/msh160130/Desktop/Project-Ozone-2-Modified/instances/1.7.10/minecraft/coremods"
 4233.479 D Failed to stop watching  "C:/Users/msh160130/Desktop/Project-Ozone-2-Modified/instances/1.7.10/minecraft/mods"
