    0.003 D MultiMC 5, (c) 2013-2015 MultiMC Contributors
    0.004 D Version                    :  "0.4.11-751"
    0.004 D Git commit                 :  "a3cd3d5ff18215a475ed6b5f231f3f02ccd668f7"
    0.004 D Git refspec                :  "refs/heads/stable"
    0.004 D Work dir before adjustment :  "C:/Users/Matt Hermes/Desktop/Ozone-Modified/MultiMC"
    0.004 D Work dir after adjustment  :  "C:/Users/Matt Hermes/Desktop/Ozone-Modified/MultiMC"
    0.004 D Adjusted by                :  "Command line C:/Users/Matt Hermes/Desktop/Ozone-Modified/MultiMC"
    0.004 D Binary path                :  "C:/Users/Matt Hermes/Desktop/Ozone-Modified/MultiMC"
    0.004 D Application root path      :  "C:/Users/Matt Hermes/Desktop/Ozone-Modified/MultiMC"
    0.005 D Detected default console font: "Courier" , substitutions: ""
    0.006 D FTB Launcher paths: "C:/Users/Matt Hermes/AppData/Roaming/ftblauncher" and "C:/Users/Matt Hermes/AppData/Local/ftblauncher"
    0.006 D Your language is "en"
    0.011 W libpng warning: iCCP: known incorrect sRGB profile
    0.019 D Started watching  "C:/Users/Matt Hermes/Desktop/Ozone-Modified/MultiMC/icons"
    0.019 D Instance path              :  "instances"
    0.019 D Loading Instances...
    0.020 D Loading MultiMC instance from  "instances/1.7.10"
    0.020 D Loaded instance  "Project Ozone 2"  from  "C:/Users/Matt Hermes/Desktop/Ozone-Modified/MultiMC/instances/1.7.10"
    0.020 D Loading accounts...
    0.021 D Detecting proxy settings...
    0.021 D Using no proxy is an option!
    0.021 D Downloading Translations Index...
    0.021 D "Translations Index"  started.
    0.040 D "Status JSON"  started.
    0.045 D "Startup player skins download"  started.
    0.045 D Loading builtin version list.
    0.046 W Blacklisted legacy version ignored:  "rd-160052"
    0.046 D Loading local version list.
    0.046 D Loaded version "1.7.10" from local version list.
    0.338 D Reloading news.
    0.338 D "News RSS Feed"  started.
    0.338 D Checking for updates.
    0.338 D Channel list isn't loaded yet. Loading channel list and deferring update check.
    0.338 D Loading the channel list.
    0.338 D "Update System Channel List"  started.
    0.339 D "Checking for notifications"  started.
    0.384 D Downloading  "http://files.multimc.org/translations/index"
    0.385 D Downloading  "http://status.mojang.com/check"
    0.386 D Downloading  "https://crafatar.com/skins/83d3619aa3dd4813a289a1dc0645a160.png"
    0.387 D Downloading  "https://crafatar.com/skins/7455223fb79e483e926a6985498fb29a.png"
    0.387 D Downloading  "http://multimc.org/rss.xml"
    0.387 D Downloading  "http://files.multimc.org/update/win32/channels.json"
    0.387 D Downloading  "http://files.multimc.org/notifications.json"
    0.528 D Following redirect to  "https://multimc.org/rss.xml"
    0.528 D Downloading  "https://multimc.org/rss.xml"
    0.638 D Loading remote version list.
    0.639 D Loaded version "16w36a" from remote version list.
    0.639 D Loaded version "16w35a" from remote version list.
    0.639 D Loaded version "16w33a" from remote version list.
    0.639 D Loaded version "16w32b" from remote version list.
    0.639 D Loaded version "1.10.2" from remote version list.
    0.639 D Loaded version "1.10.1" from remote version list.
    0.639 D Loaded version "1.10" from remote version list.
    0.639 D Loaded version "16w21b" from remote version list.
    0.639 D Loaded version "16w20a" from remote version list.
    0.639 D Loaded version "1.9.4" from remote version list.
    0.639 D Loaded version "1.9.3" from remote version list.
    0.639 D Loaded version "16w15b" from remote version list.
    0.639 D Loaded version "16w14a" from remote version list.
    0.639 D Loaded version "1.9.2" from remote version list.
    0.639 D Loaded version "1.9.1" from remote version list.
    0.639 D Loaded version "1.9" from remote version list.
    0.639 D Loaded version "1.8.9" from remote version list.
    0.639 D Loaded version "1.8.8" from remote version list.
    0.639 D Loaded version "1.8.7" from remote version list.
    0.639 D Loaded version "1.8.6" from remote version list.
    0.639 D Loaded version "1.8.5" from remote version list.
    0.639 D Loaded version "1.8.4" from remote version list.
    0.639 D Loaded version "1.8.3" from remote version list.
    0.639 D Loaded version "1.8.2" from remote version list.
    0.639 D Loaded version "1.8.1" from remote version list.
    0.639 D Loaded version "1.8" from remote version list.
    0.639 D Loaded version "1.7.10" from remote version list.
    0.639 D Loaded version "1.7.9" from remote version list.
    0.639 D Loaded version "1.7.8" from remote version list.
    0.639 D Loaded version "1.7.7" from remote version list.
    0.639 D Loaded version "1.7.6" from remote version list.
    0.639 D Loaded version "1.7.5" from remote version list.
    0.639 D Loaded version "1.7.4" from remote version list.
    0.639 D Loaded version "1.7.3" from remote version list.
    0.639 D Loaded version "1.7.2" from remote version list.
    0.639 D Loaded version "1.6.4" from remote version list.
    0.639 D Loaded version "1.6.2" from remote version list.
    0.639 D Loaded version "1.6.1" from remote version list.
    0.640 W Blacklisted legacy version ignored:  "rd-160052"
    0.640 D Task succeeded
    0.640 C "Failed to load LWJGL list. XML error: error occurred while parsing element at line 2"
    0.641 D "Status JSON" succeeded.
    0.641 D Task succeeded
    0.641 D Finished loading status JSON.
    0.641 D Status loading succeeded.
    0.839 D "Startup player skins download" succeeded.
    0.839 D Task succeeded
    0.840 D "Translations Index" succeeded.
    0.840 D Task succeeded
    0.840 D Got translations index!
    0.841 D "Translations"  started.
    0.842 D Downloading  "http://files.multimc.org/translations/bg.qm"
    0.843 D Downloading  "http://files.multimc.org/translations/cs.qm"
    0.844 D Downloading  "http://files.multimc.org/translations/de.qm"
    0.844 D Downloading  "http://files.multimc.org/translations/es.qm"
    0.845 D Downloading  "http://files.multimc.org/translations/fi.qm"
    0.845 D Downloading  "http://files.multimc.org/translations/fr.qm"
    0.989 D "Checking for notifications" succeeded.
    0.989 D Task succeeded
    0.990 D Downloading  "http://files.multimc.org/translations/it.qm"
    0.990 D "Update System Channel List" succeeded.
    0.990 D Task succeeded
    0.990 D Successfully loaded UpdateChecker channel list.
    0.990 D Checking for updates.
    0.990 D m_repoUrl =  "http://files.multimc.org/update/win32/stable/"
    0.990 D "GoUpdate Repository Index"  started.
    0.990 D Downloading  "http://files.multimc.org/translations/ja.qm"
    0.990 D Downloading  "http://files.multimc.org/translations/ko.qm"
    0.992 D Downloading  "http://files.multimc.org/translations/nb.qm"
    0.993 D Downloading  "http://files.multimc.org/translations/nl.qm"
    0.994 D Downloading  "http://files.multimc.org/translations/pl.qm"
    0.994 D Downloading  "http://files.multimc.org/update/win32/stable/index.json"
    1.024 D Downloading  "http://files.multimc.org/translations/pt_BR.qm"
    1.029 D Downloading  "http://files.multimc.org/translations/pt_PT.qm"
    1.030 D Downloading  "http://files.multimc.org/translations/ru.qm"
    1.031 D Downloading  "http://files.multimc.org/translations/sv.qm"
    1.032 D Downloading  "http://files.multimc.org/translations/tr.qm"
    1.039 D Downloading  "http://files.multimc.org/translations/zh.qm"
    1.061 D Downloading  "http://files.multimc.org/translations/zh_TW.qm"
    1.112 D "Translations" succeeded.
    1.112 D Task succeeded
    1.112 D Got translations!
    1.120 D "News RSS Feed" succeeded.
    1.120 D Task succeeded
    1.120 D Finished loading RSS feed.
    1.120 D Loaded news entry "Update to 0.4.11 - OSX 10.7 fix and workaround for Minecraft 1.9 compatibility"
    1.120 D Loaded news entry "Update to 0.4.10 - Another wifi fix"
    1.120 D Loaded news entry "Update to 0.4.9 - the Windows wifi fix"
    1.120 D Loaded news entry "Update to 0.4.8"
    1.120 D Loaded news entry "Update to 0.4.7, what 0.4.6 should have been."
    1.120 D Loaded news entry "Update to 0.4.6, Bug fixes and improvements!"
    1.120 D Loaded news entry "Update to 0.4.5, Translations, Themes, and Technic"
    1.120 D Loaded news entry "Version 0.4 out - Jar mods, UI changes, and more!"
    1.120 D Loaded news entry "Introducing QuickMods - A better way to install mods"
    1.120 D Loaded news entry "Support us on Patreon!"
    1.120 D News loading succeeded.
    1.187 D "GoUpdate Repository Index" succeeded.
    1.187 D Task succeeded
    1.187 D Finished downloading repo index. Checking for new versions.
    1.187 D Processing repository version list.
    8.274 D Processing authentication response.
    8.275 D Getting new access token.
    8.275 D Finished reading refresh response.
    8.275 D Task succeeded
    8.275 D Writing account list to "accounts.json"
    8.275 D Building JSON data structure.
    8.275 D Building account array.
    8.275 D Writing account list to file.
    8.278 D Saved account list to "accounts.json"
    9.257 W Order file doesn't exist. Ignoring.
    9.257 D Reading "net.minecraftforge.json"
    9.262 W Order file doesn't exist. Ignoring.
    9.262 D Reading "net.minecraftforge.json"
    9.281 C BAD stuff happened to mod json:
    9.281 C "{
  "modListVersion": 5,
  "modList": [{
    "modid": "aether",
    "name": "Aether II",
    "description": "In development by Gilded Games, the Aether II is an extensive mod for Minecraft which implements a remarkable world in the skies. Adventure, danger, and mystery awaits in the depths of the Aether.",
    "version": "1.7.10-1.6",
    "mcversion": "1.7.10",
    "url": "http://www.AetherII.com",
    "updateUrl": "",
    "authorList": [ "Brandon Pearce", "Emile van Krieken", "Oscar Payn", "Hugo Payn", "Brandon Potts", "Brendan Freeman", "Collin Soares", "Kino", "Jon Lachney" ],
    "credits": "Gilded Games, The Aether Team",
    "logoFile": "/assets/aether/logo.png",
    "requiredMods": [ "Forge", "gilded-games-util" ],
    "dependencies": [ "gilded-games-util" ],
    "useDependencyInformation": true
  }]
}
"
    9.662 W QWidget::setLayout: Attempting to set QLayout "" on ConsoleWindow "", which already has a layout
    9.683 D Task succeeded
    9.683 D Task succeeded
    9.684 D Task succeeded
    9.684 D "Version index"  started.
    9.708 D Downloading  "https://launchermeta.mojang.com/mc/game/016674e6940d040efe6df3a459a4fe10faaa6a40/1.7.10.json"
   10.679 D "Version index" succeeded.
   10.679 D Task succeeded
   10.760 D Task succeeded
   10.760 D "Project Ozone 2" : downloading libraries
   10.761 W Order file doesn't exist. Ignoring.
   10.761 D Reading "net.minecraftforge.json"
   10.764 D "Libraries for instance Project Ozone 2"  started.
   10.764 D "Libraries for instance Project Ozone 2" succeeded.
   10.765 D Task succeeded
   10.765 D "Project Ozone 2" : Starting asset index download
   10.765 D "Asset index for Project Ozone 2"  started.
   10.765 D Downloading  "http://s3.amazonaws.com/Minecraft.Download/indexes/1.7.10.json"
   10.970 D "Asset index for Project Ozone 2" succeeded.
   10.970 D Task succeeded
   10.970 D "Project Ozone 2" : Finished asset index download
   10.983 D Task succeeded
   10.983 D Task succeeded
   11.003 C BAD stuff happened to mod json:
   11.004 C "{
  "modListVersion": 5,
  "modList": [{
    "modid": "aether",
    "name": "Aether II",
    "description": "In development by Gilded Games, the Aether II is an extensive mod for Minecraft which implements a remarkable world in the skies. Adventure, danger, and mystery awaits in the depths of the Aether.",
    "version": "1.7.10-1.6",
    "mcversion": "1.7.10",
    "url": "http://www.AetherII.com",
    "updateUrl": "",
    "authorList": [ "Brandon Pearce", "Emile van Krieken", "Oscar Payn", "Hugo Payn", "Brandon Potts", "Brendan Freeman", "Collin Soares", "Kino", "Jon Lachney" ],
    "credits": "Gilded Games, The Aether Team",
    "logoFile": "/assets/aether/logo.png",
    "requiredMods": [ "Forge", "gilded-games-util" ],
    "dependencies": [ "gilded-games-util" ],
    "useDependencyInformation": true
  }]
}
"
   11.285 D reconstructAssets "assets" "assets/indexes" "assets/objects" "assets/virtual" "assets/virtual/1.7.10"
   11.289 D Env:  "PATHEXT" ".COM;.EXE;.BAT;.CMD;.VBS;.VBE;.JS;.JSE;.WSF;.WSH;.MSC"
   11.289 D Env:  "TEMP" "C:\Users\MATTHE~1\AppData\Local\Temp"
   11.289 D Env:  "USERDOMAIN" "DESKTOP-E0HRGE1"
   11.289 D Env:  "CommonProgramFiles(x86)" "C:\Program Files (x86)\Common Files"
   11.289 D Env:  "PROCESSOR_IDENTIFIER" "Intel64 Family 6 Model 94 Stepping 3, GenuineIntel"
   11.289 D Env:  "TMP" "C:\Users\MATTHE~1\AppData\Local\Temp"
   11.289 D Env:  "PSModulePath" "C:\Program Files\WindowsPowerShell\Modules;C:\Windows\system32\WindowsPowerShell\v1.0\Modules;C:\Program Files\Intel\"
   11.289 D Env:  "=::" "::\"
   11.289 D Env:  "PUBLIC" "C:\Users\Public"
   11.289 D Env:  "USERDOMAIN_ROAMINGPROFILE" "DESKTOP-E0HRGE1"
   11.289 D Env:  "PROCESSOR_ARCHITECTURE" "x86"
   11.289 D Env:  "SESSIONNAME" "Console"
   11.289 D Env:  "OS" "Windows_NT"
   11.289 D Env:  "ProgramFiles(x86)" "C:\Program Files (x86)"
   11.289 D Env:  "SystemRoot" "C:\Windows"
   11.289 D Env:  "COMPUTERNAME" "DESKTOP-E0HRGE1"
   11.289 D Env:  "Path" "C:\ProgramData\Oracle\Java\javapath;C:\Windows\system32;C:\Windows;C:\Windows\System32\Wbem;C:\Windows\System32\WindowsPowerShell\v1.0\;C:\Program Files (x86)\PuTTY\;C:\Program Files (x86)\NVIDIA Corporation\PhysX\Common;C:\Program Files (x86)\Skype\Phone\;C:\MinGW\bin;C:\Program Files\Git\cmd;C:\Program Files (x86)\Nmap"
   11.289 D Env:  "HOMEDRIVE" "C:"
   11.289 D Env:  "USERPROFILE" "C:\Users\Matt Hermes"
   11.289 D Env:  "SystemDrive" "C:"
   11.289 D Env:  "USERNAME" "Matt Hermes"
   11.289 D Env:  "LOGONSERVER" "\\DESKTOP-E0HRGE1"
   11.289 D Env:  "ProgramFiles" "C:\Program Files (x86)"
   11.289 D Env:  "CommonProgramW6432" "C:\Program Files\Common Files"
   11.289 D Env:  "ALLUSERSPROFILE" "C:\ProgramData"
   11.289 D Env:  "ComSpec" "C:\Windows\system32\cmd.exe"
   11.289 D Env:  "HOMEPATH" "\Users\Matt Hermes"
   11.289 D Env:  "ProgramData" "C:\ProgramData"
   11.289 D Env:  "LOCALAPPDATA" "C:\Users\Matt Hermes\AppData\Local"
   11.289 D Env:  "CommonProgramFiles" "C:\Program Files (x86)\Common Files"
   11.289 D Env:  "APPDATA" "C:\Users\Matt Hermes\AppData\Roaming"
   11.289 D Env:  "PROCESSOR_LEVEL" "6"
   11.289 D Env:  "ProgramW6432" "C:\Program Files"
   11.289 D Env:  "windir" "C:\Windows"
   11.289 D Env:  "PROCESSOR_ARCHITEW6432" "AMD64"
   11.289 D Env:  "PROCESSOR_REVISION" "5e03"
   11.289 D Env:  "NUMBER_OF_PROCESSORS" "4"
   60.034 D "Status JSON"  started.
   60.034 D Downloading  "http://status.mojang.com/check"
   60.123 D "Status JSON" succeeded.
   60.123 D Task succeeded
   60.123 D Finished loading status JSON.
   60.123 D Status loading succeeded.
  120.037 D "Status JSON"  started.
  120.037 D Downloading  "http://status.mojang.com/check"
  120.126 D "Status JSON" succeeded.
  120.126 D Task succeeded
  120.126 D Finished loading status JSON.
  120.126 D Status loading succeeded.
  180.034 D "Status JSON"  started.
  180.034 D Downloading  "http://status.mojang.com/check"
  180.122 D "Status JSON" succeeded.
  180.122 D Task succeeded
  180.122 D Finished loading status JSON.
  180.122 D Status loading succeeded.
  240.042 D "Status JSON"  started.
  240.042 D Downloading  "http://status.mojang.com/check"
  240.131 D "Status JSON" succeeded.
  240.131 D Task succeeded
  240.131 D Finished loading status JSON.
  240.131 D Status loading succeeded.
  300.039 D "Status JSON"  started.
  300.039 D Downloading  "http://status.mojang.com/check"
  300.128 D "Status JSON" succeeded.
  300.128 D Task succeeded
  300.128 D Finished loading status JSON.
  300.128 D Status loading succeeded.
  360.040 D "Status JSON"  started.
  360.040 D Downloading  "http://status.mojang.com/check"
  360.128 D "Status JSON" succeeded.
  360.128 D Task succeeded
  360.128 D Finished loading status JSON.
  360.128 D Status loading succeeded.
  420.045 D "Status JSON"  started.
  420.045 D Downloading  "http://status.mojang.com/check"
  420.129 D "Status JSON" succeeded.
  420.129 D Task succeeded
  420.129 D Finished loading status JSON.
  420.130 D Status loading succeeded.
  480.039 D "Status JSON"  started.
  480.039 D Downloading  "http://status.mojang.com/check"
  480.124 D "Status JSON" succeeded.
  480.124 D Task succeeded
  480.124 D Finished loading status JSON.
  480.124 D Status loading succeeded.
  540.041 D "Status JSON"  started.
  540.041 D Downloading  "http://status.mojang.com/check"
  540.128 D "Status JSON" succeeded.
  540.128 D Task succeeded
  540.128 D Finished loading status JSON.
  540.128 D Status loading succeeded.
  600.037 D "Status JSON"  started.
  600.037 D Downloading  "http://status.mojang.com/check"
  600.144 D "Status JSON" succeeded.
  600.144 D Task succeeded
  600.144 D Finished loading status JSON.
  600.144 D Status loading succeeded.
  660.034 D "Status JSON"  started.
  660.034 D Downloading  "http://status.mojang.com/check"
  660.118 D "Status JSON" succeeded.
  660.118 D Task succeeded
  660.118 D Finished loading status JSON.
  660.118 D Status loading succeeded.
  720.036 D "Status JSON"  started.
  720.036 D Downloading  "http://status.mojang.com/check"
  720.119 D "Status JSON" succeeded.
  720.119 D Task succeeded
  720.119 D Finished loading status JSON.
  720.119 D Status loading succeeded.
  780.043 D "Status JSON"  started.
  780.043 D Downloading  "http://status.mojang.com/check"
  780.131 D "Status JSON" succeeded.
  780.131 D Task succeeded
  780.131 D Finished loading status JSON.
  780.131 D Status loading succeeded.
  840.036 D "Status JSON"  started.
  840.036 D Downloading  "http://status.mojang.com/check"
  840.120 D "Status JSON" succeeded.
  840.120 D Task succeeded
  840.120 D Finished loading status JSON.
  840.120 D Status loading succeeded.
  900.040 D "Status JSON"  started.
  900.040 D Downloading  "http://status.mojang.com/check"
  900.123 D "Status JSON" succeeded.
  900.123 D Task succeeded
  900.123 D Finished loading status JSON.
  900.123 D Status loading succeeded.
  960.039 D "Status JSON"  started.
  960.039 D Downloading  "http://status.mojang.com/check"
  960.124 D "Status JSON" succeeded.
  960.124 D Task succeeded
  960.124 D Finished loading status JSON.
  960.124 D Status loading succeeded.
 1020.036 D "Status JSON"  started.
 1020.036 D Downloading  "http://status.mojang.com/check"
 1020.124 D "Status JSON" succeeded.
 1020.124 D Task succeeded
 1020.124 D Finished loading status JSON.
 1020.124 D Status loading succeeded.
 1080.035 D "Status JSON"  started.
 1080.035 D Downloading  "http://status.mojang.com/check"
 1080.119 D "Status JSON" succeeded.
 1080.119 D Task succeeded
 1080.119 D Finished loading status JSON.
 1080.119 D Status loading succeeded.
 1140.041 D "Status JSON"  started.
 1140.041 D Downloading  "http://status.mojang.com/check"
 1140.127 D "Status JSON" succeeded.
 1140.127 D Task succeeded
 1140.127 D Finished loading status JSON.
 1140.127 D Status loading succeeded.
 1200.041 D "Status JSON"  started.
 1200.041 D Downloading  "http://status.mojang.com/check"
 1200.129 D "Status JSON" succeeded.
 1200.129 D Task succeeded
 1200.129 D Finished loading status JSON.
 1200.129 D Status loading succeeded.
 1260.034 D "Status JSON"  started.
 1260.034 D Downloading  "http://status.mojang.com/check"
 1260.123 D "Status JSON" succeeded.
 1260.123 D Task succeeded
 1260.123 D Finished loading status JSON.
 1260.123 D Status loading succeeded.
 1320.035 D "Status JSON"  started.
 1320.035 D Downloading  "http://status.mojang.com/check"
 1320.125 D "Status JSON" succeeded.
 1320.125 D Task succeeded
 1320.125 D Finished loading status JSON.
 1320.125 D Status loading succeeded.
 1380.037 D "Status JSON"  started.
 1380.037 D Downloading  "http://status.mojang.com/check"
 1380.126 D "Status JSON" succeeded.
 1380.126 D Task succeeded
 1380.126 D Finished loading status JSON.
 1380.126 D Status loading succeeded.
 1440.036 D "Status JSON"  started.
 1440.036 D Downloading  "http://status.mojang.com/check"
 1440.124 D "Status JSON" succeeded.
 1440.124 D Task succeeded
 1440.124 D Finished loading status JSON.
 1440.124 D Status loading succeeded.
 1500.034 D "Status JSON"  started.
 1500.034 D Downloading  "http://status.mojang.com/check"
 1500.118 D "Status JSON" succeeded.
 1500.118 D Task succeeded
 1500.118 D Finished loading status JSON.
 1500.118 D Status loading succeeded.
 1560.038 D "Status JSON"  started.
 1560.038 D Downloading  "http://status.mojang.com/check"
 1560.123 D "Status JSON" succeeded.
 1560.123 D Task succeeded
 1560.123 D Finished loading status JSON.
 1560.123 D Status loading succeeded.
 1620.045 D "Status JSON"  started.
 1620.045 D Downloading  "http://status.mojang.com/check"
 1620.132 D "Status JSON" succeeded.
 1620.132 D Task succeeded
 1620.132 D Finished loading status JSON.
 1620.132 D Status loading succeeded.
 1680.036 D "Status JSON"  started.
 1680.036 D Downloading  "http://status.mojang.com/check"
 1680.123 D "Status JSON" succeeded.
 1680.123 D Task succeeded
 1680.123 D Finished loading status JSON.
 1680.123 D Status loading succeeded.
 1740.035 D "Status JSON"  started.
 1740.035 D Downloading  "http://status.mojang.com/check"
 1740.120 D "Status JSON" succeeded.
 1740.120 D Task succeeded
 1740.120 D Finished loading status JSON.
 1740.120 D Status loading succeeded.
 1800.036 D "Status JSON"  started.
 1800.036 D Downloading  "http://status.mojang.com/check"
 1800.119 D "Status JSON" succeeded.
 1800.119 D Task succeeded
 1800.119 D Finished loading status JSON.
 1800.119 D Status loading succeeded.
 1860.034 D "Status JSON"  started.
 1860.034 D Downloading  "http://status.mojang.com/check"
 1860.122 D "Status JSON" succeeded.
 1860.122 D Task succeeded
 1860.122 D Finished loading status JSON.
 1860.122 D Status loading succeeded.
 1920.035 D "Status JSON"  started.
 1920.035 D Downloading  "http://status.mojang.com/check"
 1920.124 D "Status JSON" succeeded.
 1920.124 D Task succeeded
 1920.124 D Finished loading status JSON.
 1920.124 D Status loading succeeded.
 1980.041 D "Status JSON"  started.
 1980.041 D Downloading  "http://status.mojang.com/check"
 1980.125 D "Status JSON" succeeded.
 1980.125 D Task succeeded
 1980.125 D Finished loading status JSON.
 1980.125 D Status loading succeeded.
 2040.041 D "Status JSON"  started.
 2040.041 D Downloading  "http://status.mojang.com/check"
 2040.129 D "Status JSON" succeeded.
 2040.129 D Task succeeded
 2040.129 D Finished loading status JSON.
 2040.129 D Status loading succeeded.
 2100.041 D "Status JSON"  started.
 2100.041 D Downloading  "http://status.mojang.com/check"
 2100.130 D "Status JSON" succeeded.
 2100.130 D Task succeeded
 2100.130 D Finished loading status JSON.
 2100.130 D Status loading succeeded.
 2160.034 D "Status JSON"  started.
 2160.034 D Downloading  "http://status.mojang.com/check"
 2160.120 D "Status JSON" succeeded.
 2160.121 D Task succeeded
 2160.121 D Finished loading status JSON.
 2160.121 D Status loading succeeded.
 2220.045 D "Status JSON"  started.
 2220.045 D Downloading  "http://status.mojang.com/check"
 2220.129 D "Status JSON" succeeded.
 2220.129 D Task succeeded
 2220.129 D Finished loading status JSON.
 2220.130 D Status loading succeeded.
 2280.036 D "Status JSON"  started.
 2280.036 D Downloading  "http://status.mojang.com/check"
 2280.123 D "Status JSON" succeeded.
 2280.123 D Task succeeded
 2280.123 D Finished loading status JSON.
 2280.123 D Status loading succeeded.
 2340.040 D "Status JSON"  started.
 2340.040 D Downloading  "http://status.mojang.com/check"
 2340.130 D "Status JSON" succeeded.
 2340.130 D Task succeeded
 2340.130 D Finished loading status JSON.
 2340.130 D Status loading succeeded.
 2400.038 D "Status JSON"  started.
 2400.038 D Downloading  "http://status.mojang.com/check"
 2400.122 D "Status JSON" succeeded.
 2400.122 D Task succeeded
 2400.122 D Finished loading status JSON.
 2400.122 D Status loading succeeded.
 2460.037 D "Status JSON"  started.
 2460.037 D Downloading  "http://status.mojang.com/check"
 2460.127 D "Status JSON" succeeded.
 2460.127 D Task succeeded
 2460.127 D Finished loading status JSON.
 2460.127 D Status loading succeeded.
