[00:00:02] [Client thread/INFO]: tconstruct.tools.gui.CraftingStationGui
[00:00:02] [Client thread/INFO]: tconstruct.tools.inventory.CraftingStationContainer
[00:00:20] [Client thread/INFO]: tconstruct.tools.gui.CraftingStationGui
[00:00:20] [Client thread/INFO]: tconstruct.tools.inventory.CraftingStationContainer
[00:00:42] [Client thread/INFO]: net.minecraft.client.gui.inventory.GuiInventory
[00:00:42] [Client thread/INFO]: net.minecraft.inventory.ContainerPlayer
[00:00:45] [Client thread/INFO]: net.minecraft.client.gui.inventory.GuiChest
[00:00:45] [Client thread/INFO]: net.minecraft.inventory.ContainerChest
[00:01:35] [Client thread/INFO]: net.minecraft.client.gui.inventory.GuiInventory
[00:01:35] [Client thread/INFO]: net.minecraft.inventory.ContainerPlayer
[00:01:48] [Client thread/INFO]: [CHAT] §3You begin to feel comfortable handling the §fFlint Pickaxe§3
[00:01:48] [Client thread/INFO]: [CHAT] §3Perhaps holding on to it will bring you luck? §3(§9+100 Luck§3)
[00:01:48] [Client thread/INFO]: [CHAT] §3You notice room for improvement §3(§6+1 Modifier§3)
[00:01:48] [Client thread/INFO]: net.minecraft.client.gui.inventory.GuiChest
[00:01:48] [Client thread/INFO]: net.minecraft.inventory.ContainerChest
[00:02:11] [Server thread/INFO]: [com.gildedgames.util.core.UtilCore:debugPrint:261]: [GG DEV]: Flushing data for GG Util
[00:02:11] [Server thread/INFO]: [com.gildedgames.util.core.UtilCore:debugPrint:261]: [GG DEV]: Finished flushing data for GG Util
[00:02:19] [Client thread/INFO]: net.minecraft.client.gui.inventory.GuiInventory
[00:02:19] [Client thread/INFO]: net.minecraft.inventory.ContainerPlayer
[00:02:25] [Client thread/INFO]: net.minecraft.client.gui.inventory.GuiInventory
[00:02:25] [Client thread/INFO]: net.minecraft.inventory.ContainerPlayer
[00:02:28] [Client thread/INFO]: Automatic stack replacement.
[00:02:28] [Client thread/INFO]: net.minecraft.client.gui.inventory.GuiInventory
[00:02:28] [Client thread/INFO]: net.minecraft.inventory.ContainerPlayer
[00:02:35] [Client thread/INFO]: net.minecraft.client.gui.inventory.GuiInventory
[00:02:35] [Client thread/INFO]: net.minecraft.inventory.ContainerPlayer
[00:02:48] [Client thread/INFO]: net.minecraft.client.gui.inventory.GuiInventory
[00:02:48] [Client thread/INFO]: net.minecraft.inventory.ContainerPlayer
[00:03:06] [Client thread/INFO]: net.minecraft.client.gui.inventory.GuiInventory
[00:03:06] [Client thread/INFO]: net.minecraft.inventory.ContainerPlayer
[00:03:46] [Client thread/INFO]: net.minecraft.client.gui.inventory.GuiInventory
[00:03:46] [Client thread/INFO]: net.minecraft.inventory.ContainerPlayer
[00:03:49] [Client thread/INFO]: net.minecraft.client.gui.inventory.GuiInventory
[00:03:49] [Client thread/INFO]: net.minecraft.inventory.ContainerPlayer
[00:04:01] [Client thread/INFO]: tconstruct.smeltery.gui.SmelteryGui
[00:04:01] [Client thread/INFO]: tconstruct.smeltery.inventory.SmelteryContainer
[00:04:11] [Client thread/INFO]: net.minecraft.client.gui.inventory.GuiChest
[00:04:11] [Client thread/INFO]: net.minecraft.inventory.ContainerChest
[00:04:13] [Client thread/INFO]: net.minecraft.client.gui.inventory.GuiChest
[00:04:13] [Client thread/INFO]: net.minecraft.inventory.ContainerChest
[00:04:14] [Client thread/INFO]: net.minecraft.client.gui.inventory.GuiChest
[00:04:14] [Client thread/INFO]: net.minecraft.inventory.ContainerChest
[00:04:16] [Client thread/INFO]: hardcorequesting.client.interfaces.GuiQuestBook
[00:04:22] [Client thread/INFO]: net.minecraft.client.gui.inventory.GuiInventory
[00:04:22] [Client thread/INFO]: net.minecraft.inventory.ContainerPlayer
[00:04:24] [Client thread/INFO]: net.minecraft.client.gui.inventory.GuiChest
[00:04:24] [Client thread/INFO]: net.minecraft.inventory.ContainerChest
[00:04:32] [Client thread/INFO]: net.minecraft.client.gui.inventory.GuiInventory
[00:04:32] [Client thread/INFO]: net.minecraft.inventory.ContainerPlayer
[00:04:34] [Client thread/INFO]: net.minecraft.client.gui.inventory.GuiFurnace
[00:04:34] [Client thread/INFO]: net.minecraft.inventory.ContainerFurnace
[00:04:35] [Client thread/INFO]: net.minecraft.client.gui.inventory.GuiChest
[00:04:35] [Client thread/INFO]: net.minecraft.inventory.ContainerChest
[00:04:42] [Client thread/INFO]: net.minecraft.client.gui.inventory.GuiInventory
[00:04:42] [Client thread/INFO]: net.minecraft.inventory.ContainerPlayer
[00:04:51] [Client thread/INFO]: net.minecraft.client.gui.inventory.GuiChest
[00:04:51] [Client thread/INFO]: net.minecraft.inventory.ContainerChest
[00:04:53] [Client thread/INFO]: net.minecraft.client.gui.inventory.GuiFurnace
[00:04:53] [Client thread/INFO]: net.minecraft.inventory.ContainerFurnace
[00:04:55] [Client thread/INFO]: net.minecraft.client.gui.inventory.GuiFurnace
[00:04:55] [Client thread/INFO]: net.minecraft.inventory.ContainerFurnace
[00:04:56] [Client thread/INFO]: net.minecraft.client.gui.inventory.GuiFurnace
[00:04:56] [Client thread/INFO]: net.minecraft.inventory.ContainerFurnace
[00:04:58] [Client thread/INFO]: net.minecraft.client.gui.inventory.GuiFurnace
[00:04:58] [Client thread/INFO]: net.minecraft.inventory.ContainerFurnace
[00:05:11] [Server thread/INFO]: [com.gildedgames.util.core.UtilCore:debugPrint:261]: [GG DEV]: Flushing data for GG Util
[00:05:11] [Server thread/INFO]: [com.gildedgames.util.core.UtilCore:debugPrint:261]: [GG DEV]: Finished flushing data for GG Util
[00:05:20] [Client thread/INFO]: net.minecraft.client.gui.inventory.GuiInventory
[00:05:20] [Client thread/INFO]: net.minecraft.inventory.ContainerPlayer
[00:05:27] [Client thread/INFO]: net.minecraft.client.gui.inventory.GuiInventory
[00:05:27] [Client thread/INFO]: net.minecraft.inventory.ContainerPlayer
[00:05:29] [Client thread/INFO]: Automatic stack replacement.
[00:05:29] [Client thread/INFO]: net.minecraft.client.gui.inventory.GuiInventory
[00:05:29] [Client thread/INFO]: net.minecraft.inventory.ContainerPlayer
[00:05:32] [Client thread/INFO]: Automatic stack replacement.
[00:06:03] [Client thread/INFO]: net.minecraft.client.gui.inventory.GuiInventory
[00:06:03] [Client thread/INFO]: net.minecraft.inventory.ContainerPlayer
[00:06:07] [Client thread/INFO]: net.minecraft.client.gui.inventory.GuiInventory
[00:06:07] [Client thread/INFO]: net.minecraft.inventory.ContainerPlayer
[00:06:11] [Client thread/INFO]: net.minecraft.client.gui.inventory.GuiChest
[00:06:11] [Client thread/INFO]: net.minecraft.inventory.ContainerChest
[00:07:14] [Client thread/INFO]: net.minecraft.client.gui.inventory.GuiChest
[00:07:14] [Client thread/INFO]: net.minecraft.inventory.ContainerChest
[00:07:17] [Client thread/INFO]: net.minecraft.client.gui.inventory.GuiChest
[00:07:17] [Client thread/INFO]: net.minecraft.inventory.ContainerChest
[00:07:18] [Client thread/INFO]: net.minecraft.client.gui.inventory.GuiInventory
[00:07:18] [Client thread/INFO]: net.minecraft.inventory.ContainerPlayer
[00:07:20] [Client thread/INFO]: Handling crafting slots.
[00:07:20] [Client thread/INFO]: Merging stacks.
[00:07:20] [Client thread/INFO]: Applying rules.
[00:07:20] [Client thread/INFO]: Locking stacks.
[00:07:20] [Client thread/INFO]: Default sorting.
[00:07:20] [Client thread/INFO]: Sorting done in 630650ns
[00:07:30] [Client thread/INFO]: net.minecraft.client.gui.inventory.GuiChest
[00:07:30] [Client thread/INFO]: net.minecraft.inventory.ContainerChest
[00:07:31] [Client thread/INFO]: net.minecraft.client.gui.inventory.GuiChest
[00:07:31] [Client thread/INFO]: net.minecraft.inventory.ContainerChest
[00:07:32] [Client thread/INFO]: net.minecraft.client.gui.inventory.GuiInventory
[00:07:32] [Client thread/INFO]: net.minecraft.inventory.ContainerPlayer
[00:07:37] [Client thread/INFO]: net.minecraft.client.gui.inventory.GuiInventory
[00:07:37] [Client thread/INFO]: net.minecraft.inventory.ContainerPlayer
[00:07:45] [Client thread/INFO]: net.minecraft.client.gui.inventory.GuiInventory
[00:07:45] [Client thread/INFO]: net.minecraft.inventory.ContainerPlayer
[00:07:46] [Client thread/INFO]: mal.lootbags.gui.LootbagGui
[00:07:46] [Client thread/INFO]: mal.lootbags.gui.LootbagContainer
[00:07:47] [Client thread/INFO]: Automatic stack replacement.
[00:07:48] [Client thread/INFO]: net.minecraft.client.gui.inventory.GuiChest
[00:07:48] [Client thread/INFO]: net.minecraft.inventory.ContainerChest
[00:07:50] [Client thread/INFO]: mal.lootbags.gui.LootbagGui
[00:07:50] [Client thread/INFO]: mal.lootbags.gui.LootbagContainer
[00:07:51] [Client thread/INFO]: Automatic stack replacement.
[00:07:51] [Client thread/INFO]: mal.lootbags.gui.LootbagGui
[00:07:51] [Client thread/INFO]: mal.lootbags.gui.LootbagContainer
[00:07:52] [Client thread/INFO]: Automatic stack replacement.
[00:07:52] [Client thread/INFO]: mal.lootbags.gui.LootbagGui
[00:07:52] [Client thread/INFO]: mal.lootbags.gui.LootbagContainer
[00:08:01] [Client thread/INFO]: net.minecraft.client.gui.inventory.GuiInventory
[00:08:01] [Client thread/INFO]: net.minecraft.inventory.ContainerPlayer
[00:08:03] [Client thread/INFO]: net.minecraft.client.gui.inventory.GuiInventory
[00:08:03] [Client thread/INFO]: net.minecraft.inventory.ContainerPlayer
[00:08:06] [Client thread/INFO]: net.minecraft.client.gui.inventory.GuiChest
[00:08:06] [Client thread/INFO]: net.minecraft.inventory.ContainerChest
[00:08:11] [Server thread/INFO]: [com.gildedgames.util.core.UtilCore:debugPrint:261]: [GG DEV]: Flushing data for GG Util
[00:08:11] [Server thread/INFO]: [com.gildedgames.util.core.UtilCore:debugPrint:261]: [GG DEV]: Finished flushing data for GG Util
[00:09:06] [Client thread/INFO]: net.minecraft.client.gui.inventory.GuiInventory
[00:09:06] [Client thread/INFO]: net.minecraft.inventory.ContainerPlayer
[00:09:12] [Client thread/INFO]: net.minecraft.client.gui.inventory.GuiInventory
[00:09:12] [Client thread/INFO]: net.minecraft.inventory.ContainerPlayer
[00:09:14] [Client thread/INFO]: net.minecraft.client.gui.inventory.GuiInventory
[00:09:14] [Client thread/INFO]: net.minecraft.inventory.ContainerPlayer
[00:09:16] [Client thread/INFO]: net.minecraft.client.gui.inventory.GuiChest
[00:09:16] [Client thread/INFO]: net.minecraft.inventory.ContainerChest
[00:09:19] [Client thread/INFO]: net.minecraft.client.gui.inventory.GuiChest
[00:09:19] [Client thread/INFO]: net.minecraft.inventory.ContainerChest
[00:09:44] [Client thread/INFO]: net.minecraft.client.gui.inventory.GuiChest
[00:09:44] [Client thread/INFO]: net.minecraft.inventory.ContainerChest
[00:09:49] [Client thread/INFO]: net.minecraft.client.gui.inventory.GuiFurnace
[00:09:49] [Client thread/INFO]: net.minecraft.inventory.ContainerFurnace
[00:09:50] [Client thread/INFO]: net.minecraft.client.gui.inventory.GuiFurnace
[00:09:50] [Client thread/INFO]: net.minecraft.inventory.ContainerFurnace
[00:09:52] [Client thread/INFO]: net.minecraft.client.gui.inventory.GuiFurnace
[00:09:52] [Client thread/INFO]: net.minecraft.inventory.ContainerFurnace
[00:09:56] [Client thread/INFO]: net.minecraft.client.gui.inventory.GuiFurnace
[00:09:56] [Client thread/INFO]: net.minecraft.inventory.ContainerFurnace
[00:09:57] [Client thread/INFO]: net.minecraft.client.gui.inventory.GuiFurnace
[00:09:57] [Client thread/INFO]: net.minecraft.inventory.ContainerFurnace
[00:09:59] [Client thread/INFO]: net.minecraft.client.gui.inventory.GuiFurnace
[00:09:59] [Client thread/INFO]: net.minecraft.inventory.ContainerFurnace
[00:10:00] [Client thread/INFO]: net.minecraft.client.gui.inventory.GuiFurnace
[00:10:00] [Client thread/INFO]: net.minecraft.inventory.ContainerFurnace
[00:10:00] [Client thread/INFO]: net.minecraft.client.gui.inventory.GuiFurnace
[00:10:00] [Client thread/INFO]: net.minecraft.inventory.ContainerFurnace
[00:10:02] [Client thread/INFO]: net.minecraft.client.gui.inventory.GuiFurnace
[00:10:02] [Client thread/INFO]: net.minecraft.inventory.ContainerFurnace
[00:10:04] [Client thread/INFO]: net.minecraft.client.gui.inventory.GuiInventory
[00:10:04] [Client thread/INFO]: net.minecraft.inventory.ContainerPlayer
[00:11:03] [Client thread/INFO]: net.minecraft.client.gui.inventory.GuiChest
[00:11:03] [Client thread/INFO]: net.minecraft.inventory.ContainerChest
[00:11:11] [Server thread/INFO]: [com.gildedgames.util.core.UtilCore:debugPrint:261]: [GG DEV]: Flushing data for GG Util
[00:11:11] [Server thread/INFO]: [com.gildedgames.util.core.UtilCore:debugPrint:261]: [GG DEV]: Finished flushing data for GG Util
[00:14:07] [Client thread/INFO]: net.minecraft.client.gui.inventory.GuiInventory
[00:14:07] [Client thread/INFO]: net.minecraft.inventory.ContainerPlayer
[00:14:09] [Client thread/INFO]: net.minecraft.client.gui.inventory.GuiFurnace
[00:14:09] [Client thread/INFO]: net.minecraft.inventory.ContainerFurnace
[00:14:10] [Client thread/INFO]: net.minecraft.client.gui.inventory.GuiFurnace
[00:14:10] [Client thread/INFO]: net.minecraft.inventory.ContainerFurnace
[00:14:11] [Server thread/INFO]: [com.gildedgames.util.core.UtilCore:debugPrint:261]: [GG DEV]: Flushing data for GG Util
[00:14:11] [Server thread/INFO]: [com.gildedgames.util.core.UtilCore:debugPrint:261]: [GG DEV]: Finished flushing data for GG Util
[00:14:11] [Client thread/INFO]: net.minecraft.client.gui.inventory.GuiFurnace
[00:14:11] [Client thread/INFO]: net.minecraft.inventory.ContainerFurnace
[00:14:12] [Client thread/INFO]: net.minecraft.client.gui.inventory.GuiFurnace
[00:14:12] [Client thread/INFO]: net.minecraft.inventory.ContainerFurnace
[00:14:14] [Client thread/INFO]: net.minecraft.client.gui.inventory.GuiInventory
[00:14:14] [Client thread/INFO]: net.minecraft.inventory.ContainerPlayer
[00:14:43] [Client thread/INFO]: net.minecraft.client.gui.inventory.GuiFurnace
[00:14:43] [Client thread/INFO]: net.minecraft.inventory.ContainerFurnace
[00:14:47] [Client thread/INFO]: net.minecraft.client.gui.inventory.GuiFurnace
[00:14:47] [Client thread/INFO]: net.minecraft.inventory.ContainerFurnace
[00:14:50] [Client thread/INFO]: net.minecraft.client.gui.inventory.GuiFurnace
[00:14:50] [Client thread/INFO]: net.minecraft.inventory.ContainerFurnace
[00:14:51] [Client thread/INFO]: net.minecraft.client.gui.inventory.GuiFurnace
[00:14:51] [Client thread/INFO]: net.minecraft.inventory.ContainerFurnace
[00:14:52] [Client thread/INFO]: net.minecraft.client.gui.inventory.GuiInventory
[00:14:52] [Client thread/INFO]: net.minecraft.inventory.ContainerPlayer
[00:15:12] [Client thread/INFO]: net.minecraft.client.gui.inventory.GuiInventory
[00:15:12] [Client thread/INFO]: net.minecraft.inventory.ContainerPlayer
[00:15:31] [Client thread/INFO]: net.minecraft.client.gui.inventory.GuiFurnace
[00:15:31] [Client thread/INFO]: net.minecraft.inventory.ContainerFurnace
[00:15:32] [Client thread/INFO]: net.minecraft.client.gui.inventory.GuiFurnace
[00:15:32] [Client thread/INFO]: net.minecraft.inventory.ContainerFurnace
[00:15:33] [Client thread/INFO]: net.minecraft.client.gui.inventory.GuiFurnace
[00:15:33] [Client thread/INFO]: net.minecraft.inventory.ContainerFurnace
[00:15:34] [Client thread/INFO]: net.minecraft.client.gui.inventory.GuiFurnace
[00:15:34] [Client thread/INFO]: net.minecraft.inventory.ContainerFurnace
[00:15:36] [Client thread/INFO]: net.minecraft.client.gui.inventory.GuiFurnace
[00:15:36] [Client thread/INFO]: net.minecraft.inventory.ContainerFurnace
[00:15:37] [Client thread/INFO]: net.minecraft.client.gui.inventory.GuiInventory
[00:15:37] [Client thread/INFO]: net.minecraft.inventory.ContainerPlayer
[00:15:38] [Client thread/INFO]: net.minecraft.client.gui.inventory.GuiFurnace
[00:15:38] [Client thread/INFO]: net.minecraft.inventory.ContainerFurnace
[00:15:41] [Client thread/INFO]: net.minecraft.client.gui.inventory.GuiFurnace
[00:15:41] [Client thread/INFO]: net.minecraft.inventory.ContainerFurnace
[00:15:43] [Client thread/INFO]: net.minecraft.client.gui.inventory.GuiFurnace
[00:15:43] [Client thread/INFO]: net.minecraft.inventory.ContainerFurnace
[00:15:45] [Client thread/INFO]: net.minecraft.client.gui.inventory.GuiInventory
[00:15:45] [Client thread/INFO]: net.minecraft.inventory.ContainerPlayer
[00:15:59] [Client thread/INFO]: net.minecraft.client.gui.inventory.GuiInventory
[00:15:59] [Client thread/INFO]: net.minecraft.inventory.ContainerPlayer
[00:16:01] [Client thread/INFO]: net.minecraft.client.gui.inventory.GuiFurnace
[00:16:01] [Client thread/INFO]: net.minecraft.inventory.ContainerFurnace
[00:16:08] [Client thread/INFO]: net.minecraft.client.gui.inventory.GuiChest
[00:16:08] [Client thread/INFO]: net.minecraft.inventory.ContainerChest
[00:16:21] [Client thread/INFO]: net.minecraft.client.gui.inventory.GuiFurnace
[00:16:21] [Client thread/INFO]: net.minecraft.inventory.ContainerFurnace
[00:16:23] [Client thread/INFO]: net.minecraft.client.gui.inventory.GuiFurnace
[00:16:23] [Client thread/INFO]: net.minecraft.inventory.ContainerFurnace
[00:16:24] [Client thread/INFO]: net.minecraft.client.gui.inventory.GuiFurnace
[00:16:24] [Client thread/INFO]: net.minecraft.inventory.ContainerFurnace
[00:16:26] [Client thread/INFO]: net.minecraft.client.gui.inventory.GuiFurnace
[00:16:26] [Client thread/INFO]: net.minecraft.inventory.ContainerFurnace
[00:16:27] [Client thread/INFO]: net.minecraft.client.gui.inventory.GuiFurnace
[00:16:27] [Client thread/INFO]: net.minecraft.inventory.ContainerFurnace
[00:16:34] [Client thread/INFO]: net.minecraft.client.gui.inventory.GuiFurnace
[00:16:34] [Client thread/INFO]: net.minecraft.inventory.ContainerFurnace
[00:16:35] [Client thread/INFO]: net.minecraft.client.gui.inventory.GuiFurnace
[00:16:35] [Client thread/INFO]: net.minecraft.inventory.ContainerFurnace
[00:16:36] [Client thread/INFO]: net.minecraft.client.gui.inventory.GuiFurnace
[00:16:36] [Client thread/INFO]: net.minecraft.inventory.ContainerFurnace
[00:16:36] [Client thread/INFO]: net.minecraft.client.gui.inventory.GuiFurnace
[00:16:36] [Client thread/INFO]: net.minecraft.inventory.ContainerFurnace
[00:16:37] [Client thread/INFO]: net.minecraft.client.gui.inventory.GuiFurnace
[00:16:37] [Client thread/INFO]: net.minecraft.inventory.ContainerFurnace
[00:16:39] [Client thread/INFO]: Handling crafting slots.
[00:16:39] [Client thread/INFO]: Merging stacks.
[00:16:39] [Client thread/INFO]: Applying rules.
[00:16:39] [Client thread/INFO]: Locking stacks.
[00:16:39] [Client thread/INFO]: Default sorting.
[00:16:39] [Client thread/INFO]: Sorting done in 215379ns
[00:17:11] [Server thread/INFO]: [com.gildedgames.util.core.UtilCore:debugPrint:261]: [GG DEV]: Flushing data for GG Util
[00:17:11] [Server thread/INFO]: [com.gildedgames.util.core.UtilCore:debugPrint:261]: [GG DEV]: Finished flushing data for GG Util
[00:17:37] [Client thread/INFO]: net.minecraft.client.gui.inventory.GuiInventory
[00:17:37] [Client thread/INFO]: net.minecraft.inventory.ContainerPlayer
[00:17:38] [Client thread/INFO]: net.minecraft.client.gui.inventory.GuiFurnace
[00:17:38] [Client thread/INFO]: net.minecraft.inventory.ContainerFurnace
[00:19:15] [Client thread/INFO]: net.minecraft.client.gui.inventory.GuiFurnace
[00:19:15] [Client thread/INFO]: net.minecraft.inventory.ContainerFurnace
[00:19:18] [Client thread/INFO]: net.minecraft.client.gui.inventory.GuiFurnace
[00:19:18] [Client thread/INFO]: net.minecraft.inventory.ContainerFurnace
[00:19:19] [Client thread/INFO]: net.minecraft.client.gui.inventory.GuiFurnace
[00:19:19] [Client thread/INFO]: net.minecraft.inventory.ContainerFurnace
[00:19:20] [Client thread/INFO]: net.minecraft.client.gui.inventory.GuiFurnace
[00:19:20] [Client thread/INFO]: net.minecraft.inventory.ContainerFurnace
[00:19:21] [Client thread/INFO]: net.minecraft.client.gui.inventory.GuiFurnace
[00:19:21] [Client thread/INFO]: net.minecraft.inventory.ContainerFurnace
[00:19:22] [Client thread/INFO]: net.minecraft.client.gui.inventory.GuiInventory
[00:19:22] [Client thread/INFO]: net.minecraft.inventory.ContainerPlayer
[00:19:34] [Client thread/INFO]: net.minecraft.client.gui.inventory.GuiInventory
[00:19:34] [Client thread/INFO]: net.minecraft.inventory.ContainerPlayer
[00:19:43] [Client thread/INFO]: net.minecraft.client.gui.inventory.GuiInventory
[00:19:43] [Client thread/INFO]: net.minecraft.inventory.ContainerPlayer
[00:19:46] [Client thread/INFO]: net.minecraft.client.gui.inventory.GuiChest
[00:19:46] [Client thread/INFO]: net.minecraft.inventory.ContainerChest
[00:19:51] [Client thread/INFO]: net.minecraft.client.gui.inventory.GuiInventory
[00:19:51] [Client thread/INFO]: net.minecraft.inventory.ContainerPlayer
[00:19:55] [Client thread/INFO]: tconstruct.smeltery.gui.SmelteryGui
[00:19:55] [Client thread/INFO]: tconstruct.smeltery.inventory.SmelteryContainer
[00:19:59] [Client thread/INFO]: net.minecraft.client.gui.inventory.GuiFurnace
[00:19:59] [Client thread/INFO]: net.minecraft.inventory.ContainerFurnace
[00:20:00] [Client thread/INFO]: net.minecraft.client.gui.inventory.GuiChest
[00:20:00] [Client thread/INFO]: net.minecraft.inventory.ContainerChest
[00:20:00] [Client thread/INFO]: net.minecraft.client.gui.inventory.GuiChest
[00:20:00] [Client thread/INFO]: net.minecraft.inventory.ContainerChest
[00:20:10] [Client thread/INFO]: Handling crafting slots.
[00:20:10] [Client thread/INFO]: Merging stacks.
[00:20:10] [Client thread/INFO]: Applying rules.
[00:20:10] [Client thread/INFO]: Locking stacks.
[00:20:10] [Client thread/INFO]: Default sorting.
[00:20:10] [Client thread/INFO]: Sorting done in 1094139ns
[00:20:11] [Server thread/INFO]: [com.gildedgames.util.core.UtilCore:debugPrint:261]: [GG DEV]: Flushing data for GG Util
[00:20:11] [Server thread/INFO]: [com.gildedgames.util.core.UtilCore:debugPrint:261]: [GG DEV]: Finished flushing data for GG Util
[00:20:12] [Server thread/INFO]: [EaTzUrFaCe: Given [Seared Brick] * 1 to EaTzUrFaCe]
[00:20:12] [Client thread/INFO]: [CHAT] Given [Seared Brick] * 1 to EaTzUrFaCe
[00:20:16] [Client thread/INFO]: tconstruct.smeltery.gui.SmelteryGui
[00:20:16] [Client thread/INFO]: tconstruct.smeltery.inventory.SmelteryContainer
[00:20:39] [Client thread/INFO]: net.minecraft.client.gui.inventory.GuiInventory
[00:20:39] [Client thread/INFO]: net.minecraft.inventory.ContainerPlayer
[00:20:42] [Client thread/INFO]: hardcorequesting.client.interfaces.GuiQuestBook
[00:20:46] [Client thread/INFO]: net.minecraft.client.gui.inventory.GuiInventory
[00:20:46] [Client thread/INFO]: net.minecraft.inventory.ContainerPlayer
[00:20:47] [Client thread/INFO]: hardcorequesting.client.interfaces.GuiReward
[00:20:49] [Client thread/INFO]: net.minecraft.client.gui.inventory.GuiInventory
[00:20:49] [Client thread/INFO]: net.minecraft.inventory.ContainerPlayer
[00:20:51] [Client thread/INFO]: net.minecraft.client.gui.inventory.GuiChest
[00:20:51] [Client thread/INFO]: net.minecraft.inventory.ContainerChest
[00:20:52] [Client thread/INFO]: net.minecraft.client.gui.inventory.GuiChest
[00:20:52] [Client thread/INFO]: net.minecraft.inventory.ContainerChest
[00:21:03] [Client thread/INFO]: Automatic stack replacement.
[00:21:03] [Client thread/INFO]: Automatic stack replacement.
[00:21:03] [Client thread/INFO]: Automatic stack replacement.
[00:21:05] [Server thread/INFO]: Saving and pausing game...
[00:21:05] [Server thread/INFO]: Saving chunks for level 'Fun Times'/Overworld
[00:21:05] [Client thread/INFO]: net.minecraft.client.gui.GuiIngameMenu
[00:21:05] [Server thread/INFO]: Saving chunks for level 'Fun Times'/Nether
[00:21:05] [Server thread/INFO]: Saving chunks for level 'Fun Times'/The End
[00:21:05] [Server thread/INFO]: Saving chunks for level 'Fun Times'/Io
[00:21:05] [Server thread/INFO]: Saving chunks for level 'Fun Times'/Phobos
[00:21:05] [Server thread/INFO]: Saving chunks for level 'Fun Times'/Europa
[00:21:05] [Server thread/INFO]: Saving chunks for level 'Fun Times'/Deimos
[00:21:05] [Server thread/INFO]: Saving chunks for level 'Fun Times'/Triton
[00:21:05] [Server thread/INFO]: Saving chunks for level 'Fun Times'/Callisto
[00:21:05] [Server thread/INFO]: Saving chunks for level 'Fun Times'/Asteroids
[00:21:05] [Server thread/INFO]: Saving chunks for level 'Fun Times'/Ganymede
[00:21:05] [Server thread/INFO]: Saving chunks for level 'Fun Times'/The Last Millenium
[00:21:05] [Server thread/INFO]: Saving chunks for level 'Fun Times'/Rhea
[00:21:05] [Server thread/INFO]: Saving chunks for level 'Fun Times'/Mars
[00:21:05] [Server thread/INFO]: Saving chunks for level 'Fun Times'/Titan
[00:21:05] [Server thread/INFO]: Saving chunks for level 'Fun Times'/Moon
[00:21:05] [Server thread/INFO]: Saving chunks for level 'Fun Times'/Erebus
[00:21:05] [Server thread/INFO]: Saving chunks for level 'Fun Times'/Mercury
[00:21:05] [Server thread/INFO]: Saving chunks for level 'Fun Times'/Venus
[00:21:05] [Server thread/INFO]: Saving chunks for level 'Fun Times'/Jupiter
[00:21:05] [Server thread/INFO]: Saving chunks for level 'Fun Times'/Saturn
[00:21:05] [Server thread/INFO]: Saving chunks for level 'Fun Times'/Uranus
[00:21:05] [Server thread/INFO]: Saving chunks for level 'Fun Times'/Dungeons
[00:21:05] [Server thread/INFO]: Saving chunks for level 'Fun Times'/Aether
[00:21:05] [Server thread/INFO]: Saving chunks for level 'Fun Times'/Neptune
[00:21:05] [Server thread/INFO]: Saving chunks for level 'Fun Times'/Pluto
[00:21:05] [Server thread/INFO]: Saving chunks for level 'Fun Times'/SpectreWorld
[00:21:05] [Server thread/INFO]: Saving chunks for level 'Fun Times'/Ceres
[00:21:05] [Server thread/INFO]: Saving chunks for level 'Fun Times'/Eris
[00:21:06] [Server thread/INFO]: Saving and pausing game...
[00:21:06] [Server thread/INFO]: Saving chunks for level 'Fun Times'/Overworld
[00:21:06] [Client thread/INFO]: net.minecraft.client.gui.GuiIngameMenu
[00:21:07] [Server thread/INFO]: Saving chunks for level 'Fun Times'/Nether
[00:21:07] [Server thread/INFO]: Saving chunks for level 'Fun Times'/The End
[00:21:07] [Server thread/INFO]: Saving chunks for level 'Fun Times'/Io
[00:21:07] [Server thread/INFO]: Saving chunks for level 'Fun Times'/Phobos
[00:21:07] [Server thread/INFO]: Saving chunks for level 'Fun Times'/Europa
[00:21:07] [Server thread/INFO]: Saving chunks for level 'Fun Times'/Deimos
[00:21:07] [Server thread/INFO]: Saving chunks for level 'Fun Times'/Triton
[00:21:07] [Server thread/INFO]: Saving chunks for level 'Fun Times'/Callisto
[00:21:07] [Server thread/INFO]: Saving chunks for level 'Fun Times'/Asteroids
[00:21:07] [Server thread/INFO]: Saving chunks for level 'Fun Times'/Ganymede
[00:21:07] [Server thread/INFO]: Saving chunks for level 'Fun Times'/The Last Millenium
[00:21:07] [Server thread/INFO]: Saving chunks for level 'Fun Times'/Rhea
[00:21:07] [Server thread/INFO]: Saving chunks for level 'Fun Times'/Mars
[00:21:07] [Server thread/INFO]: Saving chunks for level 'Fun Times'/Titan
[00:21:07] [Server thread/INFO]: Saving chunks for level 'Fun Times'/Moon
[00:21:07] [Server thread/INFO]: Saving chunks for level 'Fun Times'/Erebus
[00:21:07] [Server thread/INFO]: Saving chunks for level 'Fun Times'/Mercury
[00:21:07] [Server thread/INFO]: Saving chunks for level 'Fun Times'/Venus
[00:21:07] [Server thread/INFO]: Saving chunks for level 'Fun Times'/Jupiter
[00:21:07] [Server thread/INFO]: Saving chunks for level 'Fun Times'/Saturn
[00:21:07] [Server thread/INFO]: Saving chunks for level 'Fun Times'/Uranus
[00:21:07] [Server thread/INFO]: Saving chunks for level 'Fun Times'/Dungeons
[00:21:07] [Server thread/INFO]: Saving chunks for level 'Fun Times'/Aether
[00:21:07] [Server thread/INFO]: Saving chunks for level 'Fun Times'/Neptune
[00:21:07] [Server thread/INFO]: Saving chunks for level 'Fun Times'/Pluto
[00:21:07] [Server thread/INFO]: Saving chunks for level 'Fun Times'/SpectreWorld
[00:21:07] [Server thread/INFO]: Saving chunks for level 'Fun Times'/Ceres
[00:21:07] [Server thread/INFO]: Saving chunks for level 'Fun Times'/Eris
[00:21:07] [Netty Client IO #0/INFO]: Reset configs to client values for com.enderio.core.common.config.ConfigHandler
[00:21:07] [Netty Client IO #0/INFO]: Reset configs to client values for tterrag.wailaplugins.config.WPConfigHandler
[00:21:07] [Netty Client IO #0/INFO]: Disconnect from server: Unregistering RFTools dimensions
[00:21:07] [Netty Client IO #0/INFO]: Loading configuration files
[00:21:07] [Client thread/INFO]: Mapping halted in C:\Users\Matt Hermes\Desktop\Ozone-Modified\MultiMC\instances\1.7.10\minecraft\journeymap\data\sp\Fun Times\DIM0
[00:21:07] [Server thread/INFO]: [com.gildedgames.util.core.UtilCore:debugPrint:261]: [GG DEV]: Flushing data for GG Util
[00:21:07] [Server thread/INFO]: [com.gildedgames.util.core.UtilCore:debugPrint:261]: [GG DEV]: Finished flushing data for GG Util
[00:21:07] [Server thread/INFO]: VoiceServer: Shutting down server...
[00:21:07] [Server thread/INFO]: Stopping server
[00:21:07] [Server thread/INFO]: Saving players
[00:21:07] [Server thread/INFO]: Saving worlds
[00:21:07] [Server thread/INFO]: Saving chunks for level 'Fun Times'/Overworld
[00:21:07] [Server thread/INFO]: Saving chunks for level 'Fun Times'/Nether
[00:21:07] [Server thread/INFO]: Saving chunks for level 'Fun Times'/The End
[00:21:07] [Server thread/INFO]: Saving chunks for level 'Fun Times'/Io
[00:21:07] [Server thread/INFO]: Saving chunks for level 'Fun Times'/Phobos
[00:21:07] [Server thread/INFO]: Saving chunks for level 'Fun Times'/Europa
[00:21:07] [Server thread/INFO]: Saving chunks for level 'Fun Times'/Deimos
[00:21:07] [Server thread/INFO]: Saving chunks for level 'Fun Times'/Triton
[00:21:07] [Server thread/INFO]: Saving chunks for level 'Fun Times'/Callisto
[00:21:07] [Server thread/INFO]: Saving chunks for level 'Fun Times'/Asteroids
[00:21:07] [Server thread/INFO]: Saving chunks for level 'Fun Times'/Ganymede
[00:21:07] [Server thread/INFO]: Saving chunks for level 'Fun Times'/The Last Millenium
[00:21:07] [Server thread/INFO]: Saving chunks for level 'Fun Times'/Rhea
[00:21:07] [Server thread/INFO]: Saving chunks for level 'Fun Times'/Mars
[00:21:07] [Server thread/INFO]: Saving chunks for level 'Fun Times'/Titan
[00:21:07] [Server thread/INFO]: Saving chunks for level 'Fun Times'/Moon
[00:21:07] [Server thread/INFO]: Saving chunks for level 'Fun Times'/Erebus
[00:21:07] [Server thread/INFO]: Saving chunks for level 'Fun Times'/Mercury
[00:21:07] [Server thread/INFO]: Saving chunks for level 'Fun Times'/Venus
[00:21:07] [Server thread/INFO]: Saving chunks for level 'Fun Times'/Jupiter
[00:21:07] [Server thread/INFO]: Saving chunks for level 'Fun Times'/Saturn
[00:21:07] [Server thread/INFO]: Saving chunks for level 'Fun Times'/Uranus
[00:21:07] [Server thread/INFO]: Saving chunks for level 'Fun Times'/Dungeons
[00:21:07] [Server thread/INFO]: Saving chunks for level 'Fun Times'/Aether
[00:21:07] [Server thread/INFO]: Saving chunks for level 'Fun Times'/Neptune
[00:21:07] [Server thread/INFO]: Saving chunks for level 'Fun Times'/Pluto
[00:21:07] [Server thread/INFO]: Saving chunks for level 'Fun Times'/SpectreWorld
[00:21:07] [Server thread/INFO]: Saving chunks for level 'Fun Times'/Ceres
[00:21:07] [Server thread/INFO]: Saving chunks for level 'Fun Times'/Eris
[00:21:07] [Server thread/INFO]: Unloading dimension 0
[00:21:07] [Server thread/INFO]: Unloading dimension -1
[00:21:07] [Server thread/INFO]: Unloading dimension 1
[00:21:07] [Server thread/INFO]: Unloading dimension -31
[00:21:07] [Server thread/INFO]: Unloading dimension -33
[00:21:07] [Server thread/INFO]: Unloading dimension -34
[00:21:07] [Server thread/INFO]: Unloading dimension -35
[00:21:07] [Server thread/INFO]: Unloading dimension -36
[00:21:07] [Server thread/INFO]: Unloading dimension -37
[00:21:07] [Server thread/INFO]: Unloading dimension 31
[00:21:07] [Server thread/INFO]: Unloading dimension -38
[00:21:07] [Server thread/INFO]: Unloading dimension 77
[00:21:07] [Server thread/INFO]: Unloading dimension -39
[00:21:07] [Server thread/INFO]: Unloading dimension 29
[00:21:07] [Server thread/INFO]: Unloading dimension -40
[00:21:07] [Server thread/INFO]: Unloading dimension 28
[00:21:07] [Server thread/INFO]: Unloading dimension 66
[00:21:07] [Server thread/INFO]: Unloading dimension -13
[00:21:07] [Server thread/INFO]: Unloading dimension -14
[00:21:07] [Server thread/INFO]: Unloading dimension -15
[00:21:07] [Server thread/INFO]: Unloading dimension -16
[00:21:07] [Server thread/INFO]: Unloading dimension -17
[00:21:07] [Server thread/INFO]: Unloading dimension 4
[00:21:07] [Server thread/INFO]: Unloading dimension 3
[00:21:07] [Server thread/INFO]: Unloading dimension -18
[00:21:07] [Server thread/INFO]: Unloading dimension -19
[00:21:07] [Server thread/INFO]: Unloading dimension 2
[00:21:07] [Server thread/INFO]: Unloading dimension -20
[00:21:07] [Server thread/INFO]: Unloading dimension -21
[00:21:09] [Server thread/INFO]: Applying holder lookups
[00:21:09] [Server thread/INFO]: Holder lookups applied
[00:21:09] [Server thread/INFO]: Unregistered Dimension: 31
[00:21:09] [Server thread/INFO]: Unregistered Dimension: -20
[00:21:09] [Server thread/INFO]: Unregistered Dimension: -21
[00:21:09] [Server thread/INFO]: Unregistered Dimension: -15
[00:21:09] [Server thread/INFO]: Unregistered Dimension: 29
[00:21:09] [Server thread/INFO]: Unregistered Dimension: -13
[00:21:09] [Server thread/INFO]: Unregistered Dimension: -18
[00:21:09] [Server thread/INFO]: Unregistered Dimension: -19
[00:21:09] [Server thread/INFO]: Unregistered Dimension: -16
[00:21:09] [Server thread/INFO]: Unregistered Dimension: -17
[00:21:09] [Server thread/INFO]: Unregistered Dimension: -14
[00:21:09] [Server thread/INFO]: Unregistered Dimension: -37
[00:21:09] [Server thread/INFO]: Unregistered Dimension: -35
[00:21:09] [Server thread/INFO]: Unregistered Dimension: -34
[00:21:09] [Server thread/INFO]: Unregistered Dimension: -38
[00:21:09] [Server thread/INFO]: Unregistered Dimension: -31
[00:21:09] [Server thread/INFO]: Unregistered Dimension: 28
[00:21:09] [Server thread/INFO]: Unregistered Dimension: -33
[00:21:09] [Server thread/INFO]: Unregistered Dimension: -39
[00:21:09] [Server thread/INFO]: Unregistered Dimension: -40
[00:21:09] [Server thread/INFO]: Unregistered Dimension: -36
[00:21:09] [pool-9-thread-1/INFO]: ServerChannelRegister: Dimensional Transceiver data saved to C:\Users\Matt Hermes\Desktop\Ozone-Modified\MultiMC\instances\1.7.10\minecraft\saves\Fun Times\enderio\dimensionalTransceiver.json
[00:21:09] [Server thread/INFO]: Completed server-stop actions.
[00:21:09] [Server thread/INFO]: RFTools: server is stopping. Shutting down gracefully
[00:21:09] [Server thread/INFO]: Cleaning up RFTools dimensions
[00:21:09] [Client thread/INFO]: VoiceServer: Stopping client connection...
[00:21:09] [Client thread/INFO]: Finished loading Cardboard Box blacklist (loaded 0 entries)
[00:21:09] [Client thread/INFO]: Reloaded config.
[00:21:21] [Client thread/INFO]: LiteLoader is shutting down, shutting down core providers and syncing configuration
[00:21:21] [Client thread/INFO]: Baking listener list for ShutdownObserver with 2 listeners
[00:21:21] [Client thread/INFO]: Stopping!
[00:21:21] [Client thread/INFO]: [paulscode.sound.SoundSystemLogger:message:69]: 
[00:21:21] [Client thread/INFO]: [paulscode.sound.SoundSystemLogger:message:69]: SoundSystem shutting down...
[00:21:21] [Client thread/INFO]: [paulscode.sound.SoundSystemLogger:importantMessage:90]:     Author: Paul Lamb, www.paulscode.com
[00:21:21] [Client thread/INFO]: [paulscode.sound.SoundSystemLogger:message:69]: 
