[20:35:13][SquidAPI][WARN]: Source file name doesn't match the normal file naming pattern! This is commonly done by repost sites to hide outdated versions. See http://stopmodreposts.com.
[20:35:13][SquidAPI][INFO]: Registering BaseMod SquidAPI.
[20:35:13][SquidAPI][INFO]: Copyright (C) CoolSquid, 2015. Do not distribute without explicit, written permission from the copyright holder.
[20:35:13][SquidAPI][INFO]: Loading SquidAPI.cfg.
[20:35:13][SquidAPI][INFO]: Finished loading SquidAPI.cfg.
[20:35:13][SquidAPI][WARN]: Source file name doesn't match the normal file naming pattern! This is commonly done by repost sites to hide outdated versions. See http://stopmodreposts.com.
[20:35:13][SquidAPI][INFO]: Registering BaseMod PackGuard.
[20:35:13][SquidAPI][INFO]: Copyright (C) , 2015. Do not distribute without explicit, written permission from the copyright holder.
[20:35:33][SquidAPI][INFO]: Preinitializing.
[20:35:33][SquidAPI][INFO]: Finished preinitialization.
[20:35:33][SquidAPI][INFO]: Loading PackGuard.cfg.
[20:35:33][SquidAPI][INFO]: Finished loading PackGuard.cfg.
[20:35:51][SquidAPI][INFO]: Initializing.
[20:35:51][SquidAPI][INFO]: Finished initialization.
[20:36:01][SquidAPI][INFO]: Postinitializing.
[20:36:01][SquidAPI][INFO]: Finished postinitialization.
[20:36:02][SquidAPI][WARN]: The version of BOTANIA loaded is newer than the version SquidAPI was made with. Problems may occur. Please contact CoolSquid.
[20:36:04][SquidAPI][INFO]: Registering clientside command about.
[20:36:04][SquidAPI][INFO]: Registering clientside command SquidAPI.
[21:08:30][SquidAPI][INFO]: Have a nice day!
