[21:58:08] [main/INFO]: LiteLoader 1.7.10_04 starting up...
[21:58:08] [main/INFO]: Java reports OS="windows 10"
[21:58:08] [main/INFO]: Enumerating class path...
[21:58:08] [main/INFO]: Class path separator=";"
[21:58:08] [main/INFO]: Class path entries=(
   classpathEntry=C:/Users/Matt Hermes/Desktop/Ozone-Modified/jars/NewLaunch.jar
)
[21:58:08] [main/INFO]: Registering discovery module EnumeratorModuleClassPath: [<Java Class Path>]
[21:58:08] [main/INFO]: Registering discovery module EnumeratorModuleFolder: [C:\Users\Matt Hermes\Desktop\Ozone-Modified\instances\1.7.10\minecraft\mods]
[21:58:08] [main/INFO]: Registering discovery module EnumeratorModuleFolder: [C:\Users\Matt Hermes\Desktop\Ozone-Modified\instances\1.7.10\minecraft\mods\1.7.10]
[21:58:08] [main/INFO]: Adding supported mod class prefix 'LiteMod'
[21:58:08] [main/INFO]: Discovering tweaks on class path...
[21:58:08] [main/INFO]: Discovering valid mod files in folder C:\Users\Matt Hermes\Desktop\Ozone-Modified\instances\1.7.10\minecraft\mods
[21:58:08] [main/INFO]: Considering valid mod file: C:\Users\Matt Hermes\Desktop\Ozone-Modified\instances\1.7.10\minecraft\mods\Gammabright v3.2.1 [MC 1.7.10].litemod
[21:58:08] [main/INFO]: Considering valid mod file: C:\Users\Matt Hermes\Desktop\Ozone-Modified\instances\1.7.10\minecraft\mods\mod_betterClouds-1.0.1_for_1.7.10.litemod
[21:58:08] [main/INFO]: Considering valid mod file: C:\Users\Matt Hermes\Desktop\Ozone-Modified\instances\1.7.10\minecraft\mods\mod_macros_0.10.12_for_1.7.10.litemod
[21:58:08] [main/WARN]: Mod in C:\Users\Matt Hermes\Desktop\Ozone-Modified\instances\1.7.10\minecraft\mods\mod_uyjulianXrayMod_d6c940d3b58edb51fc42f507dbe09eae798418d1_mc1.7.10.litemod has an invalid revision number reading litemod.json
[21:58:08] [main/INFO]: Considering valid mod file: C:\Users\Matt Hermes\Desktop\Ozone-Modified\instances\1.7.10\minecraft\mods\mod_uyjulianXrayMod_d6c940d3b58edb51fc42f507dbe09eae798418d1_mc1.7.10.litemod
[21:58:08] [main/INFO]: Considering valid mod file: C:\Users\Matt Hermes\Desktop\Ozone-Modified\instances\1.7.10\minecraft\mods\MouseTweaks-2.4.4-mc1.7.10.jar
[21:58:08] [main/INFO]: Adding newest valid mod file 'C:\Users\Matt Hermes\Desktop\Ozone-Modified\instances\1.7.10\minecraft\mods\Gammabright v3.2.1 [MC 1.7.10].litemod' at revision 28.0000
[21:58:08] [main/INFO]: Adding newest valid mod file 'C:\Users\Matt Hermes\Desktop\Ozone-Modified\instances\1.7.10\minecraft\mods\mod_macros_0.10.12_for_1.7.10.litemod' at revision 1012.0000
[21:58:08] [main/INFO]: Adding newest valid mod file 'C:\Users\Matt Hermes\Desktop\Ozone-Modified\instances\1.7.10\minecraft\mods\mod_uyjulianXrayMod_d6c940d3b58edb51fc42f507dbe09eae798418d1_mc1.7.10.litemod' at revision 0.0000
[21:58:08] [main/INFO]: Adding newest valid mod file 'C:\Users\Matt Hermes\Desktop\Ozone-Modified\instances\1.7.10\minecraft\mods\mod_betterClouds-1.0.1_for_1.7.10.litemod' at revision 1001.0000
[21:58:08] [main/INFO]: Adding newest valid mod file 'C:\Users\Matt Hermes\Desktop\Ozone-Modified\instances\1.7.10\minecraft\mods\MouseTweaks-2.4.4-mc1.7.10.jar' at revision 184.0000
[21:58:08] [main/INFO]: Discovering valid mod files in folder C:\Users\Matt Hermes\Desktop\Ozone-Modified\instances\1.7.10\minecraft\mods\1.7.10
[21:58:08] [main/INFO]: Searching for tweaks in 'CodeChickenLib-1.7.10-1.1.3.138-universal.jar'
[21:58:08] [main/WARN]: Error parsing manifest entries in 'C:\Users\Matt Hermes\Desktop\Ozone-Modified\instances\1.7.10\minecraft\mods\1.7.10\CodeChickenLib-1.7.10-1.1.3.138-universal.jar'
[21:58:08] [main/INFO]: Searching for tweaks in 'commons-codec-1.9.jar'
[21:58:08] [main/WARN]: Error parsing manifest entries in 'C:\Users\Matt Hermes\Desktop\Ozone-Modified\instances\1.7.10\minecraft\mods\1.7.10\commons-codec-1.9.jar'
[21:58:08] [main/INFO]: Searching for tweaks in 'commons-compress-1.8.1.jar'
[21:58:08] [main/WARN]: Error parsing manifest entries in 'C:\Users\Matt Hermes\Desktop\Ozone-Modified\instances\1.7.10\minecraft\mods\1.7.10\commons-compress-1.8.1.jar'
[21:58:08] [main/INFO]: Searching for tweaks in 'ForgeMultipart-1.7.10-1.2.0.345-universal.jar'
[21:58:08] [main/WARN]: Error parsing manifest entries in 'C:\Users\Matt Hermes\Desktop\Ozone-Modified\instances\1.7.10\minecraft\mods\1.7.10\ForgeMultipart-1.7.10-1.2.0.345-universal.jar'
[21:58:08] [main/INFO]: Searching for tweaks in 'ForgeRelocation-1.7.10-0.0.1.4-universal.jar'
[21:58:08] [main/WARN]: Error parsing manifest entries in 'C:\Users\Matt Hermes\Desktop\Ozone-Modified\instances\1.7.10\minecraft\mods\1.7.10\ForgeRelocation-1.7.10-0.0.1.4-universal.jar'
[21:58:08] [main/INFO]: Searching for tweaks in 'ForgeRelocationFMP-1.7.10-0.0.1.2-universal.jar'
[21:58:08] [main/WARN]: Error parsing manifest entries in 'C:\Users\Matt Hermes\Desktop\Ozone-Modified\instances\1.7.10\minecraft\mods\1.7.10\ForgeRelocationFMP-1.7.10-0.0.1.2-universal.jar'
[21:58:08] [main/INFO]: Searching for tweaks in 'MrTJPCore-1.1.0.33-universal.jar'
[21:58:08] [main/WARN]: Error parsing manifest entries in 'C:\Users\Matt Hermes\Desktop\Ozone-Modified\instances\1.7.10\minecraft\mods\1.7.10\MrTJPCore-1.1.0.33-universal.jar'
[21:58:08] [main/INFO]: Searching for tweaks in '[1.7.10]bspkrsCore-universal-6.16.jar'
[21:58:08] [main/WARN]: Error parsing manifest entries in 'C:\Users\Matt Hermes\Desktop\Ozone-Modified\instances\1.7.10\minecraft\mods\1.7.10\[1.7.10]bspkrsCore-universal-6.16.jar'
[21:58:08] [main/INFO]: Mod file 'mod_macros_0.10.12_for_1.7.10.litemod' provides classTransformer 'net.eq2online.macros.transformers.CollectionPacketTransformer', adding to class loader
[21:58:08] [main/INFO]: classTransformer 'net.eq2online.macros.transformers.CollectionPacketTransformer' was successfully added
[21:58:08] [main/INFO]: Mod file 'mod_uyjulianXrayMod_d6c940d3b58edb51fc42f507dbe09eae798418d1_mc1.7.10.litemod' provides classTransformer 'com.uyjulian.minecraft.XrayMod.XrayModEventTransformer', adding to class loader
[21:58:08] [main/INFO]: classTransformer 'com.uyjulian.minecraft.XrayMod.XrayModEventTransformer' was successfully added
[21:58:08] [main/INFO]: Mod file 'mod_betterClouds-1.0.1_for_1.7.10.litemod' provides classTransformer 'com.mamiyaotaru.betterclouds.BetterCloudsTransformer', adding to class loader
[21:58:08] [main/INFO]: classTransformer 'com.mamiyaotaru.betterclouds.BetterCloudsTransformer' was successfully added
[21:58:08] [main/INFO]: LiteLoader PREINIT complete
[21:58:09] [main/INFO]: Injecting onstartupcomplete[x1] in func_71384_a in Minecraft
[21:58:09] [main/INFO]: Injecting prerenderfbo[x1] in func_71411_J in Minecraft
[21:58:09] [main/INFO]: Injecting postrenderfbo[x1] in func_71411_J in Minecraft
[21:58:09] [main/INFO]: Injecting ontimerupdate[x1] in func_71411_J in Minecraft
[21:58:09] [main/INFO]: Injecting onrender[x1] in func_71411_J in Minecraft
[21:58:09] [main/INFO]: Injecting ontick[x1] in func_71411_J in Minecraft
[21:58:09] [main/INFO]: Injecting updateframebuffersize[x1] in func_147119_ah in Minecraft
[21:58:09] [main/INFO]: Injecting newtick[x1] in func_71407_l in Minecraft
[21:58:09] [main/INFO]: Applying overlay com.mumfrey.liteloader.client.overlays.MinecraftOverlay to net.minecraft.client.Minecraft
[21:58:09] [main/INFO]: MinecraftOverlayTransformer found INIT injection point, this is good.
[21:58:10] [main/INFO]: Injecting onoutboundchat[x1] in func_71165_d in EntityClientPlayerMP
[21:58:10] [main/INFO]: Injecting onc16packetclientstatus[x1] in func_148833_a in C16PacketClientStatus
[21:58:10] [main/INFO]: Injecting onrenderchat[x1] in func_73830_a in GuiIngame
[21:58:10] [main/INFO]: Injecting postrenderchat[x1] in func_73830_a in GuiIngame
[21:58:10] [main/INFO]: Injecting onc00handshake[x1] in func_148833_a in C00Handshake
[21:58:10] [main/INFO]: Injecting onc00packetloginstart[x1] in func_148833_a in C00PacketLoginStart
[21:58:10] [main/INFO]: Injecting ons03packettimeupdate[x1] in func_148833_a in S03PacketTimeUpdate
[21:58:13] [main/INFO]: Injecting ons34packetmaps[x1] in func_148833_a in S34PacketMaps
[21:58:13] [Client thread/INFO]: Injecting onc15packetclientsettings[x1] in func_148833_a in C15PacketClientSettings
[21:58:14] [Client thread/INFO]: Injecting renderfbo[x1] in func_147615_c in Framebuffer
[21:58:15] [Client thread/INFO]: Injecting uyjuliansxraymod_renderblocks_renderblockbyrendertype[x1] in func_147805_b in RenderBlocks
[21:58:15] [Client thread/INFO]: Injecting oncreateintegratedserver[x1] in <init> in IntegratedServer
[21:58:15] [Client thread/INFO]: Generating new Event Handler Proxy Class com.mumfrey.liteloader.core.event.EventProxy
[21:58:15] [Client thread/INFO]: Successfully generated event handler proxy class with 20 handlers(s) and 20 total invokations
[21:58:35] [Client thread/INFO]: Injecting prerendergui[x1] in func_78480_b in EntityRenderer
[21:58:35] [Client thread/INFO]: Injecting onrenderhud[x1] in func_78480_b in EntityRenderer
[21:58:35] [Client thread/INFO]: Injecting postrenderhud[x1] in func_78480_b in EntityRenderer
[21:58:35] [Client thread/INFO]: Injecting prerenderhand[x1] in func_78471_a in EntityRenderer
[21:58:35] [Client thread/INFO]: Injecting onrenderworld[x1] in func_78471_a in EntityRenderer
[21:58:35] [Client thread/INFO]: Injecting onsetupcameratransform[x1] in func_78471_a in EntityRenderer
[21:58:35] [Client thread/INFO]: Injecting postrenderentities[x1] in func_78471_a in EntityRenderer
[21:58:35] [Client thread/INFO]: Injecting postrender[x1] in func_78471_a in EntityRenderer
[21:58:35] [Client thread/INFO]: Injecting postrender[x1] in func_78471_a in EntityRenderer
[21:58:35] [Client thread/INFO]: Injecting renderclouds[x1] in func_82829_a in EntityRenderer
[21:58:38] [Client thread/INFO]: Injecting onplayerlogin[x1] in func_72377_c in ServerConfigurationManager
[21:58:38] [Client thread/INFO]: Injecting onplayerlogout[x1] in func_72367_e in ServerConfigurationManager
[21:58:38] [Client thread/INFO]: Injecting onspawnplayer[x1] in func_148545_a in ServerConfigurationManager
[21:58:38] [Client thread/INFO]: Injecting onrespawnplayer[x1] in func_72368_a in ServerConfigurationManager
[21:58:38] [Client thread/INFO]: Injecting ons2cpacketspawnglobalentity[x1] in func_148833_a in S2CPacketSpawnGlobalEntity
[21:58:38] [Client thread/INFO]: Injecting ons27packetexplosion[x1] in func_148833_a in S27PacketExplosion
[21:58:38] [Client thread/INFO]: Injecting ons2bpacketchangegamestate[x1] in func_148833_a in S2BPacketChangeGameState
[21:58:38] [Client thread/INFO]: Injecting ons24packetblockaction[x1] in func_148833_a in S24PacketBlockAction
[21:58:38] [Client thread/INFO]: Injecting ons2apacketparticles[x1] in func_148833_a in S2APacketParticles
[21:58:38] [Client thread/INFO]: Injecting ons19packetentitystatus[x1] in func_148833_a in S19PacketEntityStatus
[21:58:38] [Client thread/INFO]: Injecting ons23packetblockchange[x1] in func_148833_a in S23PacketBlockChange
[21:58:40] [Client thread/INFO]: Injecting ons21packetchunkdata[x1] in func_148833_a in S21PacketChunkData
[21:58:41] [Client thread/INFO]: Injecting onc08packetplayerblockplacement[x1] in func_148833_a in C08PacketPlayerBlockPlacement
[21:58:50] [Client thread/INFO]: Injecting ons35packetupdatetileentity[x1] in func_148833_a in S35PacketUpdateTileEntity
[21:58:50] [Client thread/INFO]: Injecting onc0dpacketclosewindow[x1] in func_148833_a in C0DPacketCloseWindow
[21:58:51] [Client thread/INFO]: Injecting ons02packetchat[x1] in func_148833_a in S02PacketChat
[21:58:54] [Client thread/INFO]: Injecting ons1fpacketsetexperience[x1] in func_148833_a in S1FPacketSetExperience
[21:58:57] [Client thread/INFO]: Injecting ons04packetentityequipment[x1] in func_148833_a in S04PacketEntityEquipment
[21:58:57] [Client thread/INFO]: Injecting ons0dpacketcollectitem[x1] in func_148833_a in S0DPacketCollectItem
[21:58:57] [Client thread/INFO]: PacketTransformer: Running transformer net.eq2online.macros.transformers.CollectionPacketTransformer for ij
[21:58:57] [Client thread/INFO]: Injecting ons0bpacketanimation[x1] in func_148833_a in S0BPacketAnimation
[21:58:57] [Client thread/INFO]: Injecting ons1bpacketentityattach[x1] in func_148833_a in S1BPacketEntityAttach
[21:59:00] [Client thread/INFO]: Injecting onc07packetplayerdigging[x1] in func_148833_a in C07PacketPlayerDigging
[21:59:06] [Client thread/INFO]: Injecting ons07packetrespawn[x1] in func_148833_a in S07PacketRespawn
[21:59:06] [Client thread/INFO]: Injecting ons06packetupdatehealth[x1] in func_148833_a in S06PacketUpdateHealth
[21:59:06] [Client thread/INFO]: Injecting ons2dpacketopenwindow[x1] in func_148833_a in S2DPacketOpenWindow
[21:59:06] [Client thread/INFO]: Injecting ons39packetplayerabilities[x1] in func_148833_a in S39PacketPlayerAbilities
[21:59:06] [Client thread/INFO]: Injecting ons13packetdestroyentities[x1] in func_148833_a in S13PacketDestroyEntities
[21:59:06] [Client thread/INFO]: Injecting ons26packetmapchunkbulk[x1] in func_148833_a in S26PacketMapChunkBulk
[21:59:06] [Client thread/INFO]: Injecting ons2fpacketsetslot[x1] in func_148833_a in S2FPacketSetSlot
[21:59:06] [Client thread/INFO]: Injecting ons31packetwindowproperty[x1] in func_148833_a in S31PacketWindowProperty
[21:59:06] [Client thread/INFO]: Injecting ons30packetwindowitems[x1] in func_148833_a in S30PacketWindowItems
[21:59:06] [Client thread/INFO]: Injecting ons3fpacketcustompayload[x1] in func_148833_a in S3FPacketCustomPayload
[21:59:06] [Client thread/INFO]: Injecting ons0apacketusebed[x1] in func_148833_a in S0APacketUseBed
[21:59:06] [Client thread/INFO]: Injecting ons36packetsigneditoropen[x1] in func_148833_a in S36PacketSignEditorOpen
[21:59:06] [Client thread/INFO]: Injecting ons1dpacketentityeffect[x1] in func_148833_a in S1DPacketEntityEffect
[21:59:06] [Client thread/INFO]: Injecting ons1epacketremoveentityeffect[x1] in func_148833_a in S1EPacketRemoveEntityEffect
[21:59:06] [Client thread/INFO]: Injecting ons2epacketclosewindow[x1] in func_148833_a in S2EPacketCloseWindow
[21:59:08] [Client thread/INFO]: Injecting ons18packetentityteleport[x1] in func_148833_a in S18PacketEntityTeleport
[21:59:10] [Client thread/INFO]: Injecting ons12packetentityvelocity[x1] in func_148833_a in S12PacketEntityVelocity
[21:59:32] [Client thread/INFO]: Injecting onc02packetuseentity[x1] in func_148833_a in C02PacketUseEntity
[21:59:32] [Client thread/INFO]: Injecting onc10packetcreativeinventoryaction[x1] in func_148833_a in C10PacketCreativeInventoryAction
[21:59:32] [Client thread/INFO]: Injecting onc09packethelditemchange[x1] in func_148833_a in C09PacketHeldItemChange
[21:59:32] [Client thread/INFO]: Injecting onc11packetenchantitem[x1] in func_148833_a in C11PacketEnchantItem
[21:59:32] [Client thread/INFO]: Injecting onc0epacketclickwindow[x1] in func_148833_a in C0EPacketClickWindow
[21:59:41] [Client thread/INFO]: JInput Component Registry is initialising...
[21:59:41] [Client thread/INFO]: Inspecting Keyboard controller HID Keyboard Device on Unknown...
[21:59:41] [Client thread/INFO]: Inspecting Keyboard controller HID Keyboard Device on Unknown...
[21:59:41] [Client thread/INFO]: Inspecting Mouse controller HID-compliant mouse on Unknown...
[21:59:41] [Client thread/INFO]: Inspecting Mouse controller HID-compliant mouse on Unknown...
[21:59:41] [Client thread/INFO]: Inspecting Unknown controller USB Laser Game Mouse on Unknown...
[21:59:41] [Client thread/INFO]: Inspecting Unknown controller USB Laser Game Mouse on Unknown...
[21:59:41] [Client thread/INFO]: Inspecting Unknown controller USB Receiver on Unknown...
[21:59:41] [Client thread/INFO]: Inspecting Unknown controller USB Receiver on Unknown...
[21:59:41] [Client thread/INFO]: Inspecting Unknown controller USB Receiver on Unknown...
[21:59:41] [Client thread/INFO]: Inspecting Unknown controller USB Receiver on Unknown...
[21:59:41] [Client thread/INFO]: Inspecting Unknown controller USB Receiver on Unknown...
[21:59:41] [Client thread/INFO]: Inspecting Unknown controller USB Receiver on Unknown...
[21:59:41] [Client thread/INFO]: Inspecting Unknown controller Sound Blaster EVO Wireless on Unknown...
[21:59:41] [Client thread/INFO]: Inspecting Unknown controller Sound Blaster EVO Wireless on Unknown...
[21:59:41] [Client thread/INFO]: JInput Component Registry initialised, found 14 controller(s) 343 component(s)
[21:59:41] [Client thread/INFO]: Injecting onc17packetcustompayload[x1] in func_148833_a in C17PacketCustomPayload
[21:59:41] [Client thread/INFO]: LiteLoader begin INIT...
[21:59:41] [Client thread/INFO]: Baking listener list for CoreProvider with 2 listeners
[21:59:41] [Client thread/INFO]: Injecting external mods into class path...
[21:59:41] [Client thread/INFO]: Successfully injected mod file 'C:\Users\Matt Hermes\Desktop\Ozone-Modified\instances\1.7.10\minecraft\mods\Gammabright v3.2.1 [MC 1.7.10].litemod' into classpath
[21:59:41] [Client thread/INFO]: Successfully injected mod file 'C:\Users\Matt Hermes\Desktop\Ozone-Modified\instances\1.7.10\minecraft\mods\MouseTweaks-2.4.4-mc1.7.10.jar' into classpath
[21:59:41] [Client thread/INFO]: Injecting external mods into class path...
[21:59:41] [Client thread/INFO]: Discovering mods on class path...
[21:59:41] [Client thread/INFO]: Searching C:\Users\Matt Hermes\Desktop\Ozone-Modified\jars\NewLaunch.jar...
[21:59:41] [Client thread/INFO]: Discovering mods in valid mod files...
[21:59:41] [Client thread/INFO]: Searching C:\Users\Matt Hermes\Desktop\Ozone-Modified\instances\1.7.10\minecraft\mods\Gammabright v3.2.1 [MC 1.7.10].litemod...
[21:59:41] [Client thread/INFO]: Found 1 potential matches
[21:59:41] [Client thread/INFO]: Searching C:\Users\Matt Hermes\Desktop\Ozone-Modified\instances\1.7.10\minecraft\mods\mod_macros_0.10.12_for_1.7.10.litemod...
[21:59:41] [Client thread/INFO]: Found 1 potential matches
[21:59:41] [Client thread/INFO]: Searching C:\Users\Matt Hermes\Desktop\Ozone-Modified\instances\1.7.10\minecraft\mods\mod_uyjulianXrayMod_d6c940d3b58edb51fc42f507dbe09eae798418d1_mc1.7.10.litemod...
[21:59:41] [Client thread/INFO]: Found 1 potential matches
[21:59:41] [Client thread/INFO]: Searching C:\Users\Matt Hermes\Desktop\Ozone-Modified\instances\1.7.10\minecraft\mods\mod_betterClouds-1.0.1_for_1.7.10.litemod...
[21:59:41] [Client thread/INFO]: Found 1 potential matches
[21:59:41] [Client thread/INFO]: Searching C:\Users\Matt Hermes\Desktop\Ozone-Modified\instances\1.7.10\minecraft\mods\MouseTweaks-2.4.4-mc1.7.10.jar...
[21:59:41] [Client thread/INFO]: Found 1 potential matches
[21:59:41] [Client thread/INFO]: Discovering mods in valid mod files...
[21:59:41] [Client thread/INFO]: Mod class discovery completed
[21:59:41] [Client thread/INFO]: LiteLoader begin POSTINIT...
[21:59:41] [Client thread/INFO]: Inhibiting sound handler reload
[21:59:41] [Client thread/INFO]: Registering interface provider com.mumfrey.liteloader.client.ClientEvents for API LiteLoader core API
[21:59:41] [Client thread/INFO]: Injecting onc01packetchatmessage[x1] in func_148833_a in C01PacketChatMessage
[21:59:41] [Client thread/INFO]: Registering interface provider com.mumfrey.liteloader.client.PacketEventsClient for API LiteLoader core API
[21:59:41] [Client thread/INFO]: Injecting ons02packetloginsuccess[x1] in func_148833_a in S02PacketLoginSuccess
[21:59:41] [Client thread/INFO]: Injecting ons01packetjoingame[x1] in func_148833_a in S01PacketJoinGame
[21:59:41] [Client thread/INFO]: Registering interface provider com.mumfrey.liteloader.client.ClientPluginChannelsClient for API LiteLoader core API
[21:59:41] [Client thread/INFO]: Registering interface provider com.mumfrey.liteloader.core.ServerPluginChannels for API LiteLoader core API
[21:59:41] [Client thread/INFO]: Registering interface provider com.mumfrey.liteloader.messaging.MessageBus for API LiteLoader core API
[21:59:41] [Client thread/INFO]: Discovered 5 total mod(s), injected 0 tweak(s)
[21:59:41] [Client thread/INFO]: Loading mod from com.kymaster.gammabright.LiteModGammabright
[21:59:41] [Client thread/INFO]: Baking listener list for ModLoadObserver with 0 listeners
[21:59:41] [Client thread/INFO]: Successfully added mod Gammabright version 3.2.1
[21:59:41] [Client thread/INFO]: Adding "C:\Users\Matt Hermes\Desktop\Ozone-Modified\instances\1.7.10\minecraft\mods\Gammabright v3.2.1 [MC 1.7.10].litemod" to active resource pack set
[21:59:41] [Client thread/INFO]: Setting up "Gammabright v3.2.1 [MC 1.7.10].litemod" as mod resource pack with identifier "Gammabright"
[21:59:41] [Client thread/INFO]: Successfully added "C:\Users\Matt Hermes\Desktop\Ozone-Modified\instances\1.7.10\minecraft\mods\Gammabright v3.2.1 [MC 1.7.10].litemod" to active resource pack set
[21:59:41] [Client thread/INFO]: Loading mod from net.eq2online.macros.LiteModMacros
[21:59:41] [Client thread/INFO]: Successfully added mod Macro / Keybind Mod version 0.10.12
[21:59:41] [Client thread/INFO]: Adding "C:\Users\Matt Hermes\Desktop\Ozone-Modified\instances\1.7.10\minecraft\mods\mod_macros_0.10.12_for_1.7.10.litemod" to active resource pack set
[21:59:41] [Client thread/INFO]: Setting up "mod_macros_0.10.12_for_1.7.10.litemod" as mod resource pack with identifier "Macro / Keybind Mod"
[21:59:41] [Client thread/INFO]: Successfully added "C:\Users\Matt Hermes\Desktop\Ozone-Modified\instances\1.7.10\minecraft\mods\mod_macros_0.10.12_for_1.7.10.litemod" to active resource pack set
[21:59:41] [Client thread/INFO]: Loading mod from com.uyjulian.minecraft.XrayMod.LiteModUyjuliansXrayMod
[21:59:41] [Client thread/INFO]: Successfully added mod Uyjulian's X-ray Mod version 9
[21:59:41] [Client thread/INFO]: Adding "C:\Users\Matt Hermes\Desktop\Ozone-Modified\instances\1.7.10\minecraft\mods\mod_uyjulianXrayMod_d6c940d3b58edb51fc42f507dbe09eae798418d1_mc1.7.10.litemod" to active resource pack set
[21:59:41] [Client thread/INFO]: Setting up "mod_uyjulianXrayMod_d6c940d3b58edb51fc42f507dbe09eae798418d1_mc1.7.10.litemod" as mod resource pack with identifier "Uyjulian's X-ray Mod"
[21:59:41] [Client thread/INFO]: Successfully added "C:\Users\Matt Hermes\Desktop\Ozone-Modified\instances\1.7.10\minecraft\mods\mod_uyjulianXrayMod_d6c940d3b58edb51fc42f507dbe09eae798418d1_mc1.7.10.litemod" to active resource pack set
[21:59:41] [Client thread/INFO]: Loading mod from com.mamiyaotaru.betterclouds.LiteModBetterClouds
[21:59:41] [Client thread/INFO]: Successfully added mod BetterClouds version 1.0.1
[21:59:41] [Client thread/INFO]: Adding "C:\Users\Matt Hermes\Desktop\Ozone-Modified\instances\1.7.10\minecraft\mods\mod_betterClouds-1.0.1_for_1.7.10.litemod" to active resource pack set
[21:59:41] [Client thread/INFO]: Setting up "mod_betterClouds-1.0.1_for_1.7.10.litemod" as mod resource pack with identifier "BetterClouds"
[21:59:41] [Client thread/INFO]: Successfully added "C:\Users\Matt Hermes\Desktop\Ozone-Modified\instances\1.7.10\minecraft\mods\mod_betterClouds-1.0.1_for_1.7.10.litemod" to active resource pack set
[21:59:41] [Client thread/INFO]: Loading mod from yalter.mousetweaks.loaders.LiteModMouseTweaks
[21:59:41] [Client thread/INFO]: Successfully added mod Mouse Tweaks version 2.4.4
[21:59:41] [Client thread/INFO]: Adding "C:\Users\Matt Hermes\Desktop\Ozone-Modified\instances\1.7.10\minecraft\mods\MouseTweaks-2.4.4-mc1.7.10.jar" to active resource pack set
[21:59:41] [Client thread/INFO]: Setting up "MouseTweaks-2.4.4-mc1.7.10.jar" as mod resource pack with identifier "Mouse Tweaks"
[21:59:41] [Client thread/INFO]: Successfully added "C:\Users\Matt Hermes\Desktop\Ozone-Modified\instances\1.7.10\minecraft\mods\MouseTweaks-2.4.4-mc1.7.10.jar" to active resource pack set
[21:59:41] [Client thread/INFO]: Initialising mod Gammabright version 3.2.1
[21:59:42] [Client thread/INFO]: Initialising mod Macro / Keybind Mod version 0.10.12
[21:59:42] [Client thread/INFO]: Loading macro templates...
[21:59:42] [Client thread/INFO]: Using config dir /liteconfig/common/macros/
[21:59:43] [Client thread/INFO]: Script engine initialised, registered 114 script action(s)
[21:59:43] [Client thread/INFO]: Script engine initialised, registered 62 script action(s)
[21:59:43] [Client thread/INFO]: Loading chat filter templates...
[21:59:43] [Client thread/INFO]: Initialising mod Uyjulian's X-ray Mod version 9
[21:59:43] [Client thread/INFO]: Initialising mod BetterClouds version 1.0.1
[21:59:43] [Client thread/INFO]: Initialising mod Mouse Tweaks version 2.4.4
[21:59:43] [Client thread/INFO]: Baking listener list for InterfaceObserver with 0 listeners
[21:59:51] [Client thread/INFO]: Injecting ons00packetkeepalive[x1] in func_148833_a in S00PacketKeepAlive
[21:59:51] [Client thread/INFO]: Injecting ons05packetspawnposition[x1] in func_148833_a in S05PacketSpawnPosition
[21:59:51] [Client thread/INFO]: Injecting ons08packetplayerposlook[x1] in func_148833_a in S08PacketPlayerPosLook
[21:59:51] [Client thread/INFO]: Injecting ons09packethelditemchange[x1] in func_148833_a in S09PacketHeldItemChange
[21:59:51] [Client thread/INFO]: Injecting ons0cpacketspawnplayer[x1] in func_148833_a in S0CPacketSpawnPlayer
[21:59:51] [Client thread/INFO]: Injecting ons0epacketspawnobject[x1] in func_148833_a in S0EPacketSpawnObject
[21:59:51] [Client thread/INFO]: Injecting ons0fpacketspawnmob[x1] in func_148833_a in S0FPacketSpawnMob
[21:59:51] [Client thread/INFO]: Injecting ons10packetspawnpainting[x1] in func_148833_a in S10PacketSpawnPainting
[21:59:51] [Client thread/INFO]: Injecting ons11packetspawnexperienceorb[x1] in func_148833_a in S11PacketSpawnExperienceOrb
[21:59:51] [Client thread/INFO]: Injecting ons14packetentity[x1] in func_148833_a in S14PacketEntity
[21:59:51] [Client thread/INFO]: Injecting ons15packetentityrelmove[x1] in func_148833_a in S14PacketEntity$S15PacketEntityRelMove
[21:59:51] [Client thread/INFO]: Injecting ons16packetentitylook[x1] in func_148833_a in S14PacketEntity$S16PacketEntityLook
[21:59:51] [Client thread/INFO]: Injecting ons17packetentitylookmove[x1] in func_148833_a in S14PacketEntity$S17PacketEntityLookMove
[21:59:51] [Client thread/INFO]: Injecting ons19packetentityheadlook[x1] in func_148833_a in S19PacketEntityHeadLook
[21:59:51] [Client thread/INFO]: Injecting ons1cpacketentitymetadata[x1] in func_148833_a in S1CPacketEntityMetadata
[21:59:51] [Client thread/INFO]: Injecting ons20packetentityproperties[x1] in func_148833_a in S20PacketEntityProperties
[21:59:51] [Client thread/INFO]: Injecting ons22packetmultiblockchange[x1] in func_148833_a in S22PacketMultiBlockChange
[21:59:51] [Client thread/INFO]: Injecting ons25packetblockbreakanim[x1] in func_148833_a in S25PacketBlockBreakAnim
[21:59:51] [Client thread/INFO]: Injecting ons28packeteffect[x1] in func_148833_a in S28PacketEffect
[21:59:51] [Client thread/INFO]: Injecting ons29packetsoundeffect[x1] in func_148833_a in S29PacketSoundEffect
[21:59:51] [Client thread/INFO]: Injecting ons32packetconfirmtransaction[x1] in func_148833_a in S32PacketConfirmTransaction
[21:59:51] [Client thread/INFO]: Injecting ons33packetupdatesign[x1] in func_148833_a in S33PacketUpdateSign
[21:59:51] [Client thread/INFO]: Injecting ons37packetstatistics[x1] in func_148833_a in S37PacketStatistics
[21:59:51] [Client thread/INFO]: Injecting ons38packetplayerlistitem[x1] in func_148833_a in S38PacketPlayerListItem
[21:59:51] [Client thread/INFO]: Injecting ons3apackettabcomplete[x1] in func_148833_a in S3APacketTabComplete
[21:59:51] [Client thread/INFO]: Injecting ons3bpacketscoreboardobjective[x1] in func_148833_a in S3BPacketScoreboardObjective
[21:59:51] [Client thread/INFO]: Injecting ons3cpacketupdatescore[x1] in func_148833_a in S3CPacketUpdateScore
[21:59:51] [Client thread/INFO]: Injecting ons3dpacketdisplayscoreboard[x1] in func_148833_a in S3DPacketDisplayScoreboard
[21:59:51] [Client thread/INFO]: Injecting ons3epacketteams[x1] in func_148833_a in S3EPacketTeams
[21:59:51] [Client thread/INFO]: Injecting ons40packetdisconnect[x1] in func_148833_a in S40PacketDisconnect
[21:59:51] [Client thread/INFO]: Injecting onc00packetkeepalive[x1] in func_148833_a in C00PacketKeepAlive
[21:59:51] [Client thread/INFO]: Injecting onc03packetplayer[x1] in func_148833_a in C03PacketPlayer
[21:59:51] [Client thread/INFO]: Injecting onc04packetplayerposition[x1] in func_148833_a in C03PacketPlayer$C04PacketPlayerPosition
[21:59:51] [Client thread/INFO]: Injecting onc05packetplayerlook[x1] in func_148833_a in C03PacketPlayer$C05PacketPlayerLook
[21:59:51] [Client thread/INFO]: Injecting onc06packetplayerposlook[x1] in func_148833_a in C03PacketPlayer$C06PacketPlayerPosLook
[21:59:51] [Client thread/INFO]: Injecting onc0apacketanimation[x1] in func_148833_a in C0APacketAnimation
[21:59:51] [Client thread/INFO]: Injecting onc0bpacketentityaction[x1] in func_148833_a in C0BPacketEntityAction
[21:59:51] [Client thread/INFO]: Injecting onc0cpacketinput[x1] in func_148833_a in C0CPacketInput
[21:59:51] [Client thread/INFO]: Injecting onc0fpacketconfirmtransaction[x1] in func_148833_a in C0FPacketConfirmTransaction
[21:59:51] [Client thread/INFO]: Injecting onc12packetupdatesign[x1] in func_148833_a in C12PacketUpdateSign
[21:59:51] [Client thread/INFO]: Injecting onc13packetplayerabilities[x1] in func_148833_a in C13PacketPlayerAbilities
[21:59:51] [Client thread/INFO]: Injecting onc14packettabcomplete[x1] in func_148833_a in C14PacketTabComplete
[21:59:51] [Client thread/INFO]: Injecting ons00packetserverinfo[x1] in func_148833_a in S00PacketServerInfo
[21:59:51] [Client thread/INFO]: Injecting ons01packetpong[x1] in func_148833_a in S01PacketPong
[21:59:51] [Client thread/INFO]: Injecting ons00packetdisconnect[x1] in func_148833_a in S00PacketDisconnect
[21:59:51] [Client thread/INFO]: Injecting ons01packetencryptionrequest[x1] in func_148833_a in S01PacketEncryptionRequest
[21:59:51] [Client thread/INFO]: Injecting onc01packetencryptionresponse[x1] in func_148833_a in C01PacketEncryptionResponse
[22:00:59] [Client thread/INFO]: Calling late init for mod Macro / Keybind Mod
[22:01:00] [Client thread/INFO]: Calling late init for mod Uyjulian's X-ray Mod
[22:01:00] [Client thread/INFO]: Calling late init for mod BetterClouds
[22:01:00] [Client thread/INFO]: Baking listener list for ViewportListener with 1 listeners
[22:01:00] [Client thread/INFO]: Sound handler reload inhibit removed
[22:01:00] [Client thread/INFO]: Reloading sound handler
[22:01:01] [Client thread/INFO]: Baking listener list for GameLoopListener with 1 listeners
[22:01:01] [Client thread/INFO]: Baking listener list for RenderListener with 2 listeners
[22:01:01] [Client thread/INFO]: Generating new Event Handler Proxy Class com.mumfrey.liteloader.core.event.EventProxy$2
[22:01:01] [Client thread/INFO]: Successfully generated event handler proxy class with 105 handlers(s) and 105 total invokations
[22:01:01] [Client thread/INFO]: Baking listener list for TickObserver with 3 listeners
[22:01:01] [Client thread/INFO]: Baking listener list for PostRenderObserver with 3 listeners
[22:01:01] [Client thread/INFO]: Baking listener list for Tickable with 4 listeners
[22:01:01] [Client thread/INFO]: JInput Component Registry is initialising...
[22:01:01] [Client thread/INFO]: Inspecting Keyboard controller HID Keyboard Device on Unknown...
[22:01:01] [Client thread/INFO]: Inspecting Keyboard controller HID Keyboard Device on Unknown...
[22:01:01] [Client thread/INFO]: Inspecting Mouse controller HID-compliant mouse on Unknown...
[22:01:01] [Client thread/INFO]: Inspecting Mouse controller HID-compliant mouse on Unknown...
[22:01:01] [Client thread/INFO]: Inspecting Unknown controller USB Laser Game Mouse on Unknown...
[22:01:01] [Client thread/INFO]: Inspecting Unknown controller USB Laser Game Mouse on Unknown...
[22:01:01] [Client thread/INFO]: Inspecting Unknown controller USB Receiver on Unknown...
[22:01:01] [Client thread/INFO]: Inspecting Unknown controller USB Receiver on Unknown...
[22:01:01] [Client thread/INFO]: Inspecting Unknown controller USB Receiver on Unknown...
[22:01:01] [Client thread/INFO]: Inspecting Unknown controller USB Receiver on Unknown...
[22:01:01] [Client thread/INFO]: Inspecting Unknown controller USB Receiver on Unknown...
[22:01:01] [Client thread/INFO]: Inspecting Unknown controller USB Receiver on Unknown...
[22:01:01] [Client thread/INFO]: Inspecting Unknown controller Sound Blaster EVO Wireless on Unknown...
[22:01:01] [Client thread/INFO]: Inspecting Unknown controller Sound Blaster EVO Wireless on Unknown...
[22:01:01] [Client thread/INFO]: JInput Component Registry initialised, found 14 controller(s) 343 component(s)
[22:01:01] [Client thread/INFO]: Hooking jinput:mouse/HID-compliant mouse/Unknown/0/3/1 as ID 253 via JInput
[22:01:01] [Client thread/INFO]: Hooking jinput:mouse/HID-compliant mouse/Unknown/0/3/0 as ID 253 via JInput
[22:01:01] [Client thread/INFO]: Hooking jinput:mouse/HID-compliant mouse/Unknown/0/4/1 as ID 254 via JInput
[22:01:01] [Client thread/INFO]: Hooking jinput:mouse/HID-compliant mouse/Unknown/0/4/0 as ID 254 via JInput
[22:01:01] [Client thread/INFO]: Baking listener list for WorldObserver with 2 listeners
[22:01:01] [Client thread/INFO]: Baking listener list for FrameBufferListener with 0 listeners
[22:08:28] [Client thread/INFO]: Baking listener list for ServerCommandProvider with 0 listeners
[22:08:44] [Netty Client IO #0/INFO]: Baking listener list for PostLoginListener with 0 listeners
[22:08:44] [Server thread/INFO]: Baking listener list for ServerPlayerListener with 0 listeners
[22:08:44] [Client thread/INFO]: Baking listener list for PreJoinGameListener with 0 listeners
[22:08:46] [Client thread/INFO]: Baking listener list for JoinGameListener with 1 listeners
[22:08:46] [Client thread/INFO]: Forge ClientCommandHandler was found, outbound commands will be processed by Forge
[22:08:46] [Client thread/INFO]: Baking listener list for ChatListener with 1 listeners
[22:08:58] [Client thread/INFO]: Baking listener list for PostRenderListener with 0 listeners
[22:08:58] [Client thread/INFO]: Baking listener list for HUDRenderListener with 0 listeners
[22:08:59] [Client thread/INFO]: Forge ClientCommandHandler was found, outbound commands will be processed by Forge
[22:36:03] [Client thread/INFO]: [LOG] [Macro] Autouse Started.
[22:40:04] [Client thread/INFO]: [LOG] [Macro] Autouse Stopped.
[22:40:18] [Client thread/INFO]: [LOG] [Macro] Autouse Started.
[22:52:27] [Client thread/INFO]: [LOG] [Macro] Autouse Stopped.
[23:03:47] [Client thread/INFO]: Baking listener list for OutboundChatFilter with 1 listeners
[23:03:47] [Server thread/INFO]: Baking listener list for ServerChatFilter with 0 listeners
[23:17:30] [Client thread/INFO]: LiteLoader is shutting down, shutting down core providers and syncing configuration
[23:17:30] [Client thread/INFO]: Baking listener list for ShutdownObserver with 2 listeners
